[ 2013-02-05T15:48:05+08:00 ] 127.0.0.1 /sp/index.php/Index/sql
INFO: [ route_check ] --START--
INFO: Run CheckRoute Behavior [ RunTime:0.032156s ]
INFO: [ route_check ] --END-- [ RunTime:0.032296s ]
INFO: [ app_begin ] --START--
INFO: Run ReadHtmlCache Behavior [ RunTime:0.016302s ]
INFO: [ app_begin ] --END-- [ RunTime:0.016483s ]

[ 2013-02-05T15:48:07+08:00 ] 127.0.0.1 /sp/index.php/Index/
INFO: [ route_check ] --START--
INFO: Run CheckRoute Behavior [ RunTime:0.001234s ]
INFO: [ route_check ] --END-- [ RunTime:0.001349s ]
INFO: [ app_begin ] --START--
INFO: Run ReadHtmlCache Behavior [ RunTime:0.001678s ]
INFO: [ app_begin ] --END-- [ RunTime:0.001771s ]
NOTIC: [8] Use of undefined constant __NAMESPACE__ - assumed '__NAMESPACE__' D:\AppServ\www\SP\Lib\Action\Home\IndexAction.class.php 第 28 行.
NOTIC: [2] Wrong parameter count for ini_get() D:\AppServ\www\SP\Lib\Action\Home\IndexAction.class.php 第 32 行.

[ 2013-02-05T15:48:36+08:00 ] 127.0.0.1 /sp/index.php/Index/
INFO: [ route_check ] --START--
INFO: Run CheckRoute Behavior [ RunTime:0.006505s ]
INFO: [ route_check ] --END-- [ RunTime:0.006651s ]
INFO: [ app_begin ] --START--
INFO: Run ReadHtmlCache Behavior [ RunTime:0.005444s ]
INFO: [ app_begin ] --END-- [ RunTime:0.005577s ]
NOTIC: [8] Use of undefined constant __NAMESPACE__ - assumed '__NAMESPACE__' D:\AppServ\www\SP\Lib\Action\Home\IndexAction.class.php 第 28 行.
NOTIC: [2] Wrong parameter count for ini_get() D:\AppServ\www\SP\Lib\Action\Home\IndexAction.class.php 第 33 行.

[ 2013-02-05T15:48:37+08:00 ] 127.0.0.1 /sp/index.php/Index/
INFO: [ route_check ] --START--
INFO: Run CheckRoute Behavior [ RunTime:0.006408s ]
INFO: [ route_check ] --END-- [ RunTime:0.006556s ]
INFO: [ app_begin ] --START--
INFO: Run ReadHtmlCache Behavior [ RunTime:0.005776s ]
INFO: [ app_begin ] --END-- [ RunTime:0.005932s ]
NOTIC: [8] Use of undefined constant __NAMESPACE__ - assumed '__NAMESPACE__' D:\AppServ\www\SP\Lib\Action\Home\IndexAction.class.php 第 28 行.
NOTIC: [2] Wrong parameter count for ini_get() D:\AppServ\www\SP\Lib\Action\Home\IndexAction.class.php 第 33 行.

[ 2013-02-05T15:48:37+08:00 ] 127.0.0.1 /sp/index.php/Index/
INFO: [ route_check ] --START--
INFO: Run CheckRoute Behavior [ RunTime:0.001276s ]
INFO: [ route_check ] --END-- [ RunTime:0.001400s ]
INFO: [ app_begin ] --START--
INFO: Run ReadHtmlCache Behavior [ RunTime:0.001785s ]
INFO: [ app_begin ] --END-- [ RunTime:0.001897s ]
NOTIC: [8] Use of undefined constant __NAMESPACE__ - assumed '__NAMESPACE__' D:\AppServ\www\SP\Lib\Action\Home\IndexAction.class.php 第 28 行.
NOTIC: [2] Wrong parameter count for ini_get() D:\AppServ\www\SP\Lib\Action\Home\IndexAction.class.php 第 33 行.

[ 2013-02-05T15:49:04+08:00 ] 127.0.0.1 /sp/index.php/Index/
INFO: [ route_check ] --START--
INFO: Run CheckRoute Behavior [ RunTime:0.001479s ]
INFO: [ route_check ] --END-- [ RunTime:0.001593s ]
INFO: [ app_begin ] --START--
INFO: Run ReadHtmlCache Behavior [ RunTime:0.001834s ]
INFO: [ app_begin ] --END-- [ RunTime:0.001979s ]
NOTIC: [8] Use of undefined constant __NAMESPACE__ - assumed '__NAMESPACE__' D:\AppServ\www\SP\Lib\Action\Home\IndexAction.class.php 第 28 行.
NOTIC: [2] Wrong parameter count for ini_get() D:\AppServ\www\SP\Lib\Action\Home\IndexAction.class.php 第 33 行.

[ 2013-02-05T15:50:27+08:00 ] 127.0.0.1 /sp/index.php/Index/
INFO: [ route_check ] --START--
INFO: Run CheckRoute Behavior [ RunTime:0.001469s ]
INFO: [ route_check ] --END-- [ RunTime:0.001580s ]
INFO: [ app_begin ] --START--
INFO: Run ReadHtmlCache Behavior [ RunTime:0.001747s ]
INFO: [ app_begin ] --END-- [ RunTime:0.001841s ]
NOTIC: [8] Use of undefined constant __NAMESPACE__ - assumed '__NAMESPACE__' D:\AppServ\www\SP\Lib\Action\Home\IndexAction.class.php 第 28 行.
NOTIC: [2] Wrong parameter count for ini_get() D:\AppServ\www\SP\Lib\Action\Home\IndexAction.class.php 第 33 行.

[ 2013-02-05T15:50:28+08:00 ] 127.0.0.1 /sp/index.php/Index/
INFO: [ route_check ] --START--
INFO: Run CheckRoute Behavior [ RunTime:0.001212s ]
INFO: [ route_check ] --END-- [ RunTime:0.001381s ]
INFO: [ app_begin ] --START--
INFO: Run ReadHtmlCache Behavior [ RunTime:0.001428s ]
INFO: [ app_begin ] --END-- [ RunTime:0.001522s ]
NOTIC: [8] Use of undefined constant __NAMESPACE__ - assumed '__NAMESPACE__' D:\AppServ\www\SP\Lib\Action\Home\IndexAction.class.php 第 28 行.
NOTIC: [2] Wrong parameter count for ini_get() D:\AppServ\www\SP\Lib\Action\Home\IndexAction.class.php 第 33 行.

[ 2013-02-05T15:50:32+08:00 ] 127.0.0.1 /sp/index.php/Index/
INFO: [ route_check ] --START--
INFO: Run CheckRoute Behavior [ RunTime:0.001222s ]
INFO: [ route_check ] --END-- [ RunTime:0.001336s ]
INFO: [ app_begin ] --START--
INFO: Run ReadHtmlCache Behavior [ RunTime:0.001564s ]
INFO: [ app_begin ] --END-- [ RunTime:0.001674s ]
NOTIC: [8] Use of undefined constant __NAMESPACE__ - assumed '__NAMESPACE__' D:\AppServ\www\SP\Lib\Action\Home\IndexAction.class.php 第 28 行.
NOTIC: [2] Wrong parameter count for ini_get() D:\AppServ\www\SP\Lib\Action\Home\IndexAction.class.php 第 33 行.

[ 2013-02-05T15:51:06+08:00 ] 127.0.0.1 /sp/index.php/Index/
INFO: [ route_check ] --START--
INFO: Run CheckRoute Behavior [ RunTime:0.001255s ]
INFO: [ route_check ] --END-- [ RunTime:0.001379s ]
INFO: [ app_begin ] --START--
INFO: Run ReadHtmlCache Behavior [ RunTime:0.001447s ]
INFO: [ app_begin ] --END-- [ RunTime:0.001550s ]
NOTIC: [8] Use of undefined constant __NAMESPACE__ - assumed '__NAMESPACE__' D:\AppServ\www\SP\Lib\Action\Home\IndexAction.class.php 第 28 行.
NOTIC: [2] Wrong parameter count for ini_get() D:\AppServ\www\SP\Lib\Action\Home\IndexAction.class.php 第 34 行.

[ 2013-02-05T15:51:10+08:00 ] 127.0.0.1 /sp/index.php/Index/
INFO: [ route_check ] --START--
INFO: Run CheckRoute Behavior [ RunTime:0.001388s ]
INFO: [ route_check ] --END-- [ RunTime:0.001516s ]
INFO: [ app_begin ] --START--
INFO: Run ReadHtmlCache Behavior [ RunTime:0.001702s ]
INFO: [ app_begin ] --END-- [ RunTime:0.001832s ]
NOTIC: [8] Use of undefined constant __NAMESPACE__ - assumed '__NAMESPACE__' D:\AppServ\www\SP\Lib\Action\Home\IndexAction.class.php 第 28 行.
NOTIC: [2] Wrong parameter count for ini_get() D:\AppServ\www\SP\Lib\Action\Home\IndexAction.class.php 第 34 行.

[ 2013-02-05T16:59:25+08:00 ] 127.0.0.1 /sp/index.php/Index/
INFO: [ route_check ] --START--
INFO: Run CheckRoute Behavior [ RunTime:0.015979s ]
INFO: [ route_check ] --END-- [ RunTime:0.016116s ]
INFO: [ app_begin ] --START--
INFO: Run ReadHtmlCache Behavior [ RunTime:0.007192s ]
INFO: [ app_begin ] --END-- [ RunTime:0.007336s ]
NOTIC: [8] Use of undefined constant __NAMESPACE__ - assumed '__NAMESPACE__' D:\AppServ\www\SP\Lib\Action\Home\IndexAction.class.php 第 28 行.
NOTIC: [2] Wrong parameter count for ini_get() D:\AppServ\www\SP\Lib\Action\Home\IndexAction.class.php 第 36 行.

[ 2013-02-05T17:50:11+08:00 ] 127.0.0.1 /sp/index.php/Index/
INFO: [ route_check ] --START--
INFO: Run CheckRoute Behavior [ RunTime:0.015633s ]
INFO: [ route_check ] --END-- [ RunTime:0.015782s ]
INFO: [ app_begin ] --START--
INFO: Run ReadHtmlCache Behavior [ RunTime:0.007362s ]
INFO: [ app_begin ] --END-- [ RunTime:0.007492s ]
NOTIC: [8] Use of undefined constant __NAMESPACE__ - assumed '__NAMESPACE__' D:\AppServ\www\SP\Lib\Action\Home\IndexAction.class.php 第 28 行.
NOTIC: [2] Wrong parameter count for ini_get() D:\AppServ\www\SP\Lib\Action\Home\IndexAction.class.php 第 38 行.

[ 2013-02-05T17:50:37+08:00 ] 127.0.0.1 /sp/index.php/Index/
INFO: [ route_check ] --START--
INFO: Run CheckRoute Behavior [ RunTime:0.001991s ]
INFO: [ route_check ] --END-- [ RunTime:0.002944s ]
INFO: [ app_begin ] --START--
INFO: Run ReadHtmlCache Behavior [ RunTime:0.001692s ]
INFO: [ app_begin ] --END-- [ RunTime:0.001789s ]
NOTIC: [8] Use of undefined constant __NAMESPACE__ - assumed '__NAMESPACE__' D:\AppServ\www\SP\Lib\Action\Home\IndexAction.class.php 第 28 行.
NOTIC: [2] Wrong parameter count for ini_get() D:\AppServ\www\SP\Lib\Action\Home\IndexAction.class.php 第 39 行.

