[ 2013-04-22T23:42:20+08:00 ] 127.0.0.1 /sp/index.php?g=Admin&m=Goods&a=goodsManage
INFO: [ app_begin ] --START--
INFO: Run ReadHtmlCache Behavior [ RunTime:0.002609s ]
INFO: [ app_begin ] --END-- [ RunTime:0.002920s ]
NOTIC: [2] in_array() expects parameter 2 to be array, null given D:\AppServ\www\SP\Lib\Action\AdminCommonAction.class.php 第 10 行.
NOTIC: [8] Undefined index: url_rewrite D:\AppServ\www\SP\Lib\Action\AdminCommonAction.class.php 第 14 行.
SQL: SHOW COLUMNS FROM `sp_user_verified` [ RunTime:1.910694s ]
SQL: SELECT `uid`,`uname`,`status` FROM `sp_user_verified` WHERE ( uid='' ) LIMIT 1   [ RunTime:0.178975s ]
NOTIC: [2] is_array() expects exactly 1 parameter, 2 given D:\AppServ\www\SP\Lib\Action\AdminCommonAction.class.php 第 61 行.
INFO: [ view_template ] --START--
INFO: Run LocationTemplate Behavior [ RunTime:0.003778s ]
INFO: [ view_template ] --END-- [ RunTime:0.004060s ]
INFO: [ view_parse ] --START--
NOTIC: [8] Undefined variable: title D:\AppServ\www\SP\Runtime\Cache\Admin\96c0975288370493283430d2acb51399.php 第 5 行.
INFO: Run ParseTemplate Behavior [ RunTime:0.711120s ]
INFO: [ view_parse ] --END-- [ RunTime:0.711299s ]
INFO: [ view_filter ] --START--
INFO: Run ContentReplace Behavior [ RunTime:0.001129s ]
INFO: Run TokenBuild Behavior [ RunTime:0.001249s ]
INFO: Run WriteHtmlCache Behavior [ RunTime:0.000809s ]
INFO: Run ShowRuntime Behavior [ RunTime:0.001363s ]
INFO: [ view_filter ] --END-- [ RunTime:0.004912s ]
INFO: [ view_end ] --START--
INFO: Run ShowPageTrace Behavior [ RunTime:0.001712s ]
INFO: [ view_end ] --END-- [ RunTime:0.001850s ]

[ 2013-04-22T23:42:25+08:00 ] 127.0.0.1 /sp/index.php?g=Admin&m=GoodsVarietySet&a=showAll
INFO: [ app_begin ] --START--
INFO: Run ReadHtmlCache Behavior [ RunTime:0.000963s ]
INFO: [ app_begin ] --END-- [ RunTime:0.001058s ]
NOTIC: [2] in_array() expects parameter 2 to be array, null given D:\AppServ\www\SP\Lib\Action\AdminCommonAction.class.php 第 10 行.
NOTIC: [8] Undefined index: url_rewrite D:\AppServ\www\SP\Lib\Action\AdminCommonAction.class.php 第 14 行.
SQL: SHOW COLUMNS FROM `sp_user_verified` [ RunTime:0.010939s ]
SQL: SELECT `uid`,`uname`,`status` FROM `sp_user_verified` WHERE ( uid='' ) LIMIT 1   [ RunTime:0.000403s ]
NOTIC: [2] is_array() expects exactly 1 parameter, 2 given D:\AppServ\www\SP\Lib\Action\AdminCommonAction.class.php 第 61 行.
NOTIC: [2048] Declaration of GoodsVarietyModel::addAll() should be compatible with that of Model::addAll() D:\AppServ\www\SP\Lib\Model\GoodsVarietyModel.class.php 第 188 行.
SQL: SHOW COLUMNS FROM `sp_goods_variety` [ RunTime:0.116519s ]
NOTIC: [2048] Declaration of AssortmentModel::addAll() should be compatible with that of Model::addAll() D:\AppServ\www\SP\Lib\Model\AssortmentModel.class.php 第 178 行.
SQL: SHOW COLUMNS FROM `sp_assortment` [ RunTime:0.117344s ]
SQL: SELECT * FROM `sp_assortment` ORDER BY aid  [ RunTime:0.052630s ]
NOTIC: [8] Undefined index: style D:\AppServ\www\SP\Lib\Action\Admin\GoodsVarietySetAction.class.php 第 15 行.
NOTIC: [8] Undefined index: p D:\AppServ\www\SP\Lib\Action\Admin\GoodsVarietySetAction.class.php 第 24 行.
SQL: SELECT * FROM `sp_goods_variety` WHERE ( aid='1' ) ORDER BY vid LIMIT 0,5   [ RunTime:0.000785s ]
SQL: SELECT COUNT(*) AS tp_count FROM `sp_goods_variety` WHERE ( aid='1' ) LIMIT 1   [ RunTime:0.000569s ]
NOTIC: [8] Undefined variable: class D:\AppServ\www\SP\Lib\Action\Admin\GoodsVarietySetAction.class.php 第 47 行.
NOTIC: [8] Undefined variable: infor D:\AppServ\www\SP\Lib\Action\Admin\GoodsVarietySetAction.class.php 第 48 行.
INFO: [ view_template ] --START--
INFO: Run LocationTemplate Behavior [ RunTime:0.001387s ]
INFO: [ view_template ] --END-- [ RunTime:0.001480s ]
INFO: [ view_parse ] --START--
INFO: Run ParseTemplate Behavior [ RunTime:0.018706s ]
INFO: [ view_parse ] --END-- [ RunTime:0.018815s ]
INFO: [ view_filter ] --START--
INFO: Run ContentReplace Behavior [ RunTime:0.000739s ]
INFO: Run TokenBuild Behavior [ RunTime:0.000825s ]
INFO: Run WriteHtmlCache Behavior [ RunTime:0.000487s ]
INFO: Run ShowRuntime Behavior [ RunTime:0.000664s ]
INFO: [ view_filter ] --END-- [ RunTime:0.002908s ]
INFO: [ view_end ] --START--
INFO: Run ShowPageTrace Behavior [ RunTime:0.000800s ]
INFO: [ view_end ] --END-- [ RunTime:0.000874s ]

[ 2013-04-22T23:42:26+08:00 ] 127.0.0.1 /sp/index.php?g=Admin&m=AssortmentSet&a=showAll
INFO: [ app_begin ] --START--
INFO: Run ReadHtmlCache Behavior [ RunTime:0.000926s ]
INFO: [ app_begin ] --END-- [ RunTime:0.001010s ]
NOTIC: [2] in_array() expects parameter 2 to be array, null given D:\AppServ\www\SP\Lib\Action\AdminCommonAction.class.php 第 10 行.
NOTIC: [8] Undefined index: url_rewrite D:\AppServ\www\SP\Lib\Action\AdminCommonAction.class.php 第 14 行.
SQL: SHOW COLUMNS FROM `sp_user_verified` [ RunTime:0.025678s ]
SQL: SELECT `uid`,`uname`,`status` FROM `sp_user_verified` WHERE ( uid='' ) LIMIT 1   [ RunTime:0.000396s ]
NOTIC: [2] is_array() expects exactly 1 parameter, 2 given D:\AppServ\www\SP\Lib\Action\AdminCommonAction.class.php 第 61 行.
NOTIC: [2048] Declaration of AssortmentModel::addAll() should be compatible with that of Model::addAll() D:\AppServ\www\SP\Lib\Model\AssortmentModel.class.php 第 178 行.
SQL: SHOW COLUMNS FROM `sp_assortment` [ RunTime:0.012907s ]
NOTIC: [8] Undefined index: style D:\AppServ\www\SP\Lib\Action\Admin\AssortmentSetAction.class.php 第 9 行.
NOTIC: [8] Undefined index: p D:\AppServ\www\SP\Lib\Action\Admin\AssortmentSetAction.class.php 第 15 行.
SQL: SELECT * FROM `sp_assortment` ORDER BY aid LIMIT 0,5   [ RunTime:0.000345s ]
SQL: SELECT COUNT(*) AS tp_count FROM `sp_assortment` LIMIT 1   [ RunTime:0.000278s ]
NOTIC: [8] Undefined variable: class D:\AppServ\www\SP\Lib\Action\Admin\AssortmentSetAction.class.php 第 36 行.
NOTIC: [8] Undefined variable: infor D:\AppServ\www\SP\Lib\Action\Admin\AssortmentSetAction.class.php 第 37 行.
INFO: [ view_template ] --START--
INFO: Run LocationTemplate Behavior [ RunTime:0.001479s ]
INFO: [ view_template ] --END-- [ RunTime:0.001571s ]
INFO: [ view_parse ] --START--
INFO: Run ParseTemplate Behavior [ RunTime:0.019922s ]
INFO: [ view_parse ] --END-- [ RunTime:0.020049s ]
INFO: [ view_filter ] --START--
INFO: Run ContentReplace Behavior [ RunTime:0.000744s ]
INFO: Run TokenBuild Behavior [ RunTime:0.000576s ]
INFO: Run WriteHtmlCache Behavior [ RunTime:0.000421s ]
INFO: Run ShowRuntime Behavior [ RunTime:0.000687s ]
INFO: [ view_filter ] --END-- [ RunTime:0.002625s ]
INFO: [ view_end ] --START--
INFO: Run ShowPageTrace Behavior [ RunTime:0.000852s ]
INFO: [ view_end ] --END-- [ RunTime:0.000919s ]

[ 2013-04-22T23:42:28+08:00 ] 127.0.0.1 /sp/index.php?g=Admin&m=GoodsSet&a=showAll
INFO: [ app_begin ] --START--
INFO: Run ReadHtmlCache Behavior [ RunTime:0.000923s ]
INFO: [ app_begin ] --END-- [ RunTime:0.001019s ]
NOTIC: [2] in_array() expects parameter 2 to be array, null given D:\AppServ\www\SP\Lib\Action\AdminCommonAction.class.php 第 10 行.
NOTIC: [8] Undefined index: url_rewrite D:\AppServ\www\SP\Lib\Action\AdminCommonAction.class.php 第 14 行.
SQL: SHOW COLUMNS FROM `sp_user_verified` [ RunTime:0.191349s ]
SQL: SELECT `uid`,`uname`,`status` FROM `sp_user_verified` WHERE ( uid='' ) LIMIT 1   [ RunTime:0.000612s ]
NOTIC: [2] is_array() expects exactly 1 parameter, 2 given D:\AppServ\www\SP\Lib\Action\AdminCommonAction.class.php 第 61 行.
NOTIC: [2048] Declaration of GoodsModel::addAll() should be compatible with that of Model::addAll() D:\AppServ\www\SP\Lib\Model\GoodsModel.class.php 第 210 行.
SQL: SHOW COLUMNS FROM `sp_goods` [ RunTime:0.358042s ]
NOTIC: [2048] Declaration of GoodsVarietyModel::addAll() should be compatible with that of Model::addAll() D:\AppServ\www\SP\Lib\Model\GoodsVarietyModel.class.php 第 188 行.
SQL: SHOW COLUMNS FROM `sp_goods_variety` [ RunTime:0.013726s ]
SQL: SELECT * FROM `sp_goods_variety` ORDER BY vid  [ RunTime:0.001791s ]
NOTIC: [8] Undefined index: style D:\AppServ\www\SP\Lib\Action\Admin\GoodsSetAction.class.php 第 16 行.
NOTIC: [8] Undefined index: p D:\AppServ\www\SP\Lib\Action\Admin\GoodsSetAction.class.php 第 27 行.
SQL: SELECT * FROM `sp_goods` WHERE ( vid='2' ) ORDER BY gid LIMIT 0,5   [ RunTime:0.000488s ]
SQL: SELECT COUNT(*) AS tp_count FROM `sp_goods` WHERE ( vid='2' ) LIMIT 1   [ RunTime:0.000328s ]
NOTIC: [8] Undefined variable: class D:\AppServ\www\SP\Lib\Action\Admin\GoodsSetAction.class.php 第 53 行.
NOTIC: [8] Undefined variable: infor D:\AppServ\www\SP\Lib\Action\Admin\GoodsSetAction.class.php 第 54 行.
INFO: [ view_template ] --START--
INFO: Run LocationTemplate Behavior [ RunTime:0.001282s ]
INFO: [ view_template ] --END-- [ RunTime:0.001368s ]
INFO: [ view_parse ] --START--
INFO: Run ParseTemplate Behavior [ RunTime:0.034472s ]
INFO: [ view_parse ] --END-- [ RunTime:0.034578s ]
INFO: [ view_filter ] --START--
INFO: Run ContentReplace Behavior [ RunTime:0.001012s ]
INFO: Run TokenBuild Behavior [ RunTime:0.000629s ]
INFO: Run WriteHtmlCache Behavior [ RunTime:0.000443s ]
INFO: Run ShowRuntime Behavior [ RunTime:0.001124s ]
INFO: [ view_filter ] --END-- [ RunTime:0.003406s ]
INFO: [ view_end ] --START--
INFO: Run ShowPageTrace Behavior [ RunTime:0.000839s ]
INFO: [ view_end ] --END-- [ RunTime:0.000909s ]

[ 2013-04-22T23:42:31+08:00 ] 127.0.0.1 /sp/index.php?g=Admin&m=PriceSet&a=showAll
INFO: [ app_begin ] --START--
INFO: Run ReadHtmlCache Behavior [ RunTime:0.002140s ]
INFO: [ app_begin ] --END-- [ RunTime:0.002259s ]
NOTIC: [2] in_array() expects parameter 2 to be array, null given D:\AppServ\www\SP\Lib\Action\AdminCommonAction.class.php 第 10 行.
NOTIC: [8] Undefined index: url_rewrite D:\AppServ\www\SP\Lib\Action\AdminCommonAction.class.php 第 14 行.
SQL: SHOW COLUMNS FROM `sp_user_verified` [ RunTime:0.019205s ]
SQL: SELECT `uid`,`uname`,`status` FROM `sp_user_verified` WHERE ( uid='' ) LIMIT 1   [ RunTime:0.000423s ]
NOTIC: [2] is_array() expects exactly 1 parameter, 2 given D:\AppServ\www\SP\Lib\Action\AdminCommonAction.class.php 第 61 行.
NOTIC: [2048] Declaration of MarketGoodsModel::add() should be compatible with that of Model::add() D:\AppServ\www\SP\Lib\Model\MarketGoodsModel.class.php 第 195 行.
NOTIC: [2048] Declaration of MarketGoodsModel::addAll() should be compatible with that of Model::addAll() D:\AppServ\www\SP\Lib\Model\MarketGoodsModel.class.php 第 195 行.
SQL: SHOW COLUMNS FROM `sp_market_goods` [ RunTime:0.223820s ]
NOTIC: [2048] Declaration of PriceUnitsModel::addAll() should be compatible with that of Model::addAll() D:\AppServ\www\SP\Lib\Model\PriceUnitsModel.class.php 第 163 行.
SQL: SHOW COLUMNS FROM `sp_price_units` [ RunTime:0.173020s ]
NOTIC: [2048] Declaration of MarketProvinceModel::addAll() should be compatible with that of Model::addAll() D:\AppServ\www\SP\Lib\Model\MarketProvinceModel.class.php 第 163 行.
SQL: SHOW COLUMNS FROM `sp_market_province` [ RunTime:0.431452s ]
NOTIC: [2048] Declaration of MarketCityModel::addAll() should be compatible with that of Model::addAll() D:\AppServ\www\SP\Lib\Model\MarketCityModel.class.php 第 179 行.
SQL: SHOW COLUMNS FROM `sp_market_city` [ RunTime:0.137313s ]
NOTIC: [2048] Declaration of MarketZoneModel::addAll() should be compatible with that of Model::addAll() D:\AppServ\www\SP\Lib\Model\MarketZoneModel.class.php 第 172 行.
SQL: SHOW COLUMNS FROM `sp_market_zone` [ RunTime:0.252298s ]
NOTIC: [2048] Declaration of MarketModel::addAll() should be compatible with that of Model::addAll() D:\AppServ\www\SP\Lib\Model\MarketModel.class.php 第 187 行.
SQL: SHOW COLUMNS FROM `sp_market` [ RunTime:0.368327s ]
SQL: SELECT * FROM `sp_market_province` ORDER BY pid  [ RunTime:0.001218s ]
NOTIC: [8] Undefined index: style D:\AppServ\www\SP\Lib\Action\Admin\PriceSetAction.class.php 第 34 行.
NOTIC: [8] Undefined index: p D:\AppServ\www\SP\Lib\Action\Admin\PriceSetAction.class.php 第 57 行.
SQL: SELECT * FROM `sp_market_city` WHERE ( pid='1' )  [ RunTime:0.000770s ]
SQL: SELECT * FROM `sp_market_zone` WHERE ( cid='2' )  [ RunTime:0.000747s ]
SQL: SELECT * FROM `sp_market` WHERE ( zid='4' )  [ RunTime:0.000720s ]
SQL: select gid,gname from sp_goods where gid in (select gid from sp_market_goods where mid='52') order by gid asc limit 1,5  [ RunTime:0.000983s ]
SQL: SELECT `mgid`, `mtype`, `price`, `maxprice`, `minprice`, `uid` FROM `sp_market_price` WHERE `mtype`='批发' and `mtime`=1366560000 and `mgid` = (select mgid from sp_market_goods where mid='52' and gid='2' limit 1)  [ RunTime:0.795349s ]
SQL: SELECT `mgid`, `mtype`, `price`, `maxprice`, `minprice`, `uid` FROM `sp_market_price` WHERE `mtype`='批发' and `mtime`=1366560000 and `mgid` = (select mgid from sp_market_goods where mid='52' and gid='3' limit 1)  [ RunTime:0.001112s ]
SQL: SELECT `mgid`, `mtype`, `price`, `maxprice`, `minprice`, `uid` FROM `sp_market_price` WHERE `mtype`='批发' and `mtime`=1366560000 and `mgid` = (select mgid from sp_market_goods where mid='52' and gid='4' limit 1)  [ RunTime:0.001086s ]
SQL: SELECT `mgid`, `mtype`, `price`, `maxprice`, `minprice`, `uid` FROM `sp_market_price` WHERE `mtype`='批发' and `mtime`=1366560000 and `mgid` = (select mgid from sp_market_goods where mid='52' and gid='5' limit 1)  [ RunTime:0.000842s ]
SQL: SELECT `mgid`, `mtype`, `price`, `maxprice`, `minprice`, `uid` FROM `sp_market_price` WHERE `mtype`='批发' and `mtime`=1366560000 and `mgid` = (select mgid from sp_market_goods where mid='52' and gid='6' limit 1)  [ RunTime:0.000735s ]
SQL: SELECT * FROM `sp_price_units` ORDER BY uid  [ RunTime:0.000457s ]
SQL: select count(gid) as num from sp_goods where gid in (select gid from sp_market_goods where mid='52')  [ RunTime:0.003058s ]
NOTIC: [8] Undefined variable: class D:\AppServ\www\SP\Lib\Action\Admin\PriceSetAction.class.php 第 183 行.
NOTIC: [8] Undefined variable: info D:\AppServ\www\SP\Lib\Action\Admin\PriceSetAction.class.php 第 184 行.
INFO: [ view_template ] --START--
INFO: Run LocationTemplate Behavior [ RunTime:0.002270s ]
INFO: [ view_template ] --END-- [ RunTime:0.002450s ]
INFO: [ view_parse ] --START--
NOTIC: [8] Undefined index: mgid D:\AppServ\www\SP\Runtime\Cache\Admin\5a01d4463b2d0e7a08e1bb0c62268dde.php 第 96 行.
NOTIC: [8] Undefined index: mtype D:\AppServ\www\SP\Runtime\Cache\Admin\5a01d4463b2d0e7a08e1bb0c62268dde.php 第 96 行.
NOTIC: [8] Undefined index: price D:\AppServ\www\SP\Runtime\Cache\Admin\5a01d4463b2d0e7a08e1bb0c62268dde.php 第 96 行.
NOTIC: [8] Undefined index: maxprice D:\AppServ\www\SP\Runtime\Cache\Admin\5a01d4463b2d0e7a08e1bb0c62268dde.php 第 96 行.
NOTIC: [8] Undefined index: minprice D:\AppServ\www\SP\Runtime\Cache\Admin\5a01d4463b2d0e7a08e1bb0c62268dde.php 第 96 行.
NOTIC: [8] Undefined index: uid D:\AppServ\www\SP\Runtime\Cache\Admin\5a01d4463b2d0e7a08e1bb0c62268dde.php 第 96 行.
NOTIC: [8] Undefined variable: uname D:\AppServ\www\SP\Runtime\Cache\Admin\5a01d4463b2d0e7a08e1bb0c62268dde.php 第 108 行.
NOTIC: [8] Undefined index: mgid D:\AppServ\www\SP\Runtime\Cache\Admin\5a01d4463b2d0e7a08e1bb0c62268dde.php 第 96 行.
NOTIC: [8] Undefined index: mtype D:\AppServ\www\SP\Runtime\Cache\Admin\5a01d4463b2d0e7a08e1bb0c62268dde.php 第 96 行.
NOTIC: [8] Undefined index: price D:\AppServ\www\SP\Runtime\Cache\Admin\5a01d4463b2d0e7a08e1bb0c62268dde.php 第 96 行.
NOTIC: [8] Undefined index: maxprice D:\AppServ\www\SP\Runtime\Cache\Admin\5a01d4463b2d0e7a08e1bb0c62268dde.php 第 96 行.
NOTIC: [8] Undefined index: minprice D:\AppServ\www\SP\Runtime\Cache\Admin\5a01d4463b2d0e7a08e1bb0c62268dde.php 第 96 行.
NOTIC: [8] Undefined index: uid D:\AppServ\www\SP\Runtime\Cache\Admin\5a01d4463b2d0e7a08e1bb0c62268dde.php 第 96 行.
NOTIC: [8] Undefined variable: uname D:\AppServ\www\SP\Runtime\Cache\Admin\5a01d4463b2d0e7a08e1bb0c62268dde.php 第 108 行.
NOTIC: [8] Undefined index: mgid D:\AppServ\www\SP\Runtime\Cache\Admin\5a01d4463b2d0e7a08e1bb0c62268dde.php 第 96 行.
NOTIC: [8] Undefined index: mtype D:\AppServ\www\SP\Runtime\Cache\Admin\5a01d4463b2d0e7a08e1bb0c62268dde.php 第 96 行.
NOTIC: [8] Undefined index: price D:\AppServ\www\SP\Runtime\Cache\Admin\5a01d4463b2d0e7a08e1bb0c62268dde.php 第 96 行.
NOTIC: [8] Undefined index: maxprice D:\AppServ\www\SP\Runtime\Cache\Admin\5a01d4463b2d0e7a08e1bb0c62268dde.php 第 96 行.
NOTIC: [8] Undefined index: minprice D:\AppServ\www\SP\Runtime\Cache\Admin\5a01d4463b2d0e7a08e1bb0c62268dde.php 第 96 行.
NOTIC: [8] Undefined index: uid D:\AppServ\www\SP\Runtime\Cache\Admin\5a01d4463b2d0e7a08e1bb0c62268dde.php 第 96 行.
NOTIC: [8] Undefined variable: uname D:\AppServ\www\SP\Runtime\Cache\Admin\5a01d4463b2d0e7a08e1bb0c62268dde.php 第 108 行.
NOTIC: [8] Undefined index: mgid D:\AppServ\www\SP\Runtime\Cache\Admin\5a01d4463b2d0e7a08e1bb0c62268dde.php 第 96 行.
NOTIC: [8] Undefined index: mtype D:\AppServ\www\SP\Runtime\Cache\Admin\5a01d4463b2d0e7a08e1bb0c62268dde.php 第 96 行.
NOTIC: [8] Undefined index: price D:\AppServ\www\SP\Runtime\Cache\Admin\5a01d4463b2d0e7a08e1bb0c62268dde.php 第 96 行.
NOTIC: [8] Undefined index: maxprice D:\AppServ\www\SP\Runtime\Cache\Admin\5a01d4463b2d0e7a08e1bb0c62268dde.php 第 96 行.
NOTIC: [8] Undefined index: minprice D:\AppServ\www\SP\Runtime\Cache\Admin\5a01d4463b2d0e7a08e1bb0c62268dde.php 第 96 行.
NOTIC: [8] Undefined index: uid D:\AppServ\www\SP\Runtime\Cache\Admin\5a01d4463b2d0e7a08e1bb0c62268dde.php 第 96 行.
NOTIC: [8] Undefined variable: uname D:\AppServ\www\SP\Runtime\Cache\Admin\5a01d4463b2d0e7a08e1bb0c62268dde.php 第 108 行.
NOTIC: [8] Undefined index: mgid D:\AppServ\www\SP\Runtime\Cache\Admin\5a01d4463b2d0e7a08e1bb0c62268dde.php 第 96 行.
NOTIC: [8] Undefined index: mtype D:\AppServ\www\SP\Runtime\Cache\Admin\5a01d4463b2d0e7a08e1bb0c62268dde.php 第 96 行.
NOTIC: [8] Undefined index: price D:\AppServ\www\SP\Runtime\Cache\Admin\5a01d4463b2d0e7a08e1bb0c62268dde.php 第 96 行.
NOTIC: [8] Undefined index: maxprice D:\AppServ\www\SP\Runtime\Cache\Admin\5a01d4463b2d0e7a08e1bb0c62268dde.php 第 96 行.
NOTIC: [8] Undefined index: minprice D:\AppServ\www\SP\Runtime\Cache\Admin\5a01d4463b2d0e7a08e1bb0c62268dde.php 第 96 行.
NOTIC: [8] Undefined index: uid D:\AppServ\www\SP\Runtime\Cache\Admin\5a01d4463b2d0e7a08e1bb0c62268dde.php 第 96 行.
NOTIC: [8] Undefined variable: uname D:\AppServ\www\SP\Runtime\Cache\Admin\5a01d4463b2d0e7a08e1bb0c62268dde.php 第 108 行.
NOTIC: [8] Undefined variable: aid D:\AppServ\www\SP\Runtime\Cache\Admin\5a01d4463b2d0e7a08e1bb0c62268dde.php 第 306 行.
NOTIC: [8] Undefined variable: aname D:\AppServ\www\SP\Runtime\Cache\Admin\5a01d4463b2d0e7a08e1bb0c62268dde.php 第 307 行.
NOTIC: [8] Undefined variable: vid D:\AppServ\www\SP\Runtime\Cache\Admin\5a01d4463b2d0e7a08e1bb0c62268dde.php 第 308 行.
NOTIC: [8] Undefined variable: vname D:\AppServ\www\SP\Runtime\Cache\Admin\5a01d4463b2d0e7a08e1bb0c62268dde.php 第 309 行.
NOTIC: [8] Undefined variable: vid D:\AppServ\www\SP\Runtime\Cache\Admin\5a01d4463b2d0e7a08e1bb0c62268dde.php 第 362 行.
NOTIC: [8] Undefined variable: vid D:\AppServ\www\SP\Runtime\Cache\Admin\5a01d4463b2d0e7a08e1bb0c62268dde.php 第 368 行.
NOTIC: [8] Undefined variable: vname D:\AppServ\www\SP\Runtime\Cache\Admin\5a01d4463b2d0e7a08e1bb0c62268dde.php 第 369 行.
NOTIC: [8] Undefined variable: aid D:\AppServ\www\SP\Runtime\Cache\Admin\5a01d4463b2d0e7a08e1bb0c62268dde.php 第 382 行.
NOTIC: [8] Undefined variable: aname D:\AppServ\www\SP\Runtime\Cache\Admin\5a01d4463b2d0e7a08e1bb0c62268dde.php 第 383 行.
NOTIC: [8] Undefined variable: vid D:\AppServ\www\SP\Runtime\Cache\Admin\5a01d4463b2d0e7a08e1bb0c62268dde.php 第 384 行.
NOTIC: [8] Undefined variable: vname D:\AppServ\www\SP\Runtime\Cache\Admin\5a01d4463b2d0e7a08e1bb0c62268dde.php 第 385 行.
NOTIC: [8] Undefined variable: aid D:\AppServ\www\SP\Runtime\Cache\Admin\5a01d4463b2d0e7a08e1bb0c62268dde.php 第 401 行.
NOTIC: [8] Undefined variable: aname D:\AppServ\www\SP\Runtime\Cache\Admin\5a01d4463b2d0e7a08e1bb0c62268dde.php 第 402 行.
NOTIC: [8] Undefined variable: vid D:\AppServ\www\SP\Runtime\Cache\Admin\5a01d4463b2d0e7a08e1bb0c62268dde.php 第 403 行.
NOTIC: [8] Undefined variable: vname D:\AppServ\www\SP\Runtime\Cache\Admin\5a01d4463b2d0e7a08e1bb0c62268dde.php 第 404 行.
NOTIC: [8] Undefined variable: aid D:\AppServ\www\SP\Runtime\Cache\Admin\5a01d4463b2d0e7a08e1bb0c62268dde.php 第 422 行.
NOTIC: [8] Undefined variable: aname D:\AppServ\www\SP\Runtime\Cache\Admin\5a01d4463b2d0e7a08e1bb0c62268dde.php 第 423 行.
NOTIC: [8] Undefined variable: vid D:\AppServ\www\SP\Runtime\Cache\Admin\5a01d4463b2d0e7a08e1bb0c62268dde.php 第 424 行.
NOTIC: [8] Undefined variable: vname D:\AppServ\www\SP\Runtime\Cache\Admin\5a01d4463b2d0e7a08e1bb0c62268dde.php 第 425 行.
NOTIC: [8] Undefined variable: aid D:\AppServ\www\SP\Runtime\Cache\Admin\5a01d4463b2d0e7a08e1bb0c62268dde.php 第 445 行.
NOTIC: [8] Undefined variable: aname D:\AppServ\www\SP\Runtime\Cache\Admin\5a01d4463b2d0e7a08e1bb0c62268dde.php 第 446 行.
NOTIC: [8] Undefined variable: vid D:\AppServ\www\SP\Runtime\Cache\Admin\5a01d4463b2d0e7a08e1bb0c62268dde.php 第 447 行.
NOTIC: [8] Undefined variable: vname D:\AppServ\www\SP\Runtime\Cache\Admin\5a01d4463b2d0e7a08e1bb0c62268dde.php 第 448 行.
NOTIC: [8] Undefined variable: aid D:\AppServ\www\SP\Runtime\Cache\Admin\5a01d4463b2d0e7a08e1bb0c62268dde.php 第 501 行.
NOTIC: [8] Undefined variable: aname D:\AppServ\www\SP\Runtime\Cache\Admin\5a01d4463b2d0e7a08e1bb0c62268dde.php 第 502 行.
INFO: Run ParseTemplate Behavior [ RunTime:0.196156s ]
INFO: [ view_parse ] --END-- [ RunTime:0.196350s ]
INFO: [ view_filter ] --START--
INFO: Run ContentReplace Behavior [ RunTime:0.002200s ]
INFO: Run TokenBuild Behavior [ RunTime:0.001180s ]
INFO: Run WriteHtmlCache Behavior [ RunTime:0.000938s ]
INFO: Run ShowRuntime Behavior [ RunTime:0.001636s ]
INFO: [ view_filter ] --END-- [ RunTime:0.006420s ]
INFO: [ view_end ] --START--
INFO: Run ShowPageTrace Behavior [ RunTime:0.001650s ]
INFO: [ view_end ] --END-- [ RunTime:0.001806s ]

[ 2013-04-22T23:42:34+08:00 ] 127.0.0.1 /sp/index.php?g=Admin&m=MarketGoodsSet&a=showAll
INFO: [ app_begin ] --START--
INFO: Run ReadHtmlCache Behavior [ RunTime:0.000970s ]
INFO: [ app_begin ] --END-- [ RunTime:0.001079s ]
NOTIC: [2] in_array() expects parameter 2 to be array, null given D:\AppServ\www\SP\Lib\Action\AdminCommonAction.class.php 第 10 行.
NOTIC: [8] Undefined index: url_rewrite D:\AppServ\www\SP\Lib\Action\AdminCommonAction.class.php 第 14 行.
SQL: SHOW COLUMNS FROM `sp_user_verified` [ RunTime:0.025972s ]
SQL: SELECT `uid`,`uname`,`status` FROM `sp_user_verified` WHERE ( uid='' ) LIMIT 1   [ RunTime:0.000677s ]
NOTIC: [2] is_array() expects exactly 1 parameter, 2 given D:\AppServ\www\SP\Lib\Action\AdminCommonAction.class.php 第 61 行.
NOTIC: [2048] Declaration of AssortmentModel::addAll() should be compatible with that of Model::addAll() D:\AppServ\www\SP\Lib\Model\AssortmentModel.class.php 第 178 行.
SQL: SHOW COLUMNS FROM `sp_assortment` [ RunTime:0.012602s ]
NOTIC: [2048] Declaration of GoodsVarietyModel::addAll() should be compatible with that of Model::addAll() D:\AppServ\www\SP\Lib\Model\GoodsVarietyModel.class.php 第 188 行.
SQL: SHOW COLUMNS FROM `sp_goods_variety` [ RunTime:0.009714s ]
NOTIC: [2048] Declaration of GoodsModel::addAll() should be compatible with that of Model::addAll() D:\AppServ\www\SP\Lib\Model\GoodsModel.class.php 第 210 行.
SQL: SHOW COLUMNS FROM `sp_goods` [ RunTime:0.010278s ]
NOTIC: [2048] Declaration of MarketProvinceModel::addAll() should be compatible with that of Model::addAll() D:\AppServ\www\SP\Lib\Model\MarketProvinceModel.class.php 第 163 行.
SQL: SHOW COLUMNS FROM `sp_market_province` [ RunTime:0.012670s ]
NOTIC: [2048] Declaration of MarketCityModel::addAll() should be compatible with that of Model::addAll() D:\AppServ\www\SP\Lib\Model\MarketCityModel.class.php 第 179 行.
SQL: SHOW COLUMNS FROM `sp_market_city` [ RunTime:0.010151s ]
NOTIC: [2048] Declaration of MarketZoneModel::addAll() should be compatible with that of Model::addAll() D:\AppServ\www\SP\Lib\Model\MarketZoneModel.class.php 第 172 行.
SQL: SHOW COLUMNS FROM `sp_market_zone` [ RunTime:0.009577s ]
NOTIC: [2048] Declaration of MarketModel::addAll() should be compatible with that of Model::addAll() D:\AppServ\www\SP\Lib\Model\MarketModel.class.php 第 187 行.
SQL: SHOW COLUMNS FROM `sp_market` [ RunTime:0.009468s ]
SQL: SELECT * FROM `sp_market_province` ORDER BY pid  [ RunTime:0.000289s ]
SQL: SELECT * FROM `sp_assortment` ORDER BY aid  [ RunTime:0.000185s ]
NOTIC: [8] Undefined index: style D:\AppServ\www\SP\Lib\Action\Admin\MarketGoodsSetAction.class.php 第 25 行.
NOTIC: [8] Undefined index: p D:\AppServ\www\SP\Lib\Action\Admin\MarketGoodsSetAction.class.php 第 48 行.
SQL: SELECT * FROM `sp_market_city` WHERE ( pid='1' )  [ RunTime:0.000267s ]
SQL: SELECT * FROM `sp_market_zone` WHERE ( cid='2' )  [ RunTime:0.000322s ]
SQL: SELECT * FROM `sp_market` WHERE ( zid='4' )  [ RunTime:0.000249s ]
SQL: SELECT * FROM `sp_goods_variety` WHERE ( aid='1' )  [ RunTime:0.000414s ]
SQL: select gid,gname from sp_goods where vid='2' and gid not in (select gid from sp_market_goods where mid='52') [ RunTime:0.001596s ]
SQL: select gid,gname from sp_goods where vid='2' and gid in (select gid from sp_market_goods where mid='52') [ RunTime:1.133292s ]
NOTIC: [8] Undefined variable: style D:\AppServ\www\SP\Lib\Action\Admin\MarketGoodsSetAction.class.php 第 121 行.
NOTIC: [8] Undefined variable: class D:\AppServ\www\SP\Lib\Action\Admin\MarketGoodsSetAction.class.php 第 122 行.
NOTIC: [8] Undefined variable: info D:\AppServ\www\SP\Lib\Action\Admin\MarketGoodsSetAction.class.php 第 123 行.
INFO: [ view_template ] --START--
INFO: Run LocationTemplate Behavior [ RunTime:0.002967s ]
INFO: [ view_template ] --END-- [ RunTime:0.003161s ]
INFO: [ view_parse ] --START--
NOTIC: [8] Undefined variable: pgInfo D:\AppServ\www\SP\Runtime\Cache\Admin\7ddb2c84105f58ff8a871d3e84f3e821.php 第 116 行.
NOTIC: [8] Undefined variable: pgInfo D:\AppServ\www\SP\Runtime\Cache\Admin\7ddb2c84105f58ff8a871d3e84f3e821.php 第 121 行.
NOTIC: [8] Undefined variable: pgInfo D:\AppServ\www\SP\Runtime\Cache\Admin\7ddb2c84105f58ff8a871d3e84f3e821.php 第 128 行.
NOTIC: [8] Undefined variable: pgInfo D:\AppServ\www\SP\Runtime\Cache\Admin\7ddb2c84105f58ff8a871d3e84f3e821.php 第 132 行.
NOTIC: [8] Undefined variable: pgInfo D:\AppServ\www\SP\Runtime\Cache\Admin\7ddb2c84105f58ff8a871d3e84f3e821.php 第 136 行.
NOTIC: [8] Undefined variable: ctgidtmp D:\AppServ\www\SP\Runtime\Cache\Admin\7ddb2c84105f58ff8a871d3e84f3e821.php 第 136 行.
INFO: Run ParseTemplate Behavior [ RunTime:0.029441s ]
INFO: [ view_parse ] --END-- [ RunTime:0.029578s ]
INFO: [ view_filter ] --START--
INFO: Run ContentReplace Behavior [ RunTime:0.000976s ]
INFO: Run TokenBuild Behavior [ RunTime:0.000729s ]
INFO: Run WriteHtmlCache Behavior [ RunTime:0.000561s ]
INFO: Run ShowRuntime Behavior [ RunTime:0.000848s ]
INFO: [ view_filter ] --END-- [ RunTime:0.003339s ]
INFO: [ view_end ] --START--
INFO: Run ShowPageTrace Behavior [ RunTime:0.000974s ]
INFO: [ view_end ] --END-- [ RunTime:0.001057s ]

