[ 2013-02-20T15:48:16+08:00 ] 127.0.0.1 /sp/index.php/Index/sql
INFO: [ route_check ] --START--
INFO: Run CheckRoute Behavior [ RunTime:0.034384s ]
INFO: [ route_check ] --END-- [ RunTime:0.034520s ]
INFO: [ app_begin ] --START--
INFO: Run ReadHtmlCache Behavior [ RunTime:0.006607s ]
INFO: [ app_begin ] --END-- [ RunTime:0.006782s ]
NOTIC: [8] Undefined index:  url_rewrite D:\AppServ\www\SP\Lib\Action\HomeCommonAction.class.php 第 17 行.
SQL: SHOW COLUMNS FROM `sp_user_verified` [ RunTime:0.047635s ]
SQL: SELECT `uid`,`uname`,`status` FROM `sp_user_verified` WHERE ( uid='' ) LIMIT 1   [ RunTime:0.001802s ]
NOTIC: [2] is_array() [<a href='function.is-array'>function.is-array</a>]: Only one argument expected D:\AppServ\www\SP\Lib\Action\HomeCommonAction.class.php 第 58 行.

[ 2013-02-20T15:48:21+08:00 ] ERR: (ThinkException) 模板不存在[./Tpl/Home/Index/Index.html]
[ 2013-02-20T15:48:29+08:00 ] ERR: (ThinkException) 模板不存在[./Tpl/Home/Index/Index.html]
[ 2013-02-20T15:49:52+08:00 ] 127.0.0.1 /sp/index.php/Index/index
INFO: [ route_check ] --START--
INFO: Run CheckRoute Behavior [ RunTime:0.001524s ]
INFO: [ route_check ] --END-- [ RunTime:0.001642s ]
INFO: [ app_begin ] --START--
INFO: Run ReadHtmlCache Behavior [ RunTime:0.002069s ]
INFO: [ app_begin ] --END-- [ RunTime:0.002201s ]
NOTIC: [8] Undefined index:  url_rewrite D:\AppServ\www\SP\Lib\Action\HomeCommonAction.class.php 第 17 行.
SQL: SHOW COLUMNS FROM `sp_user_verified` [ RunTime:0.003593s ]
SQL: SELECT `uid`,`uname`,`status` FROM `sp_user_verified` WHERE ( uid='' ) LIMIT 1   [ RunTime:0.002902s ]
NOTIC: [2] is_array() [<a href='function.is-array'>function.is-array</a>]: Only one argument expected D:\AppServ\www\SP\Lib\Action\HomeCommonAction.class.php 第 58 行.
INFO: [ view_template ] --START--
INFO: Run LocationTemplate Behavior [ RunTime:0.001839s ]
INFO: [ view_template ] --END-- [ RunTime:0.001936s ]
INFO: [ view_parse ] --START--
INFO: Run ParseTemplate Behavior [ RunTime:0.306943s ]
INFO: [ view_parse ] --END-- [ RunTime:0.307071s ]
INFO: [ view_filter ] --START--
INFO: Run ContentReplace Behavior [ RunTime:0.043393s ]
INFO: Run TokenBuild Behavior [ RunTime:0.001609s ]
INFO: Run WriteHtmlCache Behavior [ RunTime:0.001128s ]
INFO: Run ShowRuntime Behavior [ RunTime:0.001378s ]
INFO: [ view_filter ] --END-- [ RunTime:0.047784s ]
INFO: [ view_end ] --START--
INFO: Run ShowPageTrace Behavior [ RunTime:0.011645s ]
INFO: [ view_end ] --END-- [ RunTime:0.011756s ]

[ 2013-02-20T15:50:00+08:00 ] 127.0.0.1 /sp/index.php/Index/index
INFO: [ route_check ] --START--
INFO: Run CheckRoute Behavior [ RunTime:0.002121s ]
INFO: [ route_check ] --END-- [ RunTime:0.002281s ]
INFO: [ app_begin ] --START--
INFO: Run ReadHtmlCache Behavior [ RunTime:0.001726s ]
INFO: [ app_begin ] --END-- [ RunTime:0.001839s ]
NOTIC: [8] Undefined index:  url_rewrite D:\AppServ\www\SP\Lib\Action\HomeCommonAction.class.php 第 17 行.
SQL: SHOW COLUMNS FROM `sp_user_verified` [ RunTime:0.002687s ]
SQL: SELECT `uid`,`uname`,`status` FROM `sp_user_verified` WHERE ( uid='' ) LIMIT 1   [ RunTime:0.001573s ]
NOTIC: [2] is_array() [<a href='function.is-array'>function.is-array</a>]: Only one argument expected D:\AppServ\www\SP\Lib\Action\HomeCommonAction.class.php 第 58 行.
INFO: [ view_template ] --START--
INFO: Run LocationTemplate Behavior [ RunTime:0.004389s ]
INFO: [ view_template ] --END-- [ RunTime:0.004517s ]
INFO: [ view_parse ] --START--
INFO: Run ParseTemplate Behavior [ RunTime:0.025728s ]
INFO: [ view_parse ] --END-- [ RunTime:0.025857s ]
INFO: [ view_filter ] --START--
INFO: Run ContentReplace Behavior [ RunTime:0.001527s ]
INFO: Run TokenBuild Behavior [ RunTime:0.003733s ]
INFO: Run WriteHtmlCache Behavior [ RunTime:0.001356s ]
INFO: Run ShowRuntime Behavior [ RunTime:0.001512s ]
INFO: [ view_filter ] --END-- [ RunTime:0.008392s ]
INFO: [ view_end ] --START--
INFO: Run ShowPageTrace Behavior [ RunTime:0.001882s ]
INFO: [ view_end ] --END-- [ RunTime:0.001967s ]

[ 2013-02-20T15:50:22+08:00 ] 127.0.0.1 /sp/index.php/Index/index
INFO: [ route_check ] --START--
INFO: Run CheckRoute Behavior [ RunTime:0.001220s ]
INFO: [ route_check ] --END-- [ RunTime:0.001415s ]
INFO: [ app_begin ] --START--
INFO: Run ReadHtmlCache Behavior [ RunTime:0.000732s ]
INFO: [ app_begin ] --END-- [ RunTime:0.000848s ]
NOTIC: [8] Undefined index:  url_rewrite D:\AppServ\www\SP\Lib\Action\HomeCommonAction.class.php 第 17 行.
SQL: SHOW COLUMNS FROM `sp_user_verified` [ RunTime:0.002718s ]
SQL: SELECT `uid`,`uname`,`status` FROM `sp_user_verified` WHERE ( uid='' ) LIMIT 1   [ RunTime:0.001289s ]
NOTIC: [2] is_array() [<a href='function.is-array'>function.is-array</a>]: Only one argument expected D:\AppServ\www\SP\Lib\Action\HomeCommonAction.class.php 第 58 行.
INFO: [ view_template ] --START--
INFO: Run LocationTemplate Behavior [ RunTime:0.002688s ]
INFO: [ view_template ] --END-- [ RunTime:0.002808s ]
INFO: [ view_parse ] --START--
INFO: Run ParseTemplate Behavior [ RunTime:0.019109s ]
INFO: [ view_parse ] --END-- [ RunTime:0.019236s ]
INFO: [ view_filter ] --START--
INFO: Run ContentReplace Behavior [ RunTime:0.001045s ]
INFO: Run TokenBuild Behavior [ RunTime:0.001268s ]
INFO: Run WriteHtmlCache Behavior [ RunTime:0.001055s ]
INFO: Run ShowRuntime Behavior [ RunTime:0.001147s ]
INFO: [ view_filter ] --END-- [ RunTime:0.004822s ]
INFO: [ view_end ] --START--
INFO: Run ShowPageTrace Behavior [ RunTime:0.001272s ]
INFO: [ view_end ] --END-- [ RunTime:0.001370s ]

[ 2013-02-20T15:50:22+08:00 ] 127.0.0.1 /sp/index.php/Index/index
INFO: [ route_check ] --START--
INFO: Run CheckRoute Behavior [ RunTime:0.000939s ]
INFO: [ route_check ] --END-- [ RunTime:0.001053s ]
INFO: [ app_begin ] --START--
INFO: Run ReadHtmlCache Behavior [ RunTime:0.000637s ]
INFO: [ app_begin ] --END-- [ RunTime:0.000727s ]
NOTIC: [8] Undefined index:  url_rewrite D:\AppServ\www\SP\Lib\Action\HomeCommonAction.class.php 第 17 行.
SQL: SHOW COLUMNS FROM `sp_user_verified` [ RunTime:0.002946s ]
SQL: SELECT `uid`,`uname`,`status` FROM `sp_user_verified` WHERE ( uid='' ) LIMIT 1   [ RunTime:0.001224s ]
NOTIC: [2] is_array() [<a href='function.is-array'>function.is-array</a>]: Only one argument expected D:\AppServ\www\SP\Lib\Action\HomeCommonAction.class.php 第 58 行.
INFO: [ view_template ] --START--
INFO: Run LocationTemplate Behavior [ RunTime:0.000505s ]
INFO: [ view_template ] --END-- [ RunTime:0.000589s ]
INFO: [ view_parse ] --START--
INFO: Run ParseTemplate Behavior [ RunTime:0.008757s ]
INFO: [ view_parse ] --END-- [ RunTime:0.008880s ]
INFO: [ view_filter ] --START--
INFO: Run ContentReplace Behavior [ RunTime:0.000399s ]
INFO: Run TokenBuild Behavior [ RunTime:0.000427s ]
INFO: Run WriteHtmlCache Behavior [ RunTime:0.000277s ]
INFO: Run ShowRuntime Behavior [ RunTime:0.000521s ]
INFO: [ view_filter ] --END-- [ RunTime:0.001837s ]
INFO: [ view_end ] --START--
INFO: Run ShowPageTrace Behavior [ RunTime:0.000860s ]
INFO: [ view_end ] --END-- [ RunTime:0.000955s ]

[ 2013-02-20T15:50:23+08:00 ] 127.0.0.1 /sp/index.php/Index/index
INFO: [ route_check ] --START--
INFO: Run CheckRoute Behavior [ RunTime:0.005030s ]
INFO: [ route_check ] --END-- [ RunTime:0.005194s ]
INFO: [ app_begin ] --START--
INFO: Run ReadHtmlCache Behavior [ RunTime:0.000789s ]
INFO: [ app_begin ] --END-- [ RunTime:0.000925s ]
NOTIC: [8] Undefined index:  url_rewrite D:\AppServ\www\SP\Lib\Action\HomeCommonAction.class.php 第 17 行.
SQL: SHOW COLUMNS FROM `sp_user_verified` [ RunTime:0.002641s ]
SQL: SELECT `uid`,`uname`,`status` FROM `sp_user_verified` WHERE ( uid='' ) LIMIT 1   [ RunTime:0.001573s ]
NOTIC: [2] is_array() [<a href='function.is-array'>function.is-array</a>]: Only one argument expected D:\AppServ\www\SP\Lib\Action\HomeCommonAction.class.php 第 58 行.
INFO: [ view_template ] --START--
INFO: Run LocationTemplate Behavior [ RunTime:0.000548s ]
INFO: [ view_template ] --END-- [ RunTime:0.000642s ]
INFO: [ view_parse ] --START--
INFO: Run ParseTemplate Behavior [ RunTime:0.011917s ]
INFO: [ view_parse ] --END-- [ RunTime:0.012081s ]
INFO: [ view_filter ] --START--
INFO: Run ContentReplace Behavior [ RunTime:0.000429s ]
INFO: Run TokenBuild Behavior [ RunTime:0.000453s ]
INFO: Run WriteHtmlCache Behavior [ RunTime:0.000307s ]
INFO: Run ShowRuntime Behavior [ RunTime:0.000551s ]
INFO: [ view_filter ] --END-- [ RunTime:0.001978s ]
INFO: [ view_end ] --START--
INFO: Run ShowPageTrace Behavior [ RunTime:0.000780s ]
INFO: [ view_end ] --END-- [ RunTime:0.000873s ]

[ 2013-02-20T16:50:22+08:00 ] 127.0.0.1 /sp/index.php/Index/index
INFO: [ route_check ] --START--
INFO: Run CheckRoute Behavior [ RunTime:0.012032s ]
INFO: [ route_check ] --END-- [ RunTime:0.012191s ]
INFO: [ app_begin ] --START--
INFO: Run ReadHtmlCache Behavior [ RunTime:0.013659s ]
INFO: [ app_begin ] --END-- [ RunTime:0.013813s ]
NOTIC: [8] Undefined index:  url_rewrite D:\AppServ\www\SP\Lib\Action\HomeCommonAction.class.php 第 17 行.
SQL: SHOW COLUMNS FROM `sp_user_verified` [ RunTime:0.049018s ]
SQL: SELECT `uid`,`uname`,`status` FROM `sp_user_verified` WHERE ( uid='' ) LIMIT 1   [ RunTime:0.002500s ]
NOTIC: [2] is_array() [<a href='function.is-array'>function.is-array</a>]: Only one argument expected D:\AppServ\www\SP\Lib\Action\HomeCommonAction.class.php 第 58 行.
INFO: [ view_template ] --START--
INFO: Run LocationTemplate Behavior [ RunTime:0.005451s ]
INFO: [ view_template ] --END-- [ RunTime:0.005645s ]
INFO: [ view_parse ] --START--
INFO: Run ParseTemplate Behavior [ RunTime:0.055515s ]
INFO: [ view_parse ] --END-- [ RunTime:0.055653s ]
INFO: [ view_filter ] --START--
INFO: Run ContentReplace Behavior [ RunTime:0.001277s ]
INFO: Run TokenBuild Behavior [ RunTime:0.001279s ]
INFO: Run WriteHtmlCache Behavior [ RunTime:0.001085s ]
INFO: Run ShowRuntime Behavior [ RunTime:0.001320s ]
INFO: [ view_filter ] --END-- [ RunTime:0.005193s ]
INFO: [ view_end ] --START--
INFO: Run ShowPageTrace Behavior [ RunTime:0.011751s ]
INFO: [ view_end ] --END-- [ RunTime:0.011867s ]

[ 2013-02-20T16:50:25+08:00 ] 127.0.0.1 /sp/index.php/Index/index
INFO: [ route_check ] --START--
INFO: Run CheckRoute Behavior [ RunTime:0.001062s ]
INFO: [ route_check ] --END-- [ RunTime:0.001180s ]
INFO: [ app_begin ] --START--
INFO: Run ReadHtmlCache Behavior [ RunTime:0.000743s ]
INFO: [ app_begin ] --END-- [ RunTime:0.000830s ]
NOTIC: [8] Undefined index:  url_rewrite D:\AppServ\www\SP\Lib\Action\HomeCommonAction.class.php 第 17 行.
SQL: SHOW COLUMNS FROM `sp_user_verified` [ RunTime:0.003494s ]
SQL: SELECT `uid`,`uname`,`status` FROM `sp_user_verified` WHERE ( uid='' ) LIMIT 1   [ RunTime:0.001577s ]
NOTIC: [2] is_array() [<a href='function.is-array'>function.is-array</a>]: Only one argument expected D:\AppServ\www\SP\Lib\Action\HomeCommonAction.class.php 第 58 行.
INFO: [ view_template ] --START--
INFO: Run LocationTemplate Behavior [ RunTime:0.000780s ]
INFO: [ view_template ] --END-- [ RunTime:0.000883s ]
INFO: [ view_parse ] --START--
INFO: Run ParseTemplate Behavior [ RunTime:0.011032s ]
INFO: [ view_parse ] --END-- [ RunTime:0.011156s ]
INFO: [ view_filter ] --START--
INFO: Run ContentReplace Behavior [ RunTime:0.000540s ]
INFO: Run TokenBuild Behavior [ RunTime:0.000558s ]
INFO: Run WriteHtmlCache Behavior [ RunTime:0.000431s ]
INFO: Run ShowRuntime Behavior [ RunTime:0.000654s ]
INFO: [ view_filter ] --END-- [ RunTime:0.002402s ]
INFO: [ view_end ] --START--
INFO: Run ShowPageTrace Behavior [ RunTime:0.000829s ]
INFO: [ view_end ] --END-- [ RunTime:0.000908s ]

[ 2013-02-20T16:50:45+08:00 ] 127.0.0.1 /sp/index.php/Index/index
INFO: [ route_check ] --START--
INFO: Run CheckRoute Behavior [ RunTime:0.002454s ]
INFO: [ route_check ] --END-- [ RunTime:0.002612s ]
INFO: [ app_begin ] --START--
INFO: Run ReadHtmlCache Behavior [ RunTime:0.002586s ]
INFO: [ app_begin ] --END-- [ RunTime:0.002747s ]
NOTIC: [8] Undefined index:  url_rewrite D:\AppServ\www\SP\Lib\Action\HomeCommonAction.class.php 第 17 行.
SQL: SHOW COLUMNS FROM `sp_user_verified` [ RunTime:0.003140s ]
SQL: SELECT `uid`,`uname`,`status` FROM `sp_user_verified` WHERE ( uid='' ) LIMIT 1   [ RunTime:0.002648s ]
NOTIC: [2] is_array() [<a href='function.is-array'>function.is-array</a>]: Only one argument expected D:\AppServ\www\SP\Lib\Action\HomeCommonAction.class.php 第 58 行.
INFO: [ view_template ] --START--
INFO: Run LocationTemplate Behavior [ RunTime:0.003044s ]
INFO: [ view_template ] --END-- [ RunTime:0.003194s ]
INFO: [ view_parse ] --START--
INFO: Run ParseTemplate Behavior [ RunTime:0.022668s ]
INFO: [ view_parse ] --END-- [ RunTime:0.022823s ]
INFO: [ view_filter ] --START--
INFO: Run ContentReplace Behavior [ RunTime:0.003396s ]
INFO: Run TokenBuild Behavior [ RunTime:0.002135s ]
INFO: Run WriteHtmlCache Behavior [ RunTime:0.001768s ]
INFO: Run ShowRuntime Behavior [ RunTime:0.001578s ]
INFO: [ view_filter ] --END-- [ RunTime:0.009272s ]
INFO: [ view_end ] --START--
INFO: Run ShowPageTrace Behavior [ RunTime:0.002937s ]
INFO: [ view_end ] --END-- [ RunTime:0.003055s ]

[ 2013-02-20T16:50:46+08:00 ] 127.0.0.1 /sp/index.php/Index/index
INFO: [ route_check ] --START--
INFO: Run CheckRoute Behavior [ RunTime:0.002401s ]
INFO: [ route_check ] --END-- [ RunTime:0.002586s ]
INFO: [ app_begin ] --START--
INFO: Run ReadHtmlCache Behavior [ RunTime:0.002923s ]
INFO: [ app_begin ] --END-- [ RunTime:0.003049s ]
NOTIC: [8] Undefined index:  url_rewrite D:\AppServ\www\SP\Lib\Action\HomeCommonAction.class.php 第 17 行.
SQL: SHOW COLUMNS FROM `sp_user_verified` [ RunTime:0.003007s ]
SQL: SELECT `uid`,`uname`,`status` FROM `sp_user_verified` WHERE ( uid='' ) LIMIT 1   [ RunTime:0.004078s ]
NOTIC: [2] is_array() [<a href='function.is-array'>function.is-array</a>]: Only one argument expected D:\AppServ\www\SP\Lib\Action\HomeCommonAction.class.php 第 58 行.
INFO: [ view_template ] --START--
INFO: Run LocationTemplate Behavior [ RunTime:0.002557s ]
INFO: [ view_template ] --END-- [ RunTime:0.002658s ]
INFO: [ view_parse ] --START--
INFO: Run ParseTemplate Behavior [ RunTime:0.021679s ]
INFO: [ view_parse ] --END-- [ RunTime:0.021839s ]
INFO: [ view_filter ] --START--
INFO: Run ContentReplace Behavior [ RunTime:0.002404s ]
INFO: Run TokenBuild Behavior [ RunTime:0.002677s ]
INFO: Run WriteHtmlCache Behavior [ RunTime:0.002794s ]
INFO: Run ShowRuntime Behavior [ RunTime:0.001884s ]
INFO: [ view_filter ] --END-- [ RunTime:0.010113s ]
INFO: [ view_end ] --START--
INFO: Run ShowPageTrace Behavior [ RunTime:0.002045s ]
INFO: [ view_end ] --END-- [ RunTime:0.002134s ]

[ 2013-02-20T16:53:03+08:00 ] 127.0.0.1 /sp/index.php/Index/index
INFO: [ route_check ] --START--
INFO: Run CheckRoute Behavior [ RunTime:0.001999s ]
INFO: [ route_check ] --END-- [ RunTime:0.002143s ]
INFO: [ app_begin ] --START--
INFO: Run ReadHtmlCache Behavior [ RunTime:0.001327s ]
INFO: [ app_begin ] --END-- [ RunTime:0.001434s ]
NOTIC: [8] Undefined index:  url_rewrite D:\AppServ\www\SP\Lib\Action\HomeCommonAction.class.php 第 17 行.
SQL: SHOW COLUMNS FROM `sp_user_verified` [ RunTime:0.004047s ]
SQL: SELECT `uid`,`uname`,`status` FROM `sp_user_verified` WHERE ( uid='' ) LIMIT 1   [ RunTime:0.002790s ]
NOTIC: [2] is_array() [<a href='function.is-array'>function.is-array</a>]: Only one argument expected D:\AppServ\www\SP\Lib\Action\HomeCommonAction.class.php 第 58 行.
INFO: [ view_template ] --START--
INFO: Run LocationTemplate Behavior [ RunTime:0.004830s ]
INFO: [ view_template ] --END-- [ RunTime:0.004962s ]
INFO: [ view_parse ] --START--
INFO: Run ParseTemplate Behavior [ RunTime:0.015903s ]
INFO: [ view_parse ] --END-- [ RunTime:0.016038s ]
INFO: [ view_filter ] --START--
INFO: Run ContentReplace Behavior [ RunTime:0.003182s ]
INFO: Run TokenBuild Behavior [ RunTime:0.001170s ]
INFO: Run WriteHtmlCache Behavior [ RunTime:0.000957s ]
INFO: Run ShowRuntime Behavior [ RunTime:0.001211s ]
INFO: [ view_filter ] --END-- [ RunTime:0.006784s ]
INFO: [ view_end ] --START--
INFO: Run ShowPageTrace Behavior [ RunTime:0.001411s ]
INFO: [ view_end ] --END-- [ RunTime:0.001499s ]

[ 2013-02-20T16:53:04+08:00 ] 127.0.0.1 /sp/index.php/Index/index
INFO: [ route_check ] --START--
INFO: Run CheckRoute Behavior [ RunTime:0.001616s ]
INFO: [ route_check ] --END-- [ RunTime:0.001731s ]
INFO: [ app_begin ] --START--
INFO: Run ReadHtmlCache Behavior [ RunTime:0.002412s ]
INFO: [ app_begin ] --END-- [ RunTime:0.002535s ]
NOTIC: [8] Undefined index:  url_rewrite D:\AppServ\www\SP\Lib\Action\HomeCommonAction.class.php 第 17 行.
SQL: SHOW COLUMNS FROM `sp_user_verified` [ RunTime:0.002685s ]
SQL: SELECT `uid`,`uname`,`status` FROM `sp_user_verified` WHERE ( uid='' ) LIMIT 1   [ RunTime:0.001215s ]
NOTIC: [2] is_array() [<a href='function.is-array'>function.is-array</a>]: Only one argument expected D:\AppServ\www\SP\Lib\Action\HomeCommonAction.class.php 第 58 行.
INFO: [ view_template ] --START--
INFO: Run LocationTemplate Behavior [ RunTime:0.002485s ]
INFO: [ view_template ] --END-- [ RunTime:0.004500s ]
INFO: [ view_parse ] --START--
INFO: Run ParseTemplate Behavior [ RunTime:0.013940s ]
INFO: [ view_parse ] --END-- [ RunTime:0.014072s ]
INFO: [ view_filter ] --START--
INFO: Run ContentReplace Behavior [ RunTime:0.001080s ]
INFO: Run TokenBuild Behavior [ RunTime:0.001088s ]
INFO: Run WriteHtmlCache Behavior [ RunTime:0.000936s ]
INFO: Run ShowRuntime Behavior [ RunTime:0.005309s ]
INFO: [ view_filter ] --END-- [ RunTime:0.008670s ]
INFO: [ view_end ] --START--
INFO: Run ShowPageTrace Behavior [ RunTime:0.001511s ]
INFO: [ view_end ] --END-- [ RunTime:0.001603s ]

[ 2013-02-20T17:36:34+08:00 ] 127.0.0.1 /sp/index.php/Index/index
INFO: [ route_check ] --START--
INFO: Run CheckRoute Behavior [ RunTime:0.013111s ]
INFO: [ route_check ] --END-- [ RunTime:0.013991s ]
INFO: [ app_begin ] --START--
INFO: Run ReadHtmlCache Behavior [ RunTime:0.007189s ]
INFO: [ app_begin ] --END-- [ RunTime:0.007337s ]
NOTIC: [8] Undefined index:  url_rewrite D:\AppServ\www\SP\Lib\Action\HomeCommonAction.class.php 第 17 行.
SQL: SHOW COLUMNS FROM `sp_user_verified` [ RunTime:0.136736s ]
SQL: SELECT `uid`,`uname`,`status` FROM `sp_user_verified` WHERE ( uid='' ) LIMIT 1   [ RunTime:0.002670s ]
NOTIC: [2] is_array() [<a href='function.is-array'>function.is-array</a>]: Only one argument expected D:\AppServ\www\SP\Lib\Action\HomeCommonAction.class.php 第 58 行.
INFO: [ view_template ] --START--
INFO: Run LocationTemplate Behavior [ RunTime:0.011877s ]
INFO: [ view_template ] --END-- [ RunTime:0.012029s ]
INFO: [ view_parse ] --START--
INFO: Run ParseTemplate Behavior [ RunTime:0.082547s ]
INFO: [ view_parse ] --END-- [ RunTime:0.082678s ]
INFO: [ view_filter ] --START--
INFO: Run ContentReplace Behavior [ RunTime:0.007754s ]
INFO: Run TokenBuild Behavior [ RunTime:0.001645s ]
INFO: Run WriteHtmlCache Behavior [ RunTime:0.001628s ]
INFO: Run ShowRuntime Behavior [ RunTime:0.001566s ]
INFO: [ view_filter ] --END-- [ RunTime:0.012944s ]
INFO: [ view_end ] --START--
INFO: Run ShowPageTrace Behavior [ RunTime:0.011524s ]
INFO: [ view_end ] --END-- [ RunTime:0.011669s ]

[ 2013-02-20T17:39:32+08:00 ] 127.0.0.1 /sp/index.php/Index/index
INFO: [ route_check ] --START--
INFO: Run CheckRoute Behavior [ RunTime:0.001587s ]
INFO: [ route_check ] --END-- [ RunTime:0.001704s ]
INFO: [ app_begin ] --START--
INFO: Run ReadHtmlCache Behavior [ RunTime:0.001375s ]
INFO: [ app_begin ] --END-- [ RunTime:0.001487s ]
NOTIC: [8] Undefined index:  url_rewrite D:\AppServ\www\SP\Lib\Action\HomeCommonAction.class.php 第 17 行.
SQL: SHOW COLUMNS FROM `sp_user_verified` [ RunTime:0.003064s ]
SQL: SELECT `uid`,`uname`,`status` FROM `sp_user_verified` WHERE ( uid='' ) LIMIT 1   [ RunTime:0.001159s ]
NOTIC: [2] is_array() [<a href='function.is-array'>function.is-array</a>]: Only one argument expected D:\AppServ\www\SP\Lib\Action\HomeCommonAction.class.php 第 58 行.
INFO: [ view_template ] --START--
INFO: Run LocationTemplate Behavior [ RunTime:0.001788s ]
INFO: [ view_template ] --END-- [ RunTime:0.001891s ]
INFO: [ view_parse ] --START--
INFO: Run ParseTemplate Behavior [ RunTime:0.016268s ]
INFO: [ view_parse ] --END-- [ RunTime:0.016395s ]
INFO: [ view_filter ] --START--
INFO: Run ContentReplace Behavior [ RunTime:0.001083s ]
INFO: Run TokenBuild Behavior [ RunTime:0.001072s ]
INFO: Run WriteHtmlCache Behavior [ RunTime:0.000974s ]
INFO: Run ShowRuntime Behavior [ RunTime:0.002189s ]
INFO: [ view_filter ] --END-- [ RunTime:0.005610s ]
INFO: [ view_end ] --START--
INFO: Run ShowPageTrace Behavior [ RunTime:0.001394s ]
INFO: [ view_end ] --END-- [ RunTime:0.001491s ]

