[ 2013-02-01T10:34:08+08:00 ] 127.0.0.1 /sp/
INFO: [ app_begin ] --START--
INFO: Run ReadHtmlCache Behavior [ RunTime:0.141817s ]
INFO: [ app_begin ] --END-- [ RunTime:0.142068s ]
NOTIC: [8] Use of undefined constant __NAMESPACE__ - assumed '__NAMESPACE__' D:\AppServ\www\SP\Lib\Action\Home\IndexAction.class.php 第 28 行.
NOTIC: [2] Wrong parameter count for ini_get() D:\AppServ\www\SP\Lib\Action\Home\IndexAction.class.php 第 29 行.

[ 2013-02-01T10:34:42+08:00 ] 127.0.0.1 /sp/
INFO: [ app_begin ] --START--
INFO: Run ReadHtmlCache Behavior [ RunTime:0.002343s ]
INFO: [ app_begin ] --END-- [ RunTime:0.002496s ]
NOTIC: [8] Use of undefined constant __NAMESPACE__ - assumed '__NAMESPACE__' D:\AppServ\www\SP\Lib\Action\Home\IndexAction.class.php 第 28 行.
NOTIC: [2] Wrong parameter count for ini_get() D:\AppServ\www\SP\Lib\Action\Home\IndexAction.class.php 第 29 行.

[ 2013-02-01T10:34:43+08:00 ] 127.0.0.1 /sp/
INFO: [ app_begin ] --START--
INFO: Run ReadHtmlCache Behavior [ RunTime:0.000686s ]
INFO: [ app_begin ] --END-- [ RunTime:0.000812s ]
NOTIC: [8] Use of undefined constant __NAMESPACE__ - assumed '__NAMESPACE__' D:\AppServ\www\SP\Lib\Action\Home\IndexAction.class.php 第 28 行.
NOTIC: [2] Wrong parameter count for ini_get() D:\AppServ\www\SP\Lib\Action\Home\IndexAction.class.php 第 29 行.

[ 2013-02-01T10:34:44+08:00 ] 127.0.0.1 /sp/
INFO: [ app_begin ] --START--
INFO: Run ReadHtmlCache Behavior [ RunTime:0.000700s ]
INFO: [ app_begin ] --END-- [ RunTime:0.000836s ]
NOTIC: [8] Use of undefined constant __NAMESPACE__ - assumed '__NAMESPACE__' D:\AppServ\www\SP\Lib\Action\Home\IndexAction.class.php 第 28 行.
NOTIC: [2] Wrong parameter count for ini_get() D:\AppServ\www\SP\Lib\Action\Home\IndexAction.class.php 第 29 行.

[ 2013-02-01T10:34:44+08:00 ] 127.0.0.1 /sp/
INFO: [ app_begin ] --START--
INFO: Run ReadHtmlCache Behavior [ RunTime:0.000696s ]
INFO: [ app_begin ] --END-- [ RunTime:0.000841s ]
NOTIC: [8] Use of undefined constant __NAMESPACE__ - assumed '__NAMESPACE__' D:\AppServ\www\SP\Lib\Action\Home\IndexAction.class.php 第 28 行.
NOTIC: [2] Wrong parameter count for ini_get() D:\AppServ\www\SP\Lib\Action\Home\IndexAction.class.php 第 29 行.

[ 2013-02-01T10:36:56+08:00 ] 127.0.0.1 /sp/
INFO: [ app_begin ] --START--
INFO: Run ReadHtmlCache Behavior [ RunTime:0.001174s ]
INFO: [ app_begin ] --END-- [ RunTime:0.001301s ]
NOTIC: [8] Use of undefined constant __NAMESPACE__ - assumed '__NAMESPACE__' D:\AppServ\www\SP\Lib\Action\Home\IndexAction.class.php 第 28 行.
NOTIC: [2] Wrong parameter count for ini_get() D:\AppServ\www\SP\Lib\Action\Home\IndexAction.class.php 第 29 行.

[ 2013-02-01T10:36:56+08:00 ] 127.0.0.1 /sp/
INFO: [ app_begin ] --START--
INFO: Run ReadHtmlCache Behavior [ RunTime:0.000688s ]
INFO: [ app_begin ] --END-- [ RunTime:0.000819s ]
NOTIC: [8] Use of undefined constant __NAMESPACE__ - assumed '__NAMESPACE__' D:\AppServ\www\SP\Lib\Action\Home\IndexAction.class.php 第 28 行.
NOTIC: [2] Wrong parameter count for ini_get() D:\AppServ\www\SP\Lib\Action\Home\IndexAction.class.php 第 29 行.

[ 2013-02-01T10:36:56+08:00 ] 127.0.0.1 /sp/
INFO: [ app_begin ] --START--
INFO: Run ReadHtmlCache Behavior [ RunTime:0.000652s ]
INFO: [ app_begin ] --END-- [ RunTime:0.000782s ]
NOTIC: [8] Use of undefined constant __NAMESPACE__ - assumed '__NAMESPACE__' D:\AppServ\www\SP\Lib\Action\Home\IndexAction.class.php 第 28 行.
NOTIC: [2] Wrong parameter count for ini_get() D:\AppServ\www\SP\Lib\Action\Home\IndexAction.class.php 第 29 行.

[ 2013-02-01T11:50:31+08:00 ] ERR: (ThinkException) 无法加载模块:index
[ 2013-02-01T11:51:45+08:00 ] 127.0.0.1 /sp/index.php/Index/show
INFO: [ route_check ] --START--
INFO: Run CheckRoute Behavior [ RunTime:0.001174s ]
INFO: [ route_check ] --END-- [ RunTime:0.001304s ]
INFO: [ app_begin ] --START--
INFO: Run ReadHtmlCache Behavior [ RunTime:0.000637s ]
INFO: [ app_begin ] --END-- [ RunTime:0.000726s ]
INFO: [ view_template ] --START--
INFO: Run LocationTemplate Behavior [ RunTime:0.124090s ]
INFO: [ view_template ] --END-- [ RunTime:0.124230s ]
INFO: [ view_parse ] --START--
INFO: Run ParseTemplate Behavior [ RunTime:0.171190s ]
INFO: [ view_parse ] --END-- [ RunTime:0.171313s ]
INFO: [ view_filter ] --START--
INFO: Run ContentReplace Behavior [ RunTime:0.013274s ]
INFO: Run TokenBuild Behavior [ RunTime:0.001555s ]
INFO: Run WriteHtmlCache Behavior [ RunTime:0.001401s ]
INFO: Run ShowRuntime Behavior [ RunTime:0.001511s ]
INFO: [ view_filter ] --END-- [ RunTime:0.018030s ]
INFO: [ view_end ] --START--
INFO: Run ShowPageTrace Behavior [ RunTime:0.012171s ]
INFO: [ view_end ] --END-- [ RunTime:0.012273s ]

[ 2013-02-01T11:51:52+08:00 ] 127.0.0.1 /sp/index.php/Index/xss
INFO: [ route_check ] --START--
INFO: Run CheckRoute Behavior [ RunTime:0.000979s ]
INFO: [ route_check ] --END-- [ RunTime:0.001104s ]
INFO: [ app_begin ] --START--
INFO: Run ReadHtmlCache Behavior [ RunTime:0.000708s ]
INFO: [ app_begin ] --END-- [ RunTime:0.000816s ]
NOTIC: [8] Use of undefined constant ’name’ - assumed '’name’' D:\AppServ\www\SP\Lib\Action\Home\IndexAction.class.php 第 64 行.
NOTIC: [8] Undefined index:  ’name’ D:\AppServ\www\SP\Lib\Action\Home\IndexAction.class.php 第 64 行.

[ 2013-02-01T11:52:08+08:00 ] 127.0.0.1 /sp/index.php/Index/xss?name=%3Cscript%3Ealert%28document.cookie%29%3C%2Fscript%3E
INFO: [ route_check ] --START--
INFO: Run CheckRoute Behavior [ RunTime:0.001455s ]
INFO: [ route_check ] --END-- [ RunTime:0.001567s ]
INFO: [ app_begin ] --START--
INFO: Run ReadHtmlCache Behavior [ RunTime:0.001181s ]
INFO: [ app_begin ] --END-- [ RunTime:0.001282s ]
NOTIC: [8] Use of undefined constant ’name’ - assumed '’name’' D:\AppServ\www\SP\Lib\Action\Home\IndexAction.class.php 第 64 行.
NOTIC: [8] Undefined index:  ’name’ D:\AppServ\www\SP\Lib\Action\Home\IndexAction.class.php 第 64 行.

[ 2013-02-01T11:52:12+08:00 ] 127.0.0.1 /sp/index.php/Index/xss?name=
INFO: [ route_check ] --START--
INFO: Run CheckRoute Behavior [ RunTime:0.000943s ]
INFO: [ route_check ] --END-- [ RunTime:0.001054s ]
INFO: [ app_begin ] --START--
INFO: Run ReadHtmlCache Behavior [ RunTime:0.000649s ]
INFO: [ app_begin ] --END-- [ RunTime:0.000744s ]
NOTIC: [8] Use of undefined constant ’name’ - assumed '’name’' D:\AppServ\www\SP\Lib\Action\Home\IndexAction.class.php 第 64 行.
NOTIC: [8] Undefined index:  ’name’ D:\AppServ\www\SP\Lib\Action\Home\IndexAction.class.php 第 64 行.

[ 2013-02-01T11:52:14+08:00 ] 127.0.0.1 /sp/index.php/Index/xss?name=%3Cscript%3Ealert%28document.cookie%29%3C%2Fscript%3E
INFO: [ route_check ] --START--
INFO: Run CheckRoute Behavior [ RunTime:0.000998s ]
INFO: [ route_check ] --END-- [ RunTime:0.001113s ]
INFO: [ app_begin ] --START--
INFO: Run ReadHtmlCache Behavior [ RunTime:0.000812s ]
INFO: [ app_begin ] --END-- [ RunTime:0.000916s ]
NOTIC: [8] Use of undefined constant ’name’ - assumed '’name’' D:\AppServ\www\SP\Lib\Action\Home\IndexAction.class.php 第 64 行.
NOTIC: [8] Undefined index:  ’name’ D:\AppServ\www\SP\Lib\Action\Home\IndexAction.class.php 第 64 行.

[ 2013-02-01T11:52:44+08:00 ] 127.0.0.1 /sp/index.php/Index/xss?name=%3Cscript%3Ealert%28document.cookie%29%3C%2Fscript%3E
INFO: [ route_check ] --START--
INFO: Run CheckRoute Behavior [ RunTime:0.000935s ]
INFO: [ route_check ] --END-- [ RunTime:0.001048s ]
INFO: [ app_begin ] --START--
INFO: Run ReadHtmlCache Behavior [ RunTime:0.000624s ]
INFO: [ app_begin ] --END-- [ RunTime:0.000711s ]

[ 2013-02-01T11:52:46+08:00 ] 127.0.0.1 /sp/index.php/Index/xss?name=%3Cscript%3Ealert%28document.cookie%29%3C%2Fscript%3E
INFO: [ route_check ] --START--
INFO: Run CheckRoute Behavior [ RunTime:0.000931s ]
INFO: [ route_check ] --END-- [ RunTime:0.001042s ]
INFO: [ app_begin ] --START--
INFO: Run ReadHtmlCache Behavior [ RunTime:0.000616s ]
INFO: [ app_begin ] --END-- [ RunTime:0.000703s ]

[ 2013-02-01T11:52:47+08:00 ] 127.0.0.1 /sp/index.php/Index/xss?name=%3Cscript%3Ealert%28document.cookie%29%3C%2Fscript%3E
INFO: [ route_check ] --START--
INFO: Run CheckRoute Behavior [ RunTime:0.001173s ]
INFO: [ route_check ] --END-- [ RunTime:0.001306s ]
INFO: [ app_begin ] --START--
INFO: Run ReadHtmlCache Behavior [ RunTime:0.001835s ]
INFO: [ app_begin ] --END-- [ RunTime:0.001967s ]

[ 2013-02-01T11:52:49+08:00 ] 127.0.0.1 /sp/index.php/Index/xss?name=%3Cscript%3Ealert%28document.cookie%29%3C%2Fscript%3E
INFO: [ route_check ] --START--
INFO: Run CheckRoute Behavior [ RunTime:0.000930s ]
INFO: [ route_check ] --END-- [ RunTime:0.001040s ]
INFO: [ app_begin ] --START--
INFO: Run ReadHtmlCache Behavior [ RunTime:0.000617s ]
INFO: [ app_begin ] --END-- [ RunTime:0.000705s ]

[ 2013-02-01T11:52:51+08:00 ] 127.0.0.1 /sp/index.php/Index/xss?name=%3Cscript%3Ealert%28document.cookie%29%3C%2Fscript%3E
INFO: [ route_check ] --START--
INFO: Run CheckRoute Behavior [ RunTime:0.001023s ]
INFO: [ route_check ] --END-- [ RunTime:0.001143s ]
INFO: [ app_begin ] --START--
INFO: Run ReadHtmlCache Behavior [ RunTime:0.000633s ]
INFO: [ app_begin ] --END-- [ RunTime:0.000725s ]

[ 2013-02-01T11:53:18+08:00 ] 127.0.0.1 /sp/index.php/Index/xss?name=%3Cscript%3Ealert%28document.cookie%29%3C%2Fscript%3E
INFO: [ route_check ] --START--
INFO: Run CheckRoute Behavior [ RunTime:0.003648s ]
INFO: [ route_check ] --END-- [ RunTime:0.003787s ]
INFO: [ app_begin ] --START--
INFO: Run ReadHtmlCache Behavior [ RunTime:0.001165s ]
INFO: [ app_begin ] --END-- [ RunTime:0.001262s ]

[ 2013-02-01T11:53:18+08:00 ] 127.0.0.1 /sp/index.php/Index/xss?name=%3Cscript%3Ealert%28document.cookie%29%3C%2Fscript%3E
INFO: [ route_check ] --START--
INFO: Run CheckRoute Behavior [ RunTime:0.001051s ]
INFO: [ route_check ] --END-- [ RunTime:0.001172s ]
INFO: [ app_begin ] --START--
INFO: Run ReadHtmlCache Behavior [ RunTime:0.000676s ]
INFO: [ app_begin ] --END-- [ RunTime:0.000784s ]

[ 2013-02-01T11:53:18+08:00 ] 127.0.0.1 /sp/index.php/Index/xss?name=%3Cscript%3Ealert%28document.cookie%29%3C%2Fscript%3E
INFO: [ route_check ] --START--
INFO: Run CheckRoute Behavior [ RunTime:0.000947s ]
INFO: [ route_check ] --END-- [ RunTime:0.001058s ]
INFO: [ app_begin ] --START--
INFO: Run ReadHtmlCache Behavior [ RunTime:0.000614s ]
INFO: [ app_begin ] --END-- [ RunTime:0.000701s ]

[ 2013-02-01T11:53:20+08:00 ] 127.0.0.1 /sp/index.php/Index/xss?name=%3Cscript%3Ealert%28document.cookie%29%3C%2Fscript%3E
INFO: [ route_check ] --START--
INFO: Run CheckRoute Behavior [ RunTime:0.000942s ]
INFO: [ route_check ] --END-- [ RunTime:0.001054s ]
INFO: [ app_begin ] --START--
INFO: Run ReadHtmlCache Behavior [ RunTime:0.000652s ]
INFO: [ app_begin ] --END-- [ RunTime:0.000741s ]

[ 2013-02-01T11:53:24+08:00 ] 127.0.0.1 /sp/index.php/Index/xss?name=%3Cscript%3Ealert%28document.cookie%29%3C%2Fscript%3E
INFO: [ route_check ] --START--
INFO: Run CheckRoute Behavior [ RunTime:0.000935s ]
INFO: [ route_check ] --END-- [ RunTime:0.001048s ]
INFO: [ app_begin ] --START--
INFO: Run ReadHtmlCache Behavior [ RunTime:0.000621s ]
INFO: [ app_begin ] --END-- [ RunTime:0.000711s ]

[ 2013-02-01T11:53:27+08:00 ] 127.0.0.1 /sp/index.php/Index/xss?name=%3Cscript%3Ealert%28document.cookie%29%3C%2Fscript%3E
INFO: [ route_check ] --START--
INFO: Run CheckRoute Behavior [ RunTime:0.000953s ]
INFO: [ route_check ] --END-- [ RunTime:0.001066s ]
INFO: [ app_begin ] --START--
INFO: Run ReadHtmlCache Behavior [ RunTime:0.001738s ]
INFO: [ app_begin ] --END-- [ RunTime:0.001865s ]

[ 2013-02-01T11:53:56+08:00 ] 127.0.0.1 /sp/index.php/Index/xss?name=%3Cscript%3Ealert%28document.cookie%29%3C%2Fscript%3E
INFO: [ route_check ] --START--
INFO: Run CheckRoute Behavior [ RunTime:0.000937s ]
INFO: [ route_check ] --END-- [ RunTime:0.001049s ]
INFO: [ app_begin ] --START--
INFO: Run ReadHtmlCache Behavior [ RunTime:0.000619s ]
INFO: [ app_begin ] --END-- [ RunTime:0.000707s ]

[ 2013-02-01T11:56:57+08:00 ] 127.0.0.1 /sp/index.php/Index/xss?name=%3Cscript%3Ealert%28document.cookie%29%3C%2Fscript%3E
INFO: [ route_check ] --START--
INFO: Run CheckRoute Behavior [ RunTime:0.001606s ]
INFO: [ route_check ] --END-- [ RunTime:0.001737s ]
INFO: [ app_begin ] --START--
INFO: Run ReadHtmlCache Behavior [ RunTime:0.001163s ]
INFO: [ app_begin ] --END-- [ RunTime:0.001258s ]

[ 2013-02-01T11:56:58+08:00 ] 127.0.0.1 /sp/index.php/Index/xss?name=%3Cscript%3Ealert%28document.cookie%29%3C%2Fscript%3E
INFO: [ route_check ] --START--
INFO: Run CheckRoute Behavior [ RunTime:0.001079s ]
INFO: [ route_check ] --END-- [ RunTime:0.001224s ]
INFO: [ app_begin ] --START--
INFO: Run ReadHtmlCache Behavior [ RunTime:0.000642s ]
INFO: [ app_begin ] --END-- [ RunTime:0.000739s ]

[ 2013-02-01T11:56:58+08:00 ] 127.0.0.1 /sp/index.php/Index/xss?name=%3Cscript%3Ealert%28document.cookie%29%3C%2Fscript%3E
INFO: [ route_check ] --START--
INFO: Run CheckRoute Behavior [ RunTime:0.000968s ]
INFO: [ route_check ] --END-- [ RunTime:0.001083s ]
INFO: [ app_begin ] --START--
INFO: Run ReadHtmlCache Behavior [ RunTime:0.000641s ]
INFO: [ app_begin ] --END-- [ RunTime:0.000736s ]

[ 2013-02-01T11:56:58+08:00 ] 127.0.0.1 /sp/index.php/Index/xss?name=%3Cscript%3Ealert%28document.cookie%29%3C%2Fscript%3E
INFO: [ route_check ] --START--
INFO: Run CheckRoute Behavior [ RunTime:0.001011s ]
INFO: [ route_check ] --END-- [ RunTime:0.001130s ]
INFO: [ app_begin ] --START--
INFO: Run ReadHtmlCache Behavior [ RunTime:0.000637s ]
INFO: [ app_begin ] --END-- [ RunTime:0.000730s ]

[ 2013-02-01T11:56:59+08:00 ] 127.0.0.1 /sp/index.php/Index/xss?name=%3Cscript%3Ealert%28document.cookie%29%3C%2Fscript%3E
INFO: [ route_check ] --START--
INFO: Run CheckRoute Behavior [ RunTime:0.000978s ]
INFO: [ route_check ] --END-- [ RunTime:0.001097s ]
INFO: [ app_begin ] --START--
INFO: Run ReadHtmlCache Behavior [ RunTime:0.000658s ]
INFO: [ app_begin ] --END-- [ RunTime:0.000759s ]

[ 2013-02-01T11:56:59+08:00 ] 127.0.0.1 /sp/index.php/Index/xss?name=%3Cscript%3Ealert%28document.cookie%29%3C%2Fscript%3E
INFO: [ route_check ] --START--
INFO: Run CheckRoute Behavior [ RunTime:0.000963s ]
INFO: [ route_check ] --END-- [ RunTime:0.001076s ]
INFO: [ app_begin ] --START--
INFO: Run ReadHtmlCache Behavior [ RunTime:0.000807s ]
INFO: [ app_begin ] --END-- [ RunTime:0.000924s ]

[ 2013-02-01T11:56:59+08:00 ] 127.0.0.1 /sp/index.php/Index/xss?name=%3Cscript%3Ealert%28document.cookie%29%3C%2Fscript%3E
INFO: [ route_check ] --START--
INFO: Run CheckRoute Behavior [ RunTime:0.000932s ]
INFO: [ route_check ] --END-- [ RunTime:0.001041s ]
INFO: [ app_begin ] --START--
INFO: Run ReadHtmlCache Behavior [ RunTime:0.000629s ]
INFO: [ app_begin ] --END-- [ RunTime:0.000722s ]

[ 2013-02-01T11:57:00+08:00 ] 127.0.0.1 /sp/index.php/Index/xss?name=%3Cscript%3Ealert%28document.cookie%29%3C%2Fscript%3E
INFO: [ route_check ] --START--
INFO: Run CheckRoute Behavior [ RunTime:0.000973s ]
INFO: [ route_check ] --END-- [ RunTime:0.001090s ]
INFO: [ app_begin ] --START--
INFO: Run ReadHtmlCache Behavior [ RunTime:0.000647s ]
INFO: [ app_begin ] --END-- [ RunTime:0.000736s ]

[ 2013-02-01T11:57:02+08:00 ] 127.0.0.1 /sp/index.php/Index/xss?name=%3Cscript%3Ealert%28document.cookie%29%3C%2Fscript%3E
INFO: [ route_check ] --START--
INFO: Run CheckRoute Behavior [ RunTime:0.000946s ]
INFO: [ route_check ] --END-- [ RunTime:0.001059s ]
INFO: [ app_begin ] --START--
INFO: Run ReadHtmlCache Behavior [ RunTime:0.000772s ]
INFO: [ app_begin ] --END-- [ RunTime:0.000881s ]

[ 2013-02-01T11:57:03+08:00 ] 127.0.0.1 /sp/index.php/Index/xss?name=
INFO: [ route_check ] --START--
INFO: Run CheckRoute Behavior [ RunTime:0.000946s ]
INFO: [ route_check ] --END-- [ RunTime:0.001060s ]
INFO: [ app_begin ] --START--
INFO: Run ReadHtmlCache Behavior [ RunTime:0.000617s ]
INFO: [ app_begin ] --END-- [ RunTime:0.000707s ]

[ 2013-02-01T11:57:04+08:00 ] 127.0.0.1 /sp/index.php/Index/xss?name=
INFO: [ route_check ] --START--
INFO: Run CheckRoute Behavior [ RunTime:0.000951s ]
INFO: [ route_check ] --END-- [ RunTime:0.001063s ]
INFO: [ app_begin ] --START--
INFO: Run ReadHtmlCache Behavior [ RunTime:0.000617s ]
INFO: [ app_begin ] --END-- [ RunTime:0.000709s ]

[ 2013-02-01T11:57:04+08:00 ] 127.0.0.1 /sp/index.php/Index/xss?name=
INFO: [ route_check ] --START--
INFO: Run CheckRoute Behavior [ RunTime:0.000959s ]
INFO: [ route_check ] --END-- [ RunTime:0.001072s ]
INFO: [ app_begin ] --START--
INFO: Run ReadHtmlCache Behavior [ RunTime:0.000623s ]
INFO: [ app_begin ] --END-- [ RunTime:0.000711s ]

[ 2013-02-01T11:57:10+08:00 ] 127.0.0.1 /sp/index.php/Index/xss?name=%3Cscript%3Ealert%28document.cookie%29%3C%2Fscript%3E
INFO: [ route_check ] --START--
INFO: Run CheckRoute Behavior [ RunTime:0.000939s ]
INFO: [ route_check ] --END-- [ RunTime:0.001051s ]
INFO: [ app_begin ] --START--
INFO: Run ReadHtmlCache Behavior [ RunTime:0.000623s ]
INFO: [ app_begin ] --END-- [ RunTime:0.000711s ]

[ 2013-02-01T11:57:15+08:00 ] 127.0.0.1 /sp/index.php/Index/xss?name=%3Cscript%3Ealert%28document.cookie%29%3C%2Fscript%3E
INFO: [ route_check ] --START--
INFO: Run CheckRoute Behavior [ RunTime:0.000941s ]
INFO: [ route_check ] --END-- [ RunTime:0.001054s ]
INFO: [ app_begin ] --START--
INFO: Run ReadHtmlCache Behavior [ RunTime:0.000617s ]
INFO: [ app_begin ] --END-- [ RunTime:0.000712s ]

[ 2013-02-01T11:57:17+08:00 ] 127.0.0.1 /sp/index.php/Index/xss?name=
INFO: [ route_check ] --START--
INFO: Run CheckRoute Behavior [ RunTime:0.000974s ]
INFO: [ route_check ] --END-- [ RunTime:0.001095s ]
INFO: [ app_begin ] --START--
INFO: Run ReadHtmlCache Behavior [ RunTime:0.000620s ]
INFO: [ app_begin ] --END-- [ RunTime:0.000708s ]

[ 2013-02-01T11:57:38+08:00 ] 127.0.0.1 /sp/index.php/Index/xss?name=
INFO: [ route_check ] --START--
INFO: Run CheckRoute Behavior [ RunTime:0.001799s ]
INFO: [ route_check ] --END-- [ RunTime:0.001947s ]
INFO: [ app_begin ] --START--
INFO: Run ReadHtmlCache Behavior [ RunTime:0.000682s ]
INFO: [ app_begin ] --END-- [ RunTime:0.000786s ]

[ 2013-02-01T11:57:47+08:00 ] 127.0.0.1 /sp/index.php/Index/xss?name=%3Cscript%3Ealert%28document.cookie%29%3C%2Fscript%3E
INFO: [ route_check ] --START--
INFO: Run CheckRoute Behavior [ RunTime:0.000973s ]
INFO: [ route_check ] --END-- [ RunTime:0.001088s ]
INFO: [ app_begin ] --START--
INFO: Run ReadHtmlCache Behavior [ RunTime:0.000664s ]
INFO: [ app_begin ] --END-- [ RunTime:0.000764s ]

[ 2013-02-01T11:58:15+08:00 ] 127.0.0.1 /sp/index.php/Index/xss?name=
INFO: [ route_check ] --START--
INFO: Run CheckRoute Behavior [ RunTime:0.000939s ]
INFO: [ route_check ] --END-- [ RunTime:0.001075s ]
INFO: [ app_begin ] --START--
INFO: Run ReadHtmlCache Behavior [ RunTime:0.000618s ]
INFO: [ app_begin ] --END-- [ RunTime:0.000706s ]

[ 2013-02-01T11:58:17+08:00 ] 127.0.0.1 /sp/index.php/Index/xss?name=%3Cscript%3Ealert%28document.cookie%29%3C%2Fscript%3E
INFO: [ route_check ] --START--
INFO: Run CheckRoute Behavior [ RunTime:0.000940s ]
INFO: [ route_check ] --END-- [ RunTime:0.001049s ]
INFO: [ app_begin ] --START--
INFO: Run ReadHtmlCache Behavior [ RunTime:0.000635s ]
INFO: [ app_begin ] --END-- [ RunTime:0.000726s ]

[ 2013-02-01T13:15:56+08:00 ] 127.0.0.1 /sp/index.php/Index/sql
INFO: [ route_check ] --START--
INFO: Run CheckRoute Behavior [ RunTime:0.001483s ]
INFO: [ route_check ] --END-- [ RunTime:0.001608s ]
INFO: [ app_begin ] --START--
INFO: Run ReadHtmlCache Behavior [ RunTime:0.001256s ]
INFO: [ app_begin ] --END-- [ RunTime:0.001370s ]

[ 2013-02-01T13:16:00+08:00 ] 127.0.0.1 /sp/index.php/Index/sql
INFO: [ route_check ] --START--
INFO: Run CheckRoute Behavior [ RunTime:0.000978s ]
INFO: [ route_check ] --END-- [ RunTime:0.001095s ]
INFO: [ app_begin ] --START--
INFO: Run ReadHtmlCache Behavior [ RunTime:0.000650s ]
INFO: [ app_begin ] --END-- [ RunTime:0.000745s ]

[ 2013-02-01T13:16:02+08:00 ] 127.0.0.1 /sp/index.php/Index/sql
INFO: [ route_check ] --START--
INFO: Run CheckRoute Behavior [ RunTime:0.000963s ]
INFO: [ route_check ] --END-- [ RunTime:0.001083s ]
INFO: [ app_begin ] --START--
INFO: Run ReadHtmlCache Behavior [ RunTime:0.000642s ]
INFO: [ app_begin ] --END-- [ RunTime:0.000737s ]

[ 2013-02-01T13:16:02+08:00 ] 127.0.0.1 /sp/index.php/Index/sql
INFO: [ route_check ] --START--
INFO: Run CheckRoute Behavior [ RunTime:0.001351s ]
INFO: [ route_check ] --END-- [ RunTime:0.001544s ]
INFO: [ app_begin ] --START--
INFO: Run ReadHtmlCache Behavior [ RunTime:0.001349s ]
INFO: [ app_begin ] --END-- [ RunTime:0.001515s ]

[ 2013-02-01T13:16:02+08:00 ] 127.0.0.1 /sp/index.php/Index/sql
INFO: [ route_check ] --START--
INFO: Run CheckRoute Behavior [ RunTime:0.000932s ]
INFO: [ route_check ] --END-- [ RunTime:0.001042s ]
INFO: [ app_begin ] --START--
INFO: Run ReadHtmlCache Behavior [ RunTime:0.000613s ]
INFO: [ app_begin ] --END-- [ RunTime:0.000700s ]

[ 2013-02-01T13:16:03+08:00 ] 127.0.0.1 /sp/index.php/Index/sql
INFO: [ route_check ] --START--
INFO: Run CheckRoute Behavior [ RunTime:0.001006s ]
INFO: [ route_check ] --END-- [ RunTime:0.001129s ]
INFO: [ app_begin ] --START--
INFO: Run ReadHtmlCache Behavior [ RunTime:0.000646s ]
INFO: [ app_begin ] --END-- [ RunTime:0.000747s ]

[ 2013-02-01T13:16:09+08:00 ] 127.0.0.1 /sp/index.php/Index/sql
INFO: [ route_check ] --START--
INFO: Run CheckRoute Behavior [ RunTime:0.001068s ]
INFO: [ route_check ] --END-- [ RunTime:0.001210s ]
INFO: [ app_begin ] --START--
INFO: Run ReadHtmlCache Behavior [ RunTime:0.000664s ]
INFO: [ app_begin ] --END-- [ RunTime:0.000766s ]

