[ 2013-02-04T11:01:26+08:00 ] 127.0.0.1 /sp/index.php/Index/sql
INFO: [ route_check ] --START--
INFO: Run CheckRoute Behavior [ RunTime:0.015660s ]
INFO: [ route_check ] --END-- [ RunTime:0.015796s ]
INFO: [ app_begin ] --START--
INFO: Run ReadHtmlCache Behavior [ RunTime:0.008689s ]
INFO: [ app_begin ] --END-- [ RunTime:0.008878s ]

[ 2013-02-04T11:01:29+08:00 ] 127.0.0.1 /sp/index.php/Index/
INFO: [ route_check ] --START--
INFO: Run CheckRoute Behavior [ RunTime:0.001014s ]
INFO: [ route_check ] --END-- [ RunTime:0.001131s ]
INFO: [ app_begin ] --START--
INFO: Run ReadHtmlCache Behavior [ RunTime:0.000717s ]
INFO: [ app_begin ] --END-- [ RunTime:0.000825s ]
NOTIC: [8] Use of undefined constant __NAMESPACE__ - assumed '__NAMESPACE__' D:\AppServ\www\SP\Lib\Action\Home\IndexAction.class.php 第 28 行.
NOTIC: [2] Wrong parameter count for ini_get() D:\AppServ\www\SP\Lib\Action\Home\IndexAction.class.php 第 29 行.

[ 2013-02-04T15:06:35+08:00 ] 127.0.0.1 /sp/index.php/Index/sqls
INFO: [ route_check ] --START--
INFO: Run CheckRoute Behavior [ RunTime:0.015684s ]
INFO: [ route_check ] --END-- [ RunTime:0.015828s ]
INFO: [ app_begin ] --START--
INFO: Run ReadHtmlCache Behavior [ RunTime:0.007396s ]
INFO: [ app_begin ] --END-- [ RunTime:0.007579s ]

[ 2013-02-04T15:07:20+08:00 ] 127.0.0.1 /sp/index.php/Index/sqlsasd
INFO: [ route_check ] --START--
INFO: Run CheckRoute Behavior [ RunTime:0.004191s ]
INFO: [ route_check ] --END-- [ RunTime:0.004350s ]
INFO: [ app_begin ] --START--
INFO: Run ReadHtmlCache Behavior [ RunTime:0.001808s ]
INFO: [ app_begin ] --END-- [ RunTime:0.001934s ]

[ 2013-02-04T15:07:42+08:00 ] ERR: (ThinkException) 非法操作:sqlsasd
[ 2013-02-04T15:07:42+08:00 ] ERR: (ThinkException) 非法操作:sqlsasd
[ 2013-02-04T15:07:43+08:00 ] ERR: (ThinkException) 非法操作:sqlsasd
[ 2013-02-04T15:07:52+08:00 ] 127.0.0.1 /sp/index.php/Index/sqlsasd
INFO: [ route_check ] --START--
INFO: Run CheckRoute Behavior [ RunTime:0.001506s ]
INFO: [ route_check ] --END-- [ RunTime:0.001621s ]
INFO: [ app_begin ] --START--
INFO: Run ReadHtmlCache Behavior [ RunTime:0.001667s ]
INFO: [ app_begin ] --END-- [ RunTime:0.001760s ]

[ 2013-02-04T15:19:44+08:00 ] 127.0.0.1 /sp/index.php/Index/sqls
INFO: [ route_check ] --START--
INFO: Run CheckRoute Behavior [ RunTime:0.001510s ]
INFO: [ route_check ] --END-- [ RunTime:0.001625s ]
INFO: [ app_begin ] --START--
INFO: Run ReadHtmlCache Behavior [ RunTime:0.001732s ]
INFO: [ app_begin ] --END-- [ RunTime:0.001827s ]

[ 2013-02-04T15:19:46+08:00 ] ERR: (ThinkException) 无法加载模块:Inde
[ 2013-02-04T15:19:49+08:00 ] ERR: (ThinkException) 无法加载模块:Inde
[ 2013-02-04T15:19:50+08:00 ] ERR: (ThinkException) 无法加载模块:Inde
[ 2013-02-04T15:19:50+08:00 ] ERR: (ThinkException) 无法加载模块:Inde
[ 2013-02-04T15:19:50+08:00 ] ERR: (ThinkException) 无法加载模块:Inde
[ 2013-02-04T15:19:50+08:00 ] ERR: (ThinkException) 无法加载模块:Inde
[ 2013-02-04T15:21:01+08:00 ] ERR: (ThinkException) 无法加载模块:Empty
[ 2013-02-04T15:21:04+08:00 ] ERR: (ThinkException) 无法加载模块:Empty
[ 2013-02-04T15:23:18+08:00 ] ERR: (ThinkException) 无法加载模块:Empty
[ 2013-02-04T15:23:19+08:00 ] ERR: (ThinkException) 无法加载模块:Empty
[ 2013-02-04T15:23:19+08:00 ] ERR: (ThinkException) 无法加载模块:Empty
[ 2013-02-04T15:23:19+08:00 ] ERR: (ThinkException) 无法加载模块:Empty
[ 2013-02-04T15:23:21+08:00 ] ERR: (ThinkException) 无法加载模块:Empty
[ 2013-02-04T15:23:24+08:00 ] ERR: (ThinkException) 无法加载模块:Emp
[ 2013-02-04T15:23:32+08:00 ] ERR: (ThinkException) 无法加载模块:EmptyCommon
[ 2013-02-04T15:23:38+08:00 ] ERR: (ThinkException) 无法加载模块:EmptyCommon
[ 2013-02-04T15:25:27+08:00 ] ERR: (ThinkException) 无法加载模块:EmptyCommon
[ 2013-02-04T15:25:27+08:00 ] ERR: (ThinkException) 无法加载模块:EmptyCommon
[ 2013-02-04T15:25:30+08:00 ] ERR: (ThinkException) 无法加载模块:Empty
[ 2013-02-04T15:25:31+08:00 ] ERR: (ThinkException) 无法加载模块:Empty
[ 2013-02-04T15:25:32+08:00 ] ERR: (ThinkException) 无法加载模块:Empty
[ 2013-02-04T15:25:32+08:00 ] ERR: (ThinkException) 无法加载模块:Empty
[ 2013-02-04T15:25:32+08:00 ] ERR: (ThinkException) 无法加载模块:Empty
[ 2013-02-04T15:25:33+08:00 ] ERR: (ThinkException) 无法加载模块:Empty
[ 2013-02-04T15:25:33+08:00 ] ERR: (ThinkException) 无法加载模块:Empty
[ 2013-02-04T15:25:33+08:00 ] ERR: (ThinkException) 无法加载模块:Empty
[ 2013-02-04T15:25:33+08:00 ] ERR: (ThinkException) 无法加载模块:Empty
[ 2013-02-04T15:25:33+08:00 ] ERR: (ThinkException) 无法加载模块:Empty
[ 2013-02-04T15:25:33+08:00 ] ERR: (ThinkException) 无法加载模块:Empty
[ 2013-02-04T15:25:33+08:00 ] ERR: (ThinkException) 无法加载模块:Empty
[ 2013-02-04T15:25:33+08:00 ] ERR: (ThinkException) 无法加载模块:Empty
[ 2013-02-04T15:25:33+08:00 ] ERR: (ThinkException) 无法加载模块:Empty
[ 2013-02-04T15:25:33+08:00 ] ERR: (ThinkException) 无法加载模块:Empty
[ 2013-02-04T15:25:33+08:00 ] ERR: (ThinkException) 无法加载模块:Empty
[ 2013-02-04T15:25:33+08:00 ] ERR: (ThinkException) 无法加载模块:Empty
[ 2013-02-04T15:25:33+08:00 ] ERR: (ThinkException) 无法加载模块:Empty
[ 2013-02-04T15:25:38+08:00 ] ERR: (ThinkException) 无法加载模块:Empt
[ 2013-02-04T15:28:46+08:00 ] ERR: (ThinkException) 无法加载模块:Empt
[ 2013-02-04T15:28:46+08:00 ] ERR: (ThinkException) 无法加载模块:Empt
[ 2013-02-04T15:28:47+08:00 ] ERR: (ThinkException) 无法加载模块:Empt
[ 2013-02-04T15:28:47+08:00 ] ERR: (ThinkException) 无法加载模块:Empt
[ 2013-02-04T15:28:47+08:00 ] ERR: (ThinkException) 无法加载模块:Empt
[ 2013-02-04T15:28:47+08:00 ] ERR: (ThinkException) 无法加载模块:Empt
[ 2013-02-04T15:28:48+08:00 ] ERR: (ThinkException) 无法加载模块:Empt
[ 2013-02-04T15:28:48+08:00 ] ERR: (ThinkException) 无法加载模块:Empt
[ 2013-02-04T15:28:48+08:00 ] ERR: (ThinkException) 无法加载模块:Empt
[ 2013-02-04T15:28:48+08:00 ] ERR: (ThinkException) 无法加载模块:Empt
[ 2013-02-04T15:28:48+08:00 ] ERR: (ThinkException) 无法加载模块:Empt
[ 2013-02-04T15:28:48+08:00 ] ERR: (ThinkException) 无法加载模块:Empt
[ 2013-02-04T15:28:49+08:00 ] ERR: (ThinkException) 无法加载模块:Empt
[ 2013-02-04T15:29:33+08:00 ] ERR: (ThinkException) 无法加载模块:Empt
[ 2013-02-04T15:29:34+08:00 ] ERR: (ThinkException) 无法加载模块:Empt
[ 2013-02-04T15:29:34+08:00 ] ERR: (ThinkException) 无法加载模块:Empt
[ 2013-02-04T15:29:35+08:00 ] ERR: (ThinkException) 无法加载模块:Empt
[ 2013-02-04T15:29:35+08:00 ] ERR: (ThinkException) 无法加载模块:Empt
[ 2013-02-04T15:29:35+08:00 ] ERR: (ThinkException) 无法加载模块:Empt
[ 2013-02-04T15:29:35+08:00 ] ERR: (ThinkException) 无法加载模块:Empt
[ 2013-02-04T15:29:35+08:00 ] ERR: (ThinkException) 无法加载模块:Empt
[ 2013-02-04T15:30:59+08:00 ] ERR: (ThinkException) 无法加载模块:Empt
[ 2013-02-04T15:31:00+08:00 ] ERR: (ThinkException) 无法加载模块:Empt
[ 2013-02-04T15:31:00+08:00 ] ERR: (ThinkException) 无法加载模块:Empt
[ 2013-02-04T15:31:00+08:00 ] ERR: (ThinkException) 无法加载模块:Empt
[ 2013-02-04T15:31:00+08:00 ] ERR: (ThinkException) 无法加载模块:Empt
[ 2013-02-04T15:31:01+08:00 ] ERR: (ThinkException) 无法加载模块:Empt
[ 2013-02-04T15:31:01+08:00 ] ERR: (ThinkException) 无法加载模块:Empt
[ 2013-02-04T15:31:01+08:00 ] ERR: (ThinkException) 无法加载模块:Empt
[ 2013-02-04T15:31:01+08:00 ] ERR: (ThinkException) 无法加载模块:Empt
[ 2013-02-04T15:31:01+08:00 ] ERR: (ThinkException) 无法加载模块:Empt
[ 2013-02-04T15:31:02+08:00 ] ERR: (ThinkException) 无法加载模块:Empt
[ 2013-02-04T15:31:02+08:00 ] ERR: (ThinkException) 无法加载模块:Empt
[ 2013-02-04T15:31:02+08:00 ] ERR: (ThinkException) 无法加载模块:Empt
[ 2013-02-04T15:31:02+08:00 ] ERR: (ThinkException) 无法加载模块:Empt
[ 2013-02-04T15:31:02+08:00 ] ERR: (ThinkException) 无法加载模块:Empt
[ 2013-02-04T15:31:02+08:00 ] ERR: (ThinkException) 无法加载模块:Empt
[ 2013-02-04T15:31:02+08:00 ] ERR: (ThinkException) 无法加载模块:Empt
[ 2013-02-04T15:31:02+08:00 ] ERR: (ThinkException) 无法加载模块:Empt
[ 2013-02-04T15:31:02+08:00 ] ERR: (ThinkException) 无法加载模块:Empt
[ 2013-02-04T15:31:02+08:00 ] ERR: (ThinkException) 无法加载模块:Empt
[ 2013-02-04T15:31:02+08:00 ] ERR: (ThinkException) 无法加载模块:Empt
[ 2013-02-04T15:31:02+08:00 ] ERR: (ThinkException) 无法加载模块:Empt
[ 2013-02-04T15:31:02+08:00 ] ERR: (ThinkException) 无法加载模块:Empt
[ 2013-02-04T15:31:25+08:00 ] ERR: (ThinkException) 无法加载模块:Empt
[ 2013-02-04T15:31:26+08:00 ] ERR: (ThinkException) 无法加载模块:Empt
[ 2013-02-04T15:31:26+08:00 ] ERR: (ThinkException) 无法加载模块:Empt
[ 2013-02-04T15:31:26+08:00 ] ERR: (ThinkException) 无法加载模块:Empt
[ 2013-02-04T15:31:26+08:00 ] ERR: (ThinkException) 无法加载模块:Empt
[ 2013-02-04T15:31:27+08:00 ] ERR: (ThinkException) 无法加载模块:Empt
[ 2013-02-04T15:31:27+08:00 ] ERR: (ThinkException) 无法加载模块:Empt
[ 2013-02-04T15:31:27+08:00 ] ERR: (ThinkException) 无法加载模块:Empt
[ 2013-02-04T15:31:27+08:00 ] ERR: (ThinkException) 无法加载模块:Empt
[ 2013-02-04T15:31:27+08:00 ] ERR: (ThinkException) 无法加载模块:Empt
[ 2013-02-04T15:31:27+08:00 ] ERR: (ThinkException) 无法加载模块:Empt
[ 2013-02-04T15:31:27+08:00 ] ERR: (ThinkException) 无法加载模块:Empt
[ 2013-02-04T15:31:27+08:00 ] ERR: (ThinkException) 无法加载模块:Empt
[ 2013-02-04T15:31:28+08:00 ] ERR: (ThinkException) 无法加载模块:Empt
[ 2013-02-04T15:31:35+08:00 ] ERR: (ThinkException) 无法加载模块:Empt
[ 2013-02-04T15:31:39+08:00 ] ERR: (ThinkException) 无法加载模块:Empt
[ 2013-02-04T15:31:43+08:00 ] ERR: (ThinkException) 无法加载模块:Empt
[ 2013-02-04T15:35:13+08:00 ] 127.0.0.1 /sp/index.php/Empt
INFO: [ route_check ] --START--
INFO: Run CheckRoute Behavior [ RunTime:0.001664s ]
INFO: [ route_check ] --END-- [ RunTime:0.001790s ]
INFO: [ app_begin ] --START--
INFO: Run ReadHtmlCache Behavior [ RunTime:0.001699s ]
INFO: [ app_begin ] --END-- [ RunTime:0.001802s ]

[ 2013-02-04T15:35:13+08:00 ] 127.0.0.1 /sp/index.php/Empt
INFO: [ route_check ] --START--
INFO: Run CheckRoute Behavior [ RunTime:0.001211s ]
INFO: [ route_check ] --END-- [ RunTime:0.001327s ]
INFO: [ app_begin ] --START--
INFO: Run ReadHtmlCache Behavior [ RunTime:0.002146s ]
INFO: [ app_begin ] --END-- [ RunTime:0.002318s ]

[ 2013-02-04T15:35:14+08:00 ] 127.0.0.1 /sp/index.php/Empt
INFO: [ route_check ] --START--
INFO: Run CheckRoute Behavior [ RunTime:0.001236s ]
INFO: [ route_check ] --END-- [ RunTime:0.001355s ]
INFO: [ app_begin ] --START--
INFO: Run ReadHtmlCache Behavior [ RunTime:0.001807s ]
INFO: [ app_begin ] --END-- [ RunTime:0.001912s ]

[ 2013-02-04T15:35:18+08:00 ] 127.0.0.1 /sp/index.php/Emptsafsfdf
INFO: [ route_check ] --START--
INFO: Run CheckRoute Behavior [ RunTime:0.001249s ]
INFO: [ route_check ] --END-- [ RunTime:0.001364s ]
INFO: [ app_begin ] --START--
INFO: Run ReadHtmlCache Behavior [ RunTime:0.001813s ]
INFO: [ app_begin ] --END-- [ RunTime:0.001924s ]

[ 2013-02-04T15:35:43+08:00 ] 127.0.0.1 /sp/index.php/Emptsafsfdf
INFO: [ route_check ] --START--
INFO: Run CheckRoute Behavior [ RunTime:0.002297s ]
INFO: [ route_check ] --END-- [ RunTime:0.002432s ]
INFO: [ app_begin ] --START--
INFO: Run ReadHtmlCache Behavior [ RunTime:0.001767s ]
INFO: [ app_begin ] --END-- [ RunTime:0.001866s ]

[ 2013-02-04T15:35:44+08:00 ] 127.0.0.1 /sp/index.php/Emptsafsfdf
INFO: [ route_check ] --START--
INFO: Run CheckRoute Behavior [ RunTime:0.002549s ]
INFO: [ route_check ] --END-- [ RunTime:0.002736s ]
INFO: [ app_begin ] --START--
INFO: Run ReadHtmlCache Behavior [ RunTime:0.002007s ]
INFO: [ app_begin ] --END-- [ RunTime:0.002175s ]

[ 2013-02-04T15:35:44+08:00 ] 127.0.0.1 /sp/index.php/Emptsafsfdf
INFO: [ route_check ] --START--
INFO: Run CheckRoute Behavior [ RunTime:0.001809s ]
INFO: [ route_check ] --END-- [ RunTime:0.001948s ]
INFO: [ app_begin ] --START--
INFO: Run ReadHtmlCache Behavior [ RunTime:0.001875s ]
INFO: [ app_begin ] --END-- [ RunTime:0.001988s ]

[ 2013-02-04T15:36:15+08:00 ] 127.0.0.1 /sp/index.php/Emptsafsfdf
INFO: [ route_check ] --START--
INFO: Run CheckRoute Behavior [ RunTime:0.001275s ]
INFO: [ route_check ] --END-- [ RunTime:0.001393s ]
INFO: [ app_begin ] --START--
INFO: Run ReadHtmlCache Behavior [ RunTime:0.001781s ]
INFO: [ app_begin ] --END-- [ RunTime:0.001881s ]

[ 2013-02-04T15:36:15+08:00 ] 127.0.0.1 /sp/index.php/Emptsafsfdf
INFO: [ route_check ] --START--
INFO: Run CheckRoute Behavior [ RunTime:0.001203s ]
INFO: [ route_check ] --END-- [ RunTime:0.001317s ]
INFO: [ app_begin ] --START--
INFO: Run ReadHtmlCache Behavior [ RunTime:0.001709s ]
INFO: [ app_begin ] --END-- [ RunTime:0.001833s ]

[ 2013-02-04T15:36:15+08:00 ] 127.0.0.1 /sp/index.php/Emptsafsfdf
INFO: [ route_check ] --START--
INFO: Run CheckRoute Behavior [ RunTime:0.002212s ]
INFO: [ route_check ] --END-- [ RunTime:0.002344s ]
INFO: [ app_begin ] --START--
INFO: Run ReadHtmlCache Behavior [ RunTime:0.001641s ]
INFO: [ app_begin ] --END-- [ RunTime:0.001732s ]

[ 2013-02-04T15:36:15+08:00 ] 127.0.0.1 /sp/index.php/Emptsafsfdf
INFO: [ route_check ] --START--
INFO: Run CheckRoute Behavior [ RunTime:0.001280s ]
INFO: [ route_check ] --END-- [ RunTime:0.001407s ]
INFO: [ app_begin ] --START--
INFO: Run ReadHtmlCache Behavior [ RunTime:0.003471s ]
INFO: [ app_begin ] --END-- [ RunTime:0.003656s ]

