[ 2013-04-01T00:10:05+08:00 ] 127.0.0.1 /sp/index.php?g=Admin&m=Goods&a=inforPartition
INFO: [ app_begin ] --START--
INFO: Run ReadHtmlCache Behavior [ RunTime:0.000960s ]
INFO: [ app_begin ] --END-- [ RunTime:0.001068s ]
NOTIC: [2] in_array() expects parameter 2 to be array, null given D:\AppServ\www\SP\Lib\Action\AdminCommonAction.class.php 第 10 行.
NOTIC: [8] Undefined index: url_rewrite D:\AppServ\www\SP\Lib\Action\AdminCommonAction.class.php 第 14 行.
SQL: SHOW COLUMNS FROM `sp_user_verified` [ RunTime:0.026450s ]
SQL: SELECT `uid`,`uname`,`status` FROM `sp_user_verified` WHERE ( uid='' ) LIMIT 1   [ RunTime:0.000545s ]
NOTIC: [2] is_array() expects exactly 1 parameter, 2 given D:\AppServ\www\SP\Lib\Action\AdminCommonAction.class.php 第 61 行.
INFO: [ view_template ] --START--
INFO: Run LocationTemplate Behavior [ RunTime:0.001614s ]
INFO: [ view_template ] --END-- [ RunTime:0.001740s ]
INFO: [ view_parse ] --START--
NOTIC: [8] Undefined variable: title D:\AppServ\www\SP\Runtime\Cache\Admin\e527869d8924016c8dd849d717414f93.php 第 5 行.
NOTIC: [8] Undefined variable: odd D:\AppServ\www\SP\Runtime\Cache\Admin\e527869d8924016c8dd849d717414f93.php 第 141 行.
NOTIC: [8] Undefined variable: even D:\AppServ\www\SP\Runtime\Cache\Admin\e527869d8924016c8dd849d717414f93.php 第 157 行.
INFO: Run ParseTemplate Behavior [ RunTime:0.016923s ]
INFO: [ view_parse ] --END-- [ RunTime:0.017025s ]
INFO: [ view_filter ] --START--
INFO: Run ContentReplace Behavior [ RunTime:0.000987s ]
INFO: Run TokenBuild Behavior [ RunTime:0.000687s ]
INFO: Run WriteHtmlCache Behavior [ RunTime:0.000560s ]
INFO: Run ShowRuntime Behavior [ RunTime:0.000908s ]
INFO: [ view_filter ] --END-- [ RunTime:0.003404s ]
INFO: [ view_end ] --START--
INFO: Run ShowPageTrace Behavior [ RunTime:0.000868s ]
INFO: [ view_end ] --END-- [ RunTime:0.000953s ]

[ 2013-04-01T00:10:06+08:00 ] 127.0.0.1 /sp/index.php?g=Admin&m=CitySet&a=showAll
INFO: [ app_begin ] --START--
INFO: Run ReadHtmlCache Behavior [ RunTime:0.000648s ]
INFO: [ app_begin ] --END-- [ RunTime:0.000764s ]
NOTIC: [2] in_array() expects parameter 2 to be array, null given D:\AppServ\www\SP\Lib\Action\AdminCommonAction.class.php 第 10 行.
NOTIC: [8] Undefined index: url_rewrite D:\AppServ\www\SP\Lib\Action\AdminCommonAction.class.php 第 14 行.
SQL: SHOW COLUMNS FROM `sp_user_verified` [ RunTime:0.018063s ]
SQL: SELECT `uid`,`uname`,`status` FROM `sp_user_verified` WHERE ( uid='' ) LIMIT 1   [ RunTime:0.000481s ]
NOTIC: [2] is_array() expects exactly 1 parameter, 2 given D:\AppServ\www\SP\Lib\Action\AdminCommonAction.class.php 第 61 行.
NOTIC: [2048] Declaration of MarketCityModel::addAll() should be compatible with that of Model::addAll() D:\AppServ\www\SP\Lib\Model\MarketCityModel.class.php 第 157 行.
SQL: SHOW COLUMNS FROM `sp_market_city` [ RunTime:0.016822s ]
NOTIC: [2048] Declaration of MarketProvinceModel::addAll() should be compatible with that of Model::addAll() D:\AppServ\www\SP\Lib\Model\MarketProvinceModel.class.php 第 153 行.
SQL: SHOW COLUMNS FROM `sp_market_province` [ RunTime:0.011176s ]
SQL: SELECT * FROM `sp_market_province` ORDER BY pid  [ RunTime:0.000356s ]
NOTIC: [8] Undefined variable: p D:\AppServ\www\SP\Lib\Action\Admin\CitySetAction.class.php 第 26 行.
SQL: SELECT * FROM `sp_market_city` WHERE ( pid='1' ) ORDER BY cid LIMIT 0,5   [ RunTime:0.000318s ]
NOTIC: [2] Missing argument 1 for Model::where(), called in D:\AppServ\www\SP\Lib\Model\MarketCityModel.class.php on line 23 and defined D:\AppServ\www\SP\ThinkPHP\Lib\Core\Model.class.php 第 1451 行.
NOTIC: [8] Undefined variable: where D:\AppServ\www\SP\ThinkPHP\Lib\Core\Model.class.php 第 1459 行.
NOTIC: [8] Undefined variable: where D:\AppServ\www\SP\ThinkPHP\Lib\Core\Model.class.php 第 1462 行.
NOTIC: [8] Undefined variable: where D:\AppServ\www\SP\ThinkPHP\Lib\Core\Model.class.php 第 1470 行.
SQL: SELECT COUNT(*) AS tp_count FROM `sp_market_city` LIMIT 1   [ RunTime:0.000231s ]
NOTIC: [8] Undefined variable: class D:\AppServ\www\SP\Lib\Action\Admin\CitySetAction.class.php 第 46 行.
NOTIC: [8] Undefined variable: infor D:\AppServ\www\SP\Lib\Action\Admin\CitySetAction.class.php 第 47 行.
INFO: [ view_template ] --START--
INFO: Run LocationTemplate Behavior [ RunTime:0.001389s ]
INFO: [ view_template ] --END-- [ RunTime:0.001473s ]
INFO: [ view_parse ] --START--
NOTIC: [8] Undefined variable: pids D:\AppServ\www\SP\Runtime\Cache\Admin\ab1b9afa51d7db9999730c36033a517c.php 第 8 行.
INFO: Run ParseTemplate Behavior [ RunTime:0.017389s ]
INFO: [ view_parse ] --END-- [ RunTime:0.017638s ]
INFO: [ view_filter ] --START--
INFO: Run ContentReplace Behavior [ RunTime:0.000550s ]
INFO: Run TokenBuild Behavior [ RunTime:0.000470s ]
INFO: Run WriteHtmlCache Behavior [ RunTime:0.000400s ]
INFO: Run ShowRuntime Behavior [ RunTime:0.000520s ]
INFO: [ view_filter ] --END-- [ RunTime:0.002136s ]
INFO: [ view_end ] --START--
INFO: Run ShowPageTrace Behavior [ RunTime:0.000644s ]
INFO: [ view_end ] --END-- [ RunTime:0.000711s ]

[ 2013-04-01T00:10:07+08:00 ] 127.0.0.1 /sp/index.php?g=Admin&m=AreaSet&a=provinceSet
INFO: [ app_begin ] --START--
INFO: Run ReadHtmlCache Behavior [ RunTime:0.000937s ]
INFO: [ app_begin ] --END-- [ RunTime:0.001036s ]
NOTIC: [2] in_array() expects parameter 2 to be array, null given D:\AppServ\www\SP\Lib\Action\AdminCommonAction.class.php 第 10 行.
NOTIC: [8] Undefined index: url_rewrite D:\AppServ\www\SP\Lib\Action\AdminCommonAction.class.php 第 14 行.
SQL: SHOW COLUMNS FROM `sp_user_verified` [ RunTime:0.018031s ]
SQL: SELECT `uid`,`uname`,`status` FROM `sp_user_verified` WHERE ( uid='' ) LIMIT 1   [ RunTime:0.000383s ]
NOTIC: [2] is_array() expects exactly 1 parameter, 2 given D:\AppServ\www\SP\Lib\Action\AdminCommonAction.class.php 第 61 行.
NOTIC: [2048] Declaration of MarketProvinceModel::addAll() should be compatible with that of Model::addAll() D:\AppServ\www\SP\Lib\Model\MarketProvinceModel.class.php 第 153 行.
SQL: SHOW COLUMNS FROM `sp_market_province` [ RunTime:0.011949s ]
NOTIC: [8] Undefined variable: p D:\AppServ\www\SP\Lib\Action\Admin\AreaSetAction.class.php 第 21 行.
SQL: SELECT * FROM `sp_market_province` ORDER BY pid LIMIT 0,5   [ RunTime:0.000347s ]
NOTIC: [2] Missing argument 1 for Model::where(), called in D:\AppServ\www\SP\Lib\Model\MarketProvinceModel.class.php on line 19 and defined D:\AppServ\www\SP\ThinkPHP\Lib\Core\Model.class.php 第 1451 行.
NOTIC: [8] Undefined variable: where D:\AppServ\www\SP\ThinkPHP\Lib\Core\Model.class.php 第 1459 行.
NOTIC: [8] Undefined variable: where D:\AppServ\www\SP\ThinkPHP\Lib\Core\Model.class.php 第 1462 行.
NOTIC: [8] Undefined variable: where D:\AppServ\www\SP\ThinkPHP\Lib\Core\Model.class.php 第 1470 行.
SQL: SELECT COUNT(*) AS tp_count FROM `sp_market_province` LIMIT 1   [ RunTime:0.000224s ]
NOTIC: [8] Undefined index: search D:\AppServ\www\SP\Lib\Action\Admin\AreaSetAction.class.php 第 26 行.
NOTIC: [8] Undefined variable: class D:\AppServ\www\SP\Lib\Action\Admin\AreaSetAction.class.php 第 41 行.
NOTIC: [8] Undefined variable: infor D:\AppServ\www\SP\Lib\Action\Admin\AreaSetAction.class.php 第 42 行.
INFO: [ view_template ] --START--
INFO: Run LocationTemplate Behavior [ RunTime:0.001491s ]
INFO: [ view_template ] --END-- [ RunTime:0.001587s ]
INFO: [ view_parse ] --START--
INFO: Run ParseTemplate Behavior [ RunTime:0.016799s ]
INFO: [ view_parse ] --END-- [ RunTime:0.016927s ]
INFO: [ view_filter ] --START--
INFO: Run ContentReplace Behavior [ RunTime:0.000711s ]
INFO: Run TokenBuild Behavior [ RunTime:0.000539s ]
INFO: Run WriteHtmlCache Behavior [ RunTime:0.000445s ]
INFO: Run ShowRuntime Behavior [ RunTime:0.000604s ]
INFO: [ view_filter ] --END-- [ RunTime:0.002479s ]
INFO: [ view_end ] --START--
INFO: Run ShowPageTrace Behavior [ RunTime:0.000746s ]
INFO: [ view_end ] --END-- [ RunTime:0.000807s ]

[ 2013-04-01T00:10:08+08:00 ] 127.0.0.1 /sp/index.php?g=Admin&m=InforPartition&a=showAll
INFO: [ app_begin ] --START--
INFO: Run ReadHtmlCache Behavior [ RunTime:0.001100s ]
INFO: [ app_begin ] --END-- [ RunTime:0.001258s ]
NOTIC: [2] in_array() expects parameter 2 to be array, null given D:\AppServ\www\SP\Lib\Action\AdminCommonAction.class.php 第 10 行.
NOTIC: [8] Undefined index: url_rewrite D:\AppServ\www\SP\Lib\Action\AdminCommonAction.class.php 第 14 行.
SQL: SHOW COLUMNS FROM `sp_user_verified` [ RunTime:0.030275s ]
SQL: SELECT `uid`,`uname`,`status` FROM `sp_user_verified` WHERE ( uid='' ) LIMIT 1   [ RunTime:0.073381s ]
NOTIC: [2] is_array() expects exactly 1 parameter, 2 given D:\AppServ\www\SP\Lib\Action\AdminCommonAction.class.php 第 61 行.
NOTIC: [2048] Declaration of CategoryModel::addAll() should be compatible with that of Model::addAll() D:\AppServ\www\SP\Lib\Model\CategoryModel.class.php 第 154 行.
SQL: SHOW COLUMNS FROM `sp_category` [ RunTime:0.009002s ]
NOTIC: [8] Undefined variable: p D:\AppServ\www\SP\Lib\Action\Admin\InforPartitionAction.class.php 第 22 行.
SQL: SELECT * FROM `sp_category` ORDER BY cid LIMIT 0,5   [ RunTime:0.000296s ]
SQL: SELECT * FROM `sp_category`  [ RunTime:0.000183s ]
NOTIC: [8] Undefined index: search D:\AppServ\www\SP\Lib\Action\Admin\InforPartitionAction.class.php 第 28 行.
NOTIC: [8] Undefined variable: class D:\AppServ\www\SP\Lib\Action\Admin\InforPartitionAction.class.php 第 42 行.
NOTIC: [8] Undefined variable: infor D:\AppServ\www\SP\Lib\Action\Admin\InforPartitionAction.class.php 第 43 行.
INFO: [ view_template ] --START--
INFO: Run LocationTemplate Behavior [ RunTime:0.001213s ]
INFO: [ view_template ] --END-- [ RunTime:0.001292s ]
INFO: [ view_parse ] --START--
INFO: Run ParseTemplate Behavior [ RunTime:0.015101s ]
INFO: [ view_parse ] --END-- [ RunTime:0.015213s ]
INFO: [ view_filter ] --START--
INFO: Run ContentReplace Behavior [ RunTime:0.000659s ]
INFO: Run TokenBuild Behavior [ RunTime:0.000574s ]
INFO: Run WriteHtmlCache Behavior [ RunTime:0.000452s ]
INFO: Run ShowRuntime Behavior [ RunTime:0.000654s ]
INFO: [ view_filter ] --END-- [ RunTime:0.002532s ]
INFO: [ view_end ] --START--
INFO: Run ShowPageTrace Behavior [ RunTime:0.000848s ]
INFO: [ view_end ] --END-- [ RunTime:0.000919s ]

[ 2013-04-01T00:10:17+08:00 ] 127.0.0.1 /sp/index.php?g=Admin&m=CitySet&a=showAll&style=block&class=alert%20alert-success&infor=%E5%A2%9E%E5%8A%A0%E6%88%90%E5%8A%9F%EF%BC%81
INFO: [ app_begin ] --START--
INFO: Run ReadHtmlCache Behavior [ RunTime:0.000807s ]
INFO: [ app_begin ] --END-- [ RunTime:0.000919s ]
NOTIC: [2] in_array() expects parameter 2 to be array, null given D:\AppServ\www\SP\Lib\Action\AdminCommonAction.class.php 第 10 行.
NOTIC: [8] Undefined index: url_rewrite D:\AppServ\www\SP\Lib\Action\AdminCommonAction.class.php 第 14 行.
SQL: SHOW COLUMNS FROM `sp_user_verified` [ RunTime:0.024281s ]
SQL: SELECT `uid`,`uname`,`status` FROM `sp_user_verified` WHERE ( uid='' ) LIMIT 1   [ RunTime:0.000768s ]
NOTIC: [2] is_array() expects exactly 1 parameter, 2 given D:\AppServ\www\SP\Lib\Action\AdminCommonAction.class.php 第 61 行.
NOTIC: [2048] Declaration of MarketCityModel::addAll() should be compatible with that of Model::addAll() D:\AppServ\www\SP\Lib\Model\MarketCityModel.class.php 第 157 行.
SQL: SHOW COLUMNS FROM `sp_market_city` [ RunTime:0.017309s ]
NOTIC: [2048] Declaration of MarketProvinceModel::addAll() should be compatible with that of Model::addAll() D:\AppServ\www\SP\Lib\Model\MarketProvinceModel.class.php 第 153 行.
SQL: SHOW COLUMNS FROM `sp_market_province` [ RunTime:0.008999s ]
SQL: SELECT * FROM `sp_market_province` ORDER BY pid  [ RunTime:0.000270s ]
NOTIC: [8] Undefined index: p D:\AppServ\www\SP\Lib\Action\Admin\CitySetAction.class.php 第 19 行.
SQL: SELECT * FROM `sp_market_city` WHERE ( pid='1' ) ORDER BY cid LIMIT 0,5   [ RunTime:0.035192s ]
NOTIC: [2] Missing argument 1 for Model::where(), called in D:\AppServ\www\SP\Lib\Model\MarketCityModel.class.php on line 23 and defined D:\AppServ\www\SP\ThinkPHP\Lib\Core\Model.class.php 第 1451 行.
NOTIC: [8] Undefined variable: where D:\AppServ\www\SP\ThinkPHP\Lib\Core\Model.class.php 第 1459 行.
NOTIC: [8] Undefined variable: where D:\AppServ\www\SP\ThinkPHP\Lib\Core\Model.class.php 第 1462 行.
NOTIC: [8] Undefined variable: where D:\AppServ\www\SP\ThinkPHP\Lib\Core\Model.class.php 第 1470 行.
SQL: SELECT COUNT(*) AS tp_count FROM `sp_market_city` LIMIT 1   [ RunTime:0.000250s ]
INFO: [ view_template ] --START--
INFO: Run LocationTemplate Behavior [ RunTime:0.000891s ]
INFO: [ view_template ] --END-- [ RunTime:0.000970s ]
INFO: [ view_parse ] --START--
NOTIC: [8] Undefined variable: pids D:\AppServ\www\SP\Runtime\Cache\Admin\ab1b9afa51d7db9999730c36033a517c.php 第 8 行.
NOTIC: [8] Undefined index: pname D:\AppServ\www\SP\Runtime\Cache\Admin\ab1b9afa51d7db9999730c36033a517c.php 第 55 行.
INFO: Run ParseTemplate Behavior [ RunTime:0.016210s ]
INFO: [ view_parse ] --END-- [ RunTime:0.016345s ]
INFO: [ view_filter ] --START--
INFO: Run ContentReplace Behavior [ RunTime:0.000541s ]
INFO: Run TokenBuild Behavior [ RunTime:0.000464s ]
INFO: Run WriteHtmlCache Behavior [ RunTime:0.000323s ]
INFO: Run ShowRuntime Behavior [ RunTime:0.000545s ]
INFO: [ view_filter ] --END-- [ RunTime:0.002062s ]
INFO: [ view_end ] --START--
INFO: Run ShowPageTrace Behavior [ RunTime:0.000650s ]
INFO: [ view_end ] --END-- [ RunTime:0.000717s ]

[ 2013-04-01T00:12:27+08:00 ] 127.0.0.1 /sp/index.php?g=Admin&m=Goods&a=inforPartition
INFO: [ app_begin ] --START--
INFO: Run ReadHtmlCache Behavior [ RunTime:0.000958s ]
INFO: [ app_begin ] --END-- [ RunTime:0.001071s ]
NOTIC: [2] in_array() expects parameter 2 to be array, null given D:\AppServ\www\SP\Lib\Action\AdminCommonAction.class.php 第 10 行.
NOTIC: [8] Undefined index: url_rewrite D:\AppServ\www\SP\Lib\Action\AdminCommonAction.class.php 第 14 行.
SQL: SHOW COLUMNS FROM `sp_user_verified` [ RunTime:0.027090s ]
SQL: SELECT `uid`,`uname`,`status` FROM `sp_user_verified` WHERE ( uid='' ) LIMIT 1   [ RunTime:0.000894s ]
NOTIC: [2] is_array() expects exactly 1 parameter, 2 given D:\AppServ\www\SP\Lib\Action\AdminCommonAction.class.php 第 61 行.
INFO: [ view_template ] --START--
INFO: Run LocationTemplate Behavior [ RunTime:0.002833s ]
INFO: [ view_template ] --END-- [ RunTime:0.003036s ]
INFO: [ view_parse ] --START--
NOTIC: [8] Undefined variable: title D:\AppServ\www\SP\Runtime\Cache\Admin\e527869d8924016c8dd849d717414f93.php 第 5 行.
NOTIC: [8] Undefined variable: odd D:\AppServ\www\SP\Runtime\Cache\Admin\e527869d8924016c8dd849d717414f93.php 第 141 行.
NOTIC: [8] Undefined variable: even D:\AppServ\www\SP\Runtime\Cache\Admin\e527869d8924016c8dd849d717414f93.php 第 157 行.
INFO: Run ParseTemplate Behavior [ RunTime:0.017256s ]
INFO: [ view_parse ] --END-- [ RunTime:0.017394s ]
INFO: [ view_filter ] --START--
INFO: Run ContentReplace Behavior [ RunTime:0.000745s ]
INFO: Run TokenBuild Behavior [ RunTime:0.000596s ]
INFO: Run WriteHtmlCache Behavior [ RunTime:0.000448s ]
INFO: Run ShowRuntime Behavior [ RunTime:0.000667s ]
INFO: [ view_filter ] --END-- [ RunTime:0.002678s ]
INFO: [ view_end ] --START--
INFO: Run ShowPageTrace Behavior [ RunTime:0.000811s ]
INFO: [ view_end ] --END-- [ RunTime:0.000891s ]

[ 2013-04-01T00:12:28+08:00 ] 127.0.0.1 /sp/index.php?g=Admin&m=CitySet&a=showAll
INFO: [ app_begin ] --START--
INFO: Run ReadHtmlCache Behavior [ RunTime:0.000987s ]
INFO: [ app_begin ] --END-- [ RunTime:0.001089s ]
NOTIC: [2] in_array() expects parameter 2 to be array, null given D:\AppServ\www\SP\Lib\Action\AdminCommonAction.class.php 第 10 行.
NOTIC: [8] Undefined index: url_rewrite D:\AppServ\www\SP\Lib\Action\AdminCommonAction.class.php 第 14 行.
SQL: SHOW COLUMNS FROM `sp_user_verified` [ RunTime:0.024801s ]
SQL: SELECT `uid`,`uname`,`status` FROM `sp_user_verified` WHERE ( uid='' ) LIMIT 1   [ RunTime:0.000759s ]
NOTIC: [2] is_array() expects exactly 1 parameter, 2 given D:\AppServ\www\SP\Lib\Action\AdminCommonAction.class.php 第 61 行.
NOTIC: [2048] Declaration of MarketCityModel::addAll() should be compatible with that of Model::addAll() D:\AppServ\www\SP\Lib\Model\MarketCityModel.class.php 第 157 行.
SQL: SHOW COLUMNS FROM `sp_market_city` [ RunTime:0.018292s ]
NOTIC: [2048] Declaration of MarketProvinceModel::addAll() should be compatible with that of Model::addAll() D:\AppServ\www\SP\Lib\Model\MarketProvinceModel.class.php 第 153 行.
SQL: SHOW COLUMNS FROM `sp_market_province` [ RunTime:0.011763s ]
SQL: SELECT * FROM `sp_market_province` ORDER BY pid  [ RunTime:0.000343s ]
NOTIC: [8] Undefined variable: p D:\AppServ\www\SP\Lib\Action\Admin\CitySetAction.class.php 第 26 行.
SQL: SELECT * FROM `sp_market_city` WHERE ( pid='1' ) ORDER BY cid LIMIT 0,5   [ RunTime:0.000343s ]
NOTIC: [2] Missing argument 1 for Model::where(), called in D:\AppServ\www\SP\Lib\Model\MarketCityModel.class.php on line 23 and defined D:\AppServ\www\SP\ThinkPHP\Lib\Core\Model.class.php 第 1451 行.
NOTIC: [8] Undefined variable: where D:\AppServ\www\SP\ThinkPHP\Lib\Core\Model.class.php 第 1459 行.
NOTIC: [8] Undefined variable: where D:\AppServ\www\SP\ThinkPHP\Lib\Core\Model.class.php 第 1462 行.
NOTIC: [8] Undefined variable: where D:\AppServ\www\SP\ThinkPHP\Lib\Core\Model.class.php 第 1470 行.
SQL: SELECT COUNT(*) AS tp_count FROM `sp_market_city` LIMIT 1   [ RunTime:0.000223s ]
NOTIC: [8] Undefined variable: class D:\AppServ\www\SP\Lib\Action\Admin\CitySetAction.class.php 第 46 行.
NOTIC: [8] Undefined variable: infor D:\AppServ\www\SP\Lib\Action\Admin\CitySetAction.class.php 第 47 行.
INFO: [ view_template ] --START--
INFO: Run LocationTemplate Behavior [ RunTime:0.001480s ]
INFO: [ view_template ] --END-- [ RunTime:0.001576s ]
INFO: [ view_parse ] --START--
NOTIC: [8] Undefined variable: pids D:\AppServ\www\SP\Runtime\Cache\Admin\ab1b9afa51d7db9999730c36033a517c.php 第 8 行.
INFO: Run ParseTemplate Behavior [ RunTime:0.017937s ]
INFO: [ view_parse ] --END-- [ RunTime:0.018028s ]
INFO: [ view_filter ] --START--
INFO: Run ContentReplace Behavior [ RunTime:0.000637s ]
INFO: Run TokenBuild Behavior [ RunTime:0.000529s ]
INFO: Run WriteHtmlCache Behavior [ RunTime:0.000476s ]
INFO: Run ShowRuntime Behavior [ RunTime:0.000683s ]
INFO: [ view_filter ] --END-- [ RunTime:0.002514s ]
INFO: [ view_end ] --START--
INFO: Run ShowPageTrace Behavior [ RunTime:0.000736s ]
INFO: [ view_end ] --END-- [ RunTime:0.000804s ]

[ 2013-04-01T00:12:29+08:00 ] 127.0.0.1 /sp/index.php?g=Admin&m=AreaSet&a=provinceSet
INFO: [ app_begin ] --START--
INFO: Run ReadHtmlCache Behavior [ RunTime:0.000931s ]
INFO: [ app_begin ] --END-- [ RunTime:0.001030s ]
NOTIC: [2] in_array() expects parameter 2 to be array, null given D:\AppServ\www\SP\Lib\Action\AdminCommonAction.class.php 第 10 行.
NOTIC: [8] Undefined index: url_rewrite D:\AppServ\www\SP\Lib\Action\AdminCommonAction.class.php 第 14 行.
SQL: SHOW COLUMNS FROM `sp_user_verified` [ RunTime:0.026444s ]
SQL: SELECT `uid`,`uname`,`status` FROM `sp_user_verified` WHERE ( uid='' ) LIMIT 1   [ RunTime:0.000687s ]
NOTIC: [2] is_array() expects exactly 1 parameter, 2 given D:\AppServ\www\SP\Lib\Action\AdminCommonAction.class.php 第 61 行.
NOTIC: [2048] Declaration of MarketProvinceModel::addAll() should be compatible with that of Model::addAll() D:\AppServ\www\SP\Lib\Model\MarketProvinceModel.class.php 第 153 行.
SQL: SHOW COLUMNS FROM `sp_market_province` [ RunTime:0.012733s ]
NOTIC: [8] Undefined variable: p D:\AppServ\www\SP\Lib\Action\Admin\AreaSetAction.class.php 第 21 行.
SQL: SELECT * FROM `sp_market_province` ORDER BY pid LIMIT 0,5   [ RunTime:0.000300s ]
NOTIC: [2] Missing argument 1 for Model::where(), called in D:\AppServ\www\SP\Lib\Model\MarketProvinceModel.class.php on line 19 and defined D:\AppServ\www\SP\ThinkPHP\Lib\Core\Model.class.php 第 1451 行.
NOTIC: [8] Undefined variable: where D:\AppServ\www\SP\ThinkPHP\Lib\Core\Model.class.php 第 1459 行.
NOTIC: [8] Undefined variable: where D:\AppServ\www\SP\ThinkPHP\Lib\Core\Model.class.php 第 1462 行.
NOTIC: [8] Undefined variable: where D:\AppServ\www\SP\ThinkPHP\Lib\Core\Model.class.php 第 1470 行.
SQL: SELECT COUNT(*) AS tp_count FROM `sp_market_province` LIMIT 1   [ RunTime:0.000185s ]
NOTIC: [8] Undefined index: search D:\AppServ\www\SP\Lib\Action\Admin\AreaSetAction.class.php 第 26 行.
NOTIC: [8] Undefined variable: class D:\AppServ\www\SP\Lib\Action\Admin\AreaSetAction.class.php 第 41 行.
NOTIC: [8] Undefined variable: infor D:\AppServ\www\SP\Lib\Action\Admin\AreaSetAction.class.php 第 42 行.
INFO: [ view_template ] --START--
INFO: Run LocationTemplate Behavior [ RunTime:0.001168s ]
INFO: [ view_template ] --END-- [ RunTime:0.001243s ]
INFO: [ view_parse ] --START--
INFO: Run ParseTemplate Behavior [ RunTime:0.016004s ]
INFO: [ view_parse ] --END-- [ RunTime:0.016113s ]
INFO: [ view_filter ] --START--
INFO: Run ContentReplace Behavior [ RunTime:0.000661s ]
INFO: Run TokenBuild Behavior [ RunTime:0.000592s ]
INFO: Run WriteHtmlCache Behavior [ RunTime:0.000586s ]
INFO: Run ShowRuntime Behavior [ RunTime:0.000708s ]
INFO: [ view_filter ] --END-- [ RunTime:0.002755s ]
INFO: [ view_end ] --START--
INFO: Run ShowPageTrace Behavior [ RunTime:0.000795s ]
INFO: [ view_end ] --END-- [ RunTime:0.000865s ]

[ 2013-04-01T00:12:30+08:00 ] 127.0.0.1 /sp/index.php?g=Admin&m=InforPartition&a=showAll
INFO: [ app_begin ] --START--
INFO: Run ReadHtmlCache Behavior [ RunTime:0.001005s ]
INFO: [ app_begin ] --END-- [ RunTime:0.001102s ]
NOTIC: [2] in_array() expects parameter 2 to be array, null given D:\AppServ\www\SP\Lib\Action\AdminCommonAction.class.php 第 10 行.
NOTIC: [8] Undefined index: url_rewrite D:\AppServ\www\SP\Lib\Action\AdminCommonAction.class.php 第 14 行.
SQL: SHOW COLUMNS FROM `sp_user_verified` [ RunTime:0.023172s ]
SQL: SELECT `uid`,`uname`,`status` FROM `sp_user_verified` WHERE ( uid='' ) LIMIT 1   [ RunTime:0.000383s ]
NOTIC: [2] is_array() expects exactly 1 parameter, 2 given D:\AppServ\www\SP\Lib\Action\AdminCommonAction.class.php 第 61 行.
NOTIC: [2048] Declaration of CategoryModel::addAll() should be compatible with that of Model::addAll() D:\AppServ\www\SP\Lib\Model\CategoryModel.class.php 第 154 行.
SQL: SHOW COLUMNS FROM `sp_category` [ RunTime:0.011409s ]
NOTIC: [8] Undefined variable: p D:\AppServ\www\SP\Lib\Action\Admin\InforPartitionAction.class.php 第 22 行.
SQL: SELECT * FROM `sp_category` ORDER BY cid LIMIT 0,5   [ RunTime:0.000347s ]
SQL: SELECT * FROM `sp_category`  [ RunTime:0.000234s ]
NOTIC: [8] Undefined index: search D:\AppServ\www\SP\Lib\Action\Admin\InforPartitionAction.class.php 第 28 行.
NOTIC: [8] Undefined variable: class D:\AppServ\www\SP\Lib\Action\Admin\InforPartitionAction.class.php 第 42 行.
NOTIC: [8] Undefined variable: infor D:\AppServ\www\SP\Lib\Action\Admin\InforPartitionAction.class.php 第 43 行.
INFO: [ view_template ] --START--
INFO: Run LocationTemplate Behavior [ RunTime:0.001602s ]
INFO: [ view_template ] --END-- [ RunTime:0.001700s ]
INFO: [ view_parse ] --START--
INFO: Run ParseTemplate Behavior [ RunTime:0.018020s ]
INFO: [ view_parse ] --END-- [ RunTime:0.018143s ]
INFO: [ view_filter ] --START--
INFO: Run ContentReplace Behavior [ RunTime:0.000670s ]
INFO: Run TokenBuild Behavior [ RunTime:0.000535s ]
INFO: Run WriteHtmlCache Behavior [ RunTime:0.000429s ]
INFO: Run ShowRuntime Behavior [ RunTime:0.000604s ]
INFO: [ view_filter ] --END-- [ RunTime:0.002418s ]
INFO: [ view_end ] --START--
INFO: Run ShowPageTrace Behavior [ RunTime:0.000754s ]
INFO: [ view_end ] --END-- [ RunTime:0.000814s ]

[ 2013-04-01T00:12:35+08:00 ] 127.0.0.1 /sp/index.php?g=Admin&m=CitySet&a=showAll
INFO: [ app_begin ] --START--
INFO: Run ReadHtmlCache Behavior [ RunTime:0.000630s ]
INFO: [ app_begin ] --END-- [ RunTime:0.000721s ]
NOTIC: [2] in_array() expects parameter 2 to be array, null given D:\AppServ\www\SP\Lib\Action\AdminCommonAction.class.php 第 10 行.
NOTIC: [8] Undefined index: url_rewrite D:\AppServ\www\SP\Lib\Action\AdminCommonAction.class.php 第 14 行.
SQL: SHOW COLUMNS FROM `sp_user_verified` [ RunTime:0.024541s ]
SQL: SELECT `uid`,`uname`,`status` FROM `sp_user_verified` WHERE ( uid='' ) LIMIT 1   [ RunTime:0.000381s ]
NOTIC: [2] is_array() expects exactly 1 parameter, 2 given D:\AppServ\www\SP\Lib\Action\AdminCommonAction.class.php 第 61 行.
NOTIC: [2048] Declaration of MarketCityModel::addAll() should be compatible with that of Model::addAll() D:\AppServ\www\SP\Lib\Model\MarketCityModel.class.php 第 157 行.
SQL: SHOW COLUMNS FROM `sp_market_city` [ RunTime:0.011720s ]
NOTIC: [2048] Declaration of MarketProvinceModel::addAll() should be compatible with that of Model::addAll() D:\AppServ\www\SP\Lib\Model\MarketProvinceModel.class.php 第 153 行.
SQL: SHOW COLUMNS FROM `sp_market_province` [ RunTime:0.011594s ]
SQL: SELECT * FROM `sp_market_province` ORDER BY pid  [ RunTime:0.000330s ]
NOTIC: [8] Undefined index: p D:\AppServ\www\SP\Lib\Action\Admin\CitySetAction.class.php 第 21 行.
SQL: SELECT * FROM `sp_market_city` WHERE ( pid='5' ) ORDER BY cid LIMIT 0,5   [ RunTime:0.000323s ]
NOTIC: [2] Missing argument 1 for Model::where(), called in D:\AppServ\www\SP\Lib\Model\MarketCityModel.class.php on line 23 and defined D:\AppServ\www\SP\ThinkPHP\Lib\Core\Model.class.php 第 1451 行.
NOTIC: [8] Undefined variable: where D:\AppServ\www\SP\ThinkPHP\Lib\Core\Model.class.php 第 1459 行.
NOTIC: [8] Undefined variable: where D:\AppServ\www\SP\ThinkPHP\Lib\Core\Model.class.php 第 1462 行.
NOTIC: [8] Undefined variable: where D:\AppServ\www\SP\ThinkPHP\Lib\Core\Model.class.php 第 1470 行.
SQL: SELECT COUNT(*) AS tp_count FROM `sp_market_city` LIMIT 1   [ RunTime:0.000220s ]
NOTIC: [8] Undefined variable: class D:\AppServ\www\SP\Lib\Action\Admin\CitySetAction.class.php 第 46 行.
NOTIC: [8] Undefined variable: infor D:\AppServ\www\SP\Lib\Action\Admin\CitySetAction.class.php 第 47 行.
INFO: [ view_template ] --START--
INFO: Run LocationTemplate Behavior [ RunTime:0.000771s ]
INFO: [ view_template ] --END-- [ RunTime:0.000844s ]
INFO: [ view_parse ] --START--
NOTIC: [8] Undefined variable: pids D:\AppServ\www\SP\Runtime\Cache\Admin\ab1b9afa51d7db9999730c36033a517c.php 第 8 行.
INFO: Run ParseTemplate Behavior [ RunTime:0.015242s ]
INFO: [ view_parse ] --END-- [ RunTime:0.015324s ]
INFO: [ view_filter ] --START--
INFO: Run ContentReplace Behavior [ RunTime:0.000459s ]
INFO: Run TokenBuild Behavior [ RunTime:0.000433s ]
INFO: Run WriteHtmlCache Behavior [ RunTime:0.000294s ]
INFO: Run ShowRuntime Behavior [ RunTime:0.000516s ]
INFO: [ view_filter ] --END-- [ RunTime:0.001883s ]
INFO: [ view_end ] --START--
INFO: Run ShowPageTrace Behavior [ RunTime:0.000648s ]
INFO: [ view_end ] --END-- [ RunTime:0.000715s ]

[ 2013-04-01T00:12:38+08:00 ] 127.0.0.1 /sp/index.php?g=Admin&m=CitySet&a=showAll
INFO: [ app_begin ] --START--
INFO: Run ReadHtmlCache Behavior [ RunTime:0.000901s ]
INFO: [ app_begin ] --END-- [ RunTime:0.001030s ]
NOTIC: [2] in_array() expects parameter 2 to be array, null given D:\AppServ\www\SP\Lib\Action\AdminCommonAction.class.php 第 10 行.
NOTIC: [8] Undefined index: url_rewrite D:\AppServ\www\SP\Lib\Action\AdminCommonAction.class.php 第 14 行.
SQL: SHOW COLUMNS FROM `sp_user_verified` [ RunTime:0.024235s ]
SQL: SELECT `uid`,`uname`,`status` FROM `sp_user_verified` WHERE ( uid='' ) LIMIT 1   [ RunTime:0.000676s ]
NOTIC: [2] is_array() expects exactly 1 parameter, 2 given D:\AppServ\www\SP\Lib\Action\AdminCommonAction.class.php 第 61 行.
NOTIC: [2048] Declaration of MarketCityModel::addAll() should be compatible with that of Model::addAll() D:\AppServ\www\SP\Lib\Model\MarketCityModel.class.php 第 157 行.
SQL: SHOW COLUMNS FROM `sp_market_city` [ RunTime:0.015531s ]
NOTIC: [2048] Declaration of MarketProvinceModel::addAll() should be compatible with that of Model::addAll() D:\AppServ\www\SP\Lib\Model\MarketProvinceModel.class.php 第 153 行.
SQL: SHOW COLUMNS FROM `sp_market_province` [ RunTime:0.011558s ]
SQL: SELECT * FROM `sp_market_province` ORDER BY pid  [ RunTime:0.000328s ]
NOTIC: [8] Undefined index: p D:\AppServ\www\SP\Lib\Action\Admin\CitySetAction.class.php 第 21 行.
SQL: SELECT * FROM `sp_market_city` WHERE ( pid='1' ) ORDER BY cid LIMIT 0,5   [ RunTime:0.000338s ]
NOTIC: [2] Missing argument 1 for Model::where(), called in D:\AppServ\www\SP\Lib\Model\MarketCityModel.class.php on line 23 and defined D:\AppServ\www\SP\ThinkPHP\Lib\Core\Model.class.php 第 1451 行.
NOTIC: [8] Undefined variable: where D:\AppServ\www\SP\ThinkPHP\Lib\Core\Model.class.php 第 1459 行.
NOTIC: [8] Undefined variable: where D:\AppServ\www\SP\ThinkPHP\Lib\Core\Model.class.php 第 1462 行.
NOTIC: [8] Undefined variable: where D:\AppServ\www\SP\ThinkPHP\Lib\Core\Model.class.php 第 1470 行.
SQL: SELECT COUNT(*) AS tp_count FROM `sp_market_city` LIMIT 1   [ RunTime:0.000217s ]
NOTIC: [8] Undefined variable: class D:\AppServ\www\SP\Lib\Action\Admin\CitySetAction.class.php 第 46 行.
NOTIC: [8] Undefined variable: infor D:\AppServ\www\SP\Lib\Action\Admin\CitySetAction.class.php 第 47 行.
INFO: [ view_template ] --START--
INFO: Run LocationTemplate Behavior [ RunTime:0.000823s ]
INFO: [ view_template ] --END-- [ RunTime:0.000920s ]
INFO: [ view_parse ] --START--
NOTIC: [8] Undefined variable: pids D:\AppServ\www\SP\Runtime\Cache\Admin\ab1b9afa51d7db9999730c36033a517c.php 第 8 行.
INFO: Run ParseTemplate Behavior [ RunTime:0.016631s ]
INFO: [ view_parse ] --END-- [ RunTime:0.016724s ]
INFO: [ view_filter ] --START--
INFO: Run ContentReplace Behavior [ RunTime:0.000485s ]
INFO: Run TokenBuild Behavior [ RunTime:0.000427s ]
INFO: Run WriteHtmlCache Behavior [ RunTime:0.000301s ]
INFO: Run ShowRuntime Behavior [ RunTime:0.000484s ]
INFO: [ view_filter ] --END-- [ RunTime:0.001874s ]
INFO: [ view_end ] --START--
INFO: Run ShowPageTrace Behavior [ RunTime:0.000631s ]
INFO: [ view_end ] --END-- [ RunTime:0.000695s ]

[ 2013-04-01T00:14:25+08:00 ] 127.0.0.1 /sp/index.php?g=Admin&m=Goods&a=inforPartition
INFO: [ app_begin ] --START--
INFO: Run ReadHtmlCache Behavior [ RunTime:0.001102s ]
INFO: [ app_begin ] --END-- [ RunTime:0.001212s ]
NOTIC: [2] in_array() expects parameter 2 to be array, null given D:\AppServ\www\SP\Lib\Action\AdminCommonAction.class.php 第 10 行.
NOTIC: [8] Undefined index: url_rewrite D:\AppServ\www\SP\Lib\Action\AdminCommonAction.class.php 第 14 行.
SQL: SHOW COLUMNS FROM `sp_user_verified` [ RunTime:0.021832s ]
SQL: SELECT `uid`,`uname`,`status` FROM `sp_user_verified` WHERE ( uid='' ) LIMIT 1   [ RunTime:0.000545s ]
NOTIC: [2] is_array() expects exactly 1 parameter, 2 given D:\AppServ\www\SP\Lib\Action\AdminCommonAction.class.php 第 61 行.
INFO: [ view_template ] --START--
INFO: Run LocationTemplate Behavior [ RunTime:0.001120s ]
INFO: [ view_template ] --END-- [ RunTime:0.001237s ]
INFO: [ view_parse ] --START--
NOTIC: [8] Undefined variable: title D:\AppServ\www\SP\Runtime\Cache\Admin\e527869d8924016c8dd849d717414f93.php 第 5 行.
NOTIC: [8] Undefined variable: odd D:\AppServ\www\SP\Runtime\Cache\Admin\e527869d8924016c8dd849d717414f93.php 第 141 行.
NOTIC: [8] Undefined variable: even D:\AppServ\www\SP\Runtime\Cache\Admin\e527869d8924016c8dd849d717414f93.php 第 157 行.
INFO: Run ParseTemplate Behavior [ RunTime:0.016659s ]
INFO: [ view_parse ] --END-- [ RunTime:0.016771s ]
INFO: [ view_filter ] --START--
INFO: Run ContentReplace Behavior [ RunTime:0.000693s ]
INFO: Run TokenBuild Behavior [ RunTime:0.000571s ]
INFO: Run WriteHtmlCache Behavior [ RunTime:0.000424s ]
INFO: Run ShowRuntime Behavior [ RunTime:0.000692s ]
INFO: [ view_filter ] --END-- [ RunTime:0.002646s ]
INFO: [ view_end ] --START--
INFO: Run ShowPageTrace Behavior [ RunTime:0.000827s ]
INFO: [ view_end ] --END-- [ RunTime:0.000924s ]

[ 2013-04-01T00:14:26+08:00 ] 127.0.0.1 /sp/index.php?g=Admin&m=CitySet&a=showAll
INFO: [ app_begin ] --START--
INFO: Run ReadHtmlCache Behavior [ RunTime:0.000655s ]
INFO: [ app_begin ] --END-- [ RunTime:0.000752s ]
NOTIC: [2] in_array() expects parameter 2 to be array, null given D:\AppServ\www\SP\Lib\Action\AdminCommonAction.class.php 第 10 行.
NOTIC: [8] Undefined index: url_rewrite D:\AppServ\www\SP\Lib\Action\AdminCommonAction.class.php 第 14 行.
SQL: SHOW COLUMNS FROM `sp_user_verified` [ RunTime:0.022207s ]
SQL: SELECT `uid`,`uname`,`status` FROM `sp_user_verified` WHERE ( uid='' ) LIMIT 1   [ RunTime:0.000401s ]
NOTIC: [2] is_array() expects exactly 1 parameter, 2 given D:\AppServ\www\SP\Lib\Action\AdminCommonAction.class.php 第 61 行.
NOTIC: [2048] Declaration of MarketCityModel::addAll() should be compatible with that of Model::addAll() D:\AppServ\www\SP\Lib\Model\MarketCityModel.class.php 第 157 行.
SQL: SHOW COLUMNS FROM `sp_market_city` [ RunTime:0.013419s ]
NOTIC: [2048] Declaration of MarketProvinceModel::addAll() should be compatible with that of Model::addAll() D:\AppServ\www\SP\Lib\Model\MarketProvinceModel.class.php 第 153 行.
SQL: SHOW COLUMNS FROM `sp_market_province` [ RunTime:0.011258s ]
SQL: SELECT * FROM `sp_market_province` ORDER BY pid  [ RunTime:0.000292s ]
NOTIC: [8] Undefined variable: p D:\AppServ\www\SP\Lib\Action\Admin\CitySetAction.class.php 第 26 行.
SQL: SELECT * FROM `sp_market_city` WHERE ( pid='1' ) ORDER BY cid LIMIT 0,5   [ RunTime:0.000279s ]
NOTIC: [2] Missing argument 1 for Model::where(), called in D:\AppServ\www\SP\Lib\Model\MarketCityModel.class.php on line 23 and defined D:\AppServ\www\SP\ThinkPHP\Lib\Core\Model.class.php 第 1451 行.
NOTIC: [8] Undefined variable: where D:\AppServ\www\SP\ThinkPHP\Lib\Core\Model.class.php 第 1459 行.
NOTIC: [8] Undefined variable: where D:\AppServ\www\SP\ThinkPHP\Lib\Core\Model.class.php 第 1462 行.
NOTIC: [8] Undefined variable: where D:\AppServ\www\SP\ThinkPHP\Lib\Core\Model.class.php 第 1470 行.
SQL: SELECT COUNT(*) AS tp_count FROM `sp_market_city` LIMIT 1   [ RunTime:0.000171s ]
NOTIC: [8] Undefined variable: class D:\AppServ\www\SP\Lib\Action\Admin\CitySetAction.class.php 第 46 行.
NOTIC: [8] Undefined variable: infor D:\AppServ\www\SP\Lib\Action\Admin\CitySetAction.class.php 第 47 行.
INFO: [ view_template ] --START--
INFO: Run LocationTemplate Behavior [ RunTime:0.000777s ]
INFO: [ view_template ] --END-- [ RunTime:0.000852s ]
INFO: [ view_parse ] --START--
NOTIC: [8] Undefined variable: pids D:\AppServ\www\SP\Runtime\Cache\Admin\ab1b9afa51d7db9999730c36033a517c.php 第 8 行.
INFO: Run ParseTemplate Behavior [ RunTime:0.015969s ]
INFO: [ view_parse ] --END-- [ RunTime:0.016053s ]
INFO: [ view_filter ] --START--
INFO: Run ContentReplace Behavior [ RunTime:0.000517s ]
INFO: Run TokenBuild Behavior [ RunTime:0.000481s ]
INFO: Run WriteHtmlCache Behavior [ RunTime:0.000328s ]
INFO: Run ShowRuntime Behavior [ RunTime:0.000537s ]
INFO: [ view_filter ] --END-- [ RunTime:0.002053s ]
INFO: [ view_end ] --START--
INFO: Run ShowPageTrace Behavior [ RunTime:0.000657s ]
INFO: [ view_end ] --END-- [ RunTime:0.000725s ]

[ 2013-04-01T00:14:27+08:00 ] 127.0.0.1 /sp/index.php?g=Admin&m=AreaSet&a=provinceSet
INFO: [ app_begin ] --START--
INFO: Run ReadHtmlCache Behavior [ RunTime:0.000629s ]
INFO: [ app_begin ] --END-- [ RunTime:0.000725s ]
NOTIC: [2] in_array() expects parameter 2 to be array, null given D:\AppServ\www\SP\Lib\Action\AdminCommonAction.class.php 第 10 行.
NOTIC: [8] Undefined index: url_rewrite D:\AppServ\www\SP\Lib\Action\AdminCommonAction.class.php 第 14 行.
SQL: SHOW COLUMNS FROM `sp_user_verified` [ RunTime:0.013959s ]
SQL: SELECT `uid`,`uname`,`status` FROM `sp_user_verified` WHERE ( uid='' ) LIMIT 1   [ RunTime:0.000461s ]
NOTIC: [2] is_array() expects exactly 1 parameter, 2 given D:\AppServ\www\SP\Lib\Action\AdminCommonAction.class.php 第 61 行.
NOTIC: [2048] Declaration of MarketProvinceModel::addAll() should be compatible with that of Model::addAll() D:\AppServ\www\SP\Lib\Model\MarketProvinceModel.class.php 第 153 行.
SQL: SHOW COLUMNS FROM `sp_market_province` [ RunTime:0.012446s ]
NOTIC: [8] Undefined variable: p D:\AppServ\www\SP\Lib\Action\Admin\AreaSetAction.class.php 第 21 行.
SQL: SELECT * FROM `sp_market_province` ORDER BY pid LIMIT 0,5   [ RunTime:0.000435s ]
NOTIC: [2] Missing argument 1 for Model::where(), called in D:\AppServ\www\SP\Lib\Model\MarketProvinceModel.class.php on line 19 and defined D:\AppServ\www\SP\ThinkPHP\Lib\Core\Model.class.php 第 1451 行.
NOTIC: [8] Undefined variable: where D:\AppServ\www\SP\ThinkPHP\Lib\Core\Model.class.php 第 1459 行.
NOTIC: [8] Undefined variable: where D:\AppServ\www\SP\ThinkPHP\Lib\Core\Model.class.php 第 1462 行.
NOTIC: [8] Undefined variable: where D:\AppServ\www\SP\ThinkPHP\Lib\Core\Model.class.php 第 1470 行.
SQL: SELECT COUNT(*) AS tp_count FROM `sp_market_province` LIMIT 1   [ RunTime:0.000249s ]
NOTIC: [8] Undefined index: search D:\AppServ\www\SP\Lib\Action\Admin\AreaSetAction.class.php 第 26 行.
NOTIC: [8] Undefined variable: class D:\AppServ\www\SP\Lib\Action\Admin\AreaSetAction.class.php 第 41 行.
NOTIC: [8] Undefined variable: infor D:\AppServ\www\SP\Lib\Action\Admin\AreaSetAction.class.php 第 42 行.
INFO: [ view_template ] --START--
INFO: Run LocationTemplate Behavior [ RunTime:0.000916s ]
INFO: [ view_template ] --END-- [ RunTime:0.001004s ]
INFO: [ view_parse ] --START--
INFO: Run ParseTemplate Behavior [ RunTime:0.016675s ]
INFO: [ view_parse ] --END-- [ RunTime:0.016801s ]
INFO: [ view_filter ] --START--
INFO: Run ContentReplace Behavior [ RunTime:0.000580s ]
INFO: Run TokenBuild Behavior [ RunTime:0.000532s ]
INFO: Run WriteHtmlCache Behavior [ RunTime:0.000402s ]
INFO: Run ShowRuntime Behavior [ RunTime:0.000601s ]
INFO: [ view_filter ] --END-- [ RunTime:0.002341s ]
INFO: [ view_end ] --START--
INFO: Run ShowPageTrace Behavior [ RunTime:0.000734s ]
INFO: [ view_end ] --END-- [ RunTime:0.000815s ]

[ 2013-04-01T00:14:28+08:00 ] 127.0.0.1 /sp/index.php?g=Admin&m=InforPartition&a=showAll
INFO: [ app_begin ] --START--
INFO: Run ReadHtmlCache Behavior [ RunTime:0.000680s ]
INFO: [ app_begin ] --END-- [ RunTime:0.000791s ]
NOTIC: [2] in_array() expects parameter 2 to be array, null given D:\AppServ\www\SP\Lib\Action\AdminCommonAction.class.php 第 10 行.
NOTIC: [8] Undefined index: url_rewrite D:\AppServ\www\SP\Lib\Action\AdminCommonAction.class.php 第 14 行.
SQL: SHOW COLUMNS FROM `sp_user_verified` [ RunTime:0.020375s ]
SQL: SELECT `uid`,`uname`,`status` FROM `sp_user_verified` WHERE ( uid='' ) LIMIT 1   [ RunTime:0.000437s ]
NOTIC: [2] is_array() expects exactly 1 parameter, 2 given D:\AppServ\www\SP\Lib\Action\AdminCommonAction.class.php 第 61 行.
NOTIC: [2048] Declaration of CategoryModel::addAll() should be compatible with that of Model::addAll() D:\AppServ\www\SP\Lib\Model\CategoryModel.class.php 第 154 行.
SQL: SHOW COLUMNS FROM `sp_category` [ RunTime:0.013359s ]
NOTIC: [8] Undefined variable: p D:\AppServ\www\SP\Lib\Action\Admin\InforPartitionAction.class.php 第 22 行.
SQL: SELECT * FROM `sp_category` ORDER BY cid LIMIT 0,5   [ RunTime:0.000376s ]
SQL: SELECT * FROM `sp_category`  [ RunTime:0.000248s ]
NOTIC: [8] Undefined index: search D:\AppServ\www\SP\Lib\Action\Admin\InforPartitionAction.class.php 第 28 行.
NOTIC: [8] Undefined variable: class D:\AppServ\www\SP\Lib\Action\Admin\InforPartitionAction.class.php 第 42 行.
NOTIC: [8] Undefined variable: infor D:\AppServ\www\SP\Lib\Action\Admin\InforPartitionAction.class.php 第 43 行.
INFO: [ view_template ] --START--
INFO: Run LocationTemplate Behavior [ RunTime:0.001833s ]
INFO: [ view_template ] --END-- [ RunTime:0.001973s ]
INFO: [ view_parse ] --START--
INFO: Run ParseTemplate Behavior [ RunTime:0.024008s ]
INFO: [ view_parse ] --END-- [ RunTime:0.024153s ]
INFO: [ view_filter ] --START--
INFO: Run ContentReplace Behavior [ RunTime:0.000759s ]
INFO: Run TokenBuild Behavior [ RunTime:0.000732s ]
INFO: Run WriteHtmlCache Behavior [ RunTime:0.000807s ]
INFO: Run ShowRuntime Behavior [ RunTime:0.000795s ]
INFO: [ view_filter ] --END-- [ RunTime:0.003712s ]
INFO: [ view_end ] --START--
INFO: Run ShowPageTrace Behavior [ RunTime:0.000919s ]
INFO: [ view_end ] --END-- [ RunTime:0.001000s ]

[ 2013-04-01T00:16:29+08:00 ] 127.0.0.1 /sp/index.php?g=Admin&m=Goods&a=inforPartition
INFO: [ app_begin ] --START--
INFO: Run ReadHtmlCache Behavior [ RunTime:0.000756s ]
INFO: [ app_begin ] --END-- [ RunTime:0.001128s ]
NOTIC: [2] in_array() expects parameter 2 to be array, null given D:\AppServ\www\SP\Lib\Action\AdminCommonAction.class.php 第 10 行.
NOTIC: [8] Undefined index: url_rewrite D:\AppServ\www\SP\Lib\Action\AdminCommonAction.class.php 第 14 行.
SQL: SHOW COLUMNS FROM `sp_user_verified` [ RunTime:0.013473s ]
SQL: SELECT `uid`,`uname`,`status` FROM `sp_user_verified` WHERE ( uid='' ) LIMIT 1   [ RunTime:0.000398s ]
NOTIC: [2] is_array() expects exactly 1 parameter, 2 given D:\AppServ\www\SP\Lib\Action\AdminCommonAction.class.php 第 61 行.
INFO: [ view_template ] --START--
INFO: Run LocationTemplate Behavior [ RunTime:0.001703s ]
INFO: [ view_template ] --END-- [ RunTime:0.001812s ]
INFO: [ view_parse ] --START--
NOTIC: [8] Undefined variable: title D:\AppServ\www\SP\Runtime\Cache\Admin\e527869d8924016c8dd849d717414f93.php 第 5 行.
NOTIC: [8] Undefined variable: odd D:\AppServ\www\SP\Runtime\Cache\Admin\e527869d8924016c8dd849d717414f93.php 第 141 行.
NOTIC: [8] Undefined variable: even D:\AppServ\www\SP\Runtime\Cache\Admin\e527869d8924016c8dd849d717414f93.php 第 157 行.
INFO: Run ParseTemplate Behavior [ RunTime:0.015383s ]
INFO: [ view_parse ] --END-- [ RunTime:0.015482s ]
INFO: [ view_filter ] --START--
INFO: Run ContentReplace Behavior [ RunTime:0.000747s ]
INFO: Run TokenBuild Behavior [ RunTime:0.000650s ]
INFO: Run WriteHtmlCache Behavior [ RunTime:0.000518s ]
INFO: Run ShowRuntime Behavior [ RunTime:0.000714s ]
INFO: [ view_filter ] --END-- [ RunTime:0.002981s ]
INFO: [ view_end ] --START--
INFO: Run ShowPageTrace Behavior [ RunTime:0.000875s ]
INFO: [ view_end ] --END-- [ RunTime:0.000965s ]

[ 2013-04-01T00:16:31+08:00 ] 127.0.0.1 /sp/index.php?g=Admin&m=CitySet&a=showAll
INFO: [ app_begin ] --START--
INFO: Run ReadHtmlCache Behavior [ RunTime:0.000979s ]
INFO: [ app_begin ] --END-- [ RunTime:0.001079s ]
NOTIC: [2] in_array() expects parameter 2 to be array, null given D:\AppServ\www\SP\Lib\Action\AdminCommonAction.class.php 第 10 行.
NOTIC: [8] Undefined index: url_rewrite D:\AppServ\www\SP\Lib\Action\AdminCommonAction.class.php 第 14 行.
SQL: SHOW COLUMNS FROM `sp_user_verified` [ RunTime:0.024086s ]
SQL: SELECT `uid`,`uname`,`status` FROM `sp_user_verified` WHERE ( uid='' ) LIMIT 1   [ RunTime:0.000694s ]
NOTIC: [2] is_array() expects exactly 1 parameter, 2 given D:\AppServ\www\SP\Lib\Action\AdminCommonAction.class.php 第 61 行.
NOTIC: [2048] Declaration of MarketCityModel::addAll() should be compatible with that of Model::addAll() D:\AppServ\www\SP\Lib\Model\MarketCityModel.class.php 第 157 行.
SQL: SHOW COLUMNS FROM `sp_market_city` [ RunTime:0.017300s ]
NOTIC: [2048] Declaration of MarketProvinceModel::addAll() should be compatible with that of Model::addAll() D:\AppServ\www\SP\Lib\Model\MarketProvinceModel.class.php 第 153 行.
SQL: SHOW COLUMNS FROM `sp_market_province` [ RunTime:0.009651s ]
SQL: SELECT * FROM `sp_market_province` ORDER BY pid  [ RunTime:0.000289s ]
NOTIC: [8] Undefined variable: p D:\AppServ\www\SP\Lib\Action\Admin\CitySetAction.class.php 第 26 行.
SQL: SELECT * FROM `sp_market_city` WHERE ( pid='1' ) ORDER BY cid LIMIT 0,5   [ RunTime:0.000275s ]
NOTIC: [2] Missing argument 1 for Model::where(), called in D:\AppServ\www\SP\Lib\Model\MarketCityModel.class.php on line 23 and defined D:\AppServ\www\SP\ThinkPHP\Lib\Core\Model.class.php 第 1451 行.
NOTIC: [8] Undefined variable: where D:\AppServ\www\SP\ThinkPHP\Lib\Core\Model.class.php 第 1459 行.
NOTIC: [8] Undefined variable: where D:\AppServ\www\SP\ThinkPHP\Lib\Core\Model.class.php 第 1462 行.
NOTIC: [8] Undefined variable: where D:\AppServ\www\SP\ThinkPHP\Lib\Core\Model.class.php 第 1470 行.
SQL: SELECT COUNT(*) AS tp_count FROM `sp_market_city` LIMIT 1   [ RunTime:0.000174s ]
NOTIC: [8] Undefined variable: class D:\AppServ\www\SP\Lib\Action\Admin\CitySetAction.class.php 第 46 行.
NOTIC: [8] Undefined variable: infor D:\AppServ\www\SP\Lib\Action\Admin\CitySetAction.class.php 第 47 行.
INFO: [ view_template ] --START--
INFO: Run LocationTemplate Behavior [ RunTime:0.001171s ]
INFO: [ view_template ] --END-- [ RunTime:0.001248s ]
INFO: [ view_parse ] --START--
NOTIC: [8] Undefined variable: pids D:\AppServ\www\SP\Runtime\Cache\Admin\ab1b9afa51d7db9999730c36033a517c.php 第 8 行.
INFO: Run ParseTemplate Behavior [ RunTime:0.016241s ]
INFO: [ view_parse ] --END-- [ RunTime:0.016323s ]
INFO: [ view_filter ] --START--
INFO: Run ContentReplace Behavior [ RunTime:0.000729s ]
INFO: Run TokenBuild Behavior [ RunTime:0.000558s ]
INFO: Run WriteHtmlCache Behavior [ RunTime:0.000447s ]
INFO: Run ShowRuntime Behavior [ RunTime:0.000603s ]
INFO: [ view_filter ] --END-- [ RunTime:0.002534s ]
INFO: [ view_end ] --START--
INFO: Run ShowPageTrace Behavior [ RunTime:0.000736s ]
INFO: [ view_end ] --END-- [ RunTime:0.000797s ]

[ 2013-04-01T00:16:32+08:00 ] 127.0.0.1 /sp/index.php?g=Admin&m=AreaSet&a=provinceSet
INFO: [ app_begin ] --START--
INFO: Run ReadHtmlCache Behavior [ RunTime:0.000931s ]
INFO: [ app_begin ] --END-- [ RunTime:0.001029s ]
NOTIC: [2] in_array() expects parameter 2 to be array, null given D:\AppServ\www\SP\Lib\Action\AdminCommonAction.class.php 第 10 行.
NOTIC: [8] Undefined index: url_rewrite D:\AppServ\www\SP\Lib\Action\AdminCommonAction.class.php 第 14 行.
SQL: SHOW COLUMNS FROM `sp_user_verified` [ RunTime:0.026454s ]
SQL: SELECT `uid`,`uname`,`status` FROM `sp_user_verified` WHERE ( uid='' ) LIMIT 1   [ RunTime:0.002111s ]
NOTIC: [2] is_array() expects exactly 1 parameter, 2 given D:\AppServ\www\SP\Lib\Action\AdminCommonAction.class.php 第 61 行.
NOTIC: [2048] Declaration of MarketProvinceModel::addAll() should be compatible with that of Model::addAll() D:\AppServ\www\SP\Lib\Model\MarketProvinceModel.class.php 第 153 行.
SQL: SHOW COLUMNS FROM `sp_market_province` [ RunTime:0.014686s ]
NOTIC: [8] Undefined variable: p D:\AppServ\www\SP\Lib\Action\Admin\AreaSetAction.class.php 第 21 行.
SQL: SELECT * FROM `sp_market_province` ORDER BY pid LIMIT 0,5   [ RunTime:0.000286s ]
NOTIC: [2] Missing argument 1 for Model::where(), called in D:\AppServ\www\SP\Lib\Model\MarketProvinceModel.class.php on line 19 and defined D:\AppServ\www\SP\ThinkPHP\Lib\Core\Model.class.php 第 1451 行.
NOTIC: [8] Undefined variable: where D:\AppServ\www\SP\ThinkPHP\Lib\Core\Model.class.php 第 1459 行.
NOTIC: [8] Undefined variable: where D:\AppServ\www\SP\ThinkPHP\Lib\Core\Model.class.php 第 1462 行.
NOTIC: [8] Undefined variable: where D:\AppServ\www\SP\ThinkPHP\Lib\Core\Model.class.php 第 1470 行.
SQL: SELECT COUNT(*) AS tp_count FROM `sp_market_province` LIMIT 1   [ RunTime:0.000173s ]
NOTIC: [8] Undefined index: search D:\AppServ\www\SP\Lib\Action\Admin\AreaSetAction.class.php 第 26 行.
NOTIC: [8] Undefined variable: class D:\AppServ\www\SP\Lib\Action\Admin\AreaSetAction.class.php 第 41 行.
NOTIC: [8] Undefined variable: infor D:\AppServ\www\SP\Lib\Action\Admin\AreaSetAction.class.php 第 42 行.
INFO: [ view_template ] --START--
INFO: Run LocationTemplate Behavior [ RunTime:0.001188s ]
INFO: [ view_template ] --END-- [ RunTime:0.001262s ]
INFO: [ view_parse ] --START--
INFO: Run ParseTemplate Behavior [ RunTime:0.016151s ]
INFO: [ view_parse ] --END-- [ RunTime:0.016265s ]
INFO: [ view_filter ] --START--
INFO: Run ContentReplace Behavior [ RunTime:0.000677s ]
INFO: Run TokenBuild Behavior [ RunTime:0.000589s ]
INFO: Run WriteHtmlCache Behavior [ RunTime:0.000457s ]
INFO: Run ShowRuntime Behavior [ RunTime:0.000671s ]
INFO: [ view_filter ] --END-- [ RunTime:0.002589s ]
INFO: [ view_end ] --START--
INFO: Run ShowPageTrace Behavior [ RunTime:0.000798s ]
INFO: [ view_end ] --END-- [ RunTime:0.000866s ]

[ 2013-04-01T00:16:33+08:00 ] 127.0.0.1 /sp/index.php?g=Admin&m=InforPartition&a=showAll
INFO: [ app_begin ] --START--
INFO: Run ReadHtmlCache Behavior [ RunTime:0.001145s ]
INFO: [ app_begin ] --END-- [ RunTime:0.001257s ]
NOTIC: [2] in_array() expects parameter 2 to be array, null given D:\AppServ\www\SP\Lib\Action\AdminCommonAction.class.php 第 10 行.
NOTIC: [8] Undefined index: url_rewrite D:\AppServ\www\SP\Lib\Action\AdminCommonAction.class.php 第 14 行.
SQL: SHOW COLUMNS FROM `sp_user_verified` [ RunTime:0.022809s ]
SQL: SELECT `uid`,`uname`,`status` FROM `sp_user_verified` WHERE ( uid='' ) LIMIT 1   [ RunTime:0.000388s ]
NOTIC: [2] is_array() expects exactly 1 parameter, 2 given D:\AppServ\www\SP\Lib\Action\AdminCommonAction.class.php 第 61 行.
NOTIC: [2048] Declaration of CategoryModel::addAll() should be compatible with that of Model::addAll() D:\AppServ\www\SP\Lib\Model\CategoryModel.class.php 第 154 行.
SQL: SHOW COLUMNS FROM `sp_category` [ RunTime:0.012203s ]
NOTIC: [8] Undefined variable: p D:\AppServ\www\SP\Lib\Action\Admin\InforPartitionAction.class.php 第 22 行.
SQL: SELECT * FROM `sp_category` ORDER BY cid LIMIT 0,5   [ RunTime:0.000354s ]
SQL: SELECT * FROM `sp_category`  [ RunTime:0.000230s ]
NOTIC: [8] Undefined index: search D:\AppServ\www\SP\Lib\Action\Admin\InforPartitionAction.class.php 第 28 行.
NOTIC: [8] Undefined variable: class D:\AppServ\www\SP\Lib\Action\Admin\InforPartitionAction.class.php 第 42 行.
NOTIC: [8] Undefined variable: infor D:\AppServ\www\SP\Lib\Action\Admin\InforPartitionAction.class.php 第 43 行.
INFO: [ view_template ] --START--
INFO: Run LocationTemplate Behavior [ RunTime:0.001556s ]
INFO: [ view_template ] --END-- [ RunTime:0.001659s ]
INFO: [ view_parse ] --START--
INFO: Run ParseTemplate Behavior [ RunTime:0.017183s ]
INFO: [ view_parse ] --END-- [ RunTime:0.017310s ]
INFO: [ view_filter ] --START--
INFO: Run ContentReplace Behavior [ RunTime:0.000941s ]
INFO: Run TokenBuild Behavior [ RunTime:0.000663s ]
INFO: Run WriteHtmlCache Behavior [ RunTime:0.000516s ]
INFO: Run ShowRuntime Behavior [ RunTime:0.000721s ]
INFO: [ view_filter ] --END-- [ RunTime:0.003068s ]
INFO: [ view_end ] --START--
INFO: Run ShowPageTrace Behavior [ RunTime:0.000895s ]
INFO: [ view_end ] --END-- [ RunTime:0.000973s ]

[ 2013-04-01T00:16:44+08:00 ] 127.0.0.1 /sp/index.php?g=Admin&m=CitySet&a=addByName
INFO: [ app_begin ] --START--
INFO: Run ReadHtmlCache Behavior [ RunTime:0.001365s ]
INFO: [ app_begin ] --END-- [ RunTime:0.001532s ]
NOTIC: [2] in_array() expects parameter 2 to be array, null given D:\AppServ\www\SP\Lib\Action\AdminCommonAction.class.php 第 10 行.
NOTIC: [8] Undefined index: url_rewrite D:\AppServ\www\SP\Lib\Action\AdminCommonAction.class.php 第 14 行.
SQL: SHOW COLUMNS FROM `sp_user_verified` [ RunTime:0.024065s ]
SQL: SELECT `uid`,`uname`,`status` FROM `sp_user_verified` WHERE ( uid='' ) LIMIT 1   [ RunTime:0.000440s ]
NOTIC: [2] is_array() expects exactly 1 parameter, 2 given D:\AppServ\www\SP\Lib\Action\AdminCommonAction.class.php 第 61 行.
NOTIC: [2048] Declaration of MarketCityModel::addAll() should be compatible with that of Model::addAll() D:\AppServ\www\SP\Lib\Model\MarketCityModel.class.php 第 157 行.
SQL: SHOW COLUMNS FROM `sp_market_city` [ RunTime:0.008964s ]
NOTIC: [8] Undefined index: p D:\AppServ\www\SP\Lib\Action\Admin\CitySetAction.class.php 第 101 行.
NOTIC: [8] Undefined variable: result D:\AppServ\www\SP\Lib\Action\Admin\CitySetAction.class.php 第 106 行.

[ 2013-04-01T00:18:15+08:00 ] 127.0.0.1 /sp/index.php?g=Admin&m=Goods&a=inforPartition
INFO: [ app_begin ] --START--
INFO: Run ReadHtmlCache Behavior [ RunTime:0.000648s ]
INFO: [ app_begin ] --END-- [ RunTime:0.000754s ]
NOTIC: [2] in_array() expects parameter 2 to be array, null given D:\AppServ\www\SP\Lib\Action\AdminCommonAction.class.php 第 10 行.
NOTIC: [8] Undefined index: url_rewrite D:\AppServ\www\SP\Lib\Action\AdminCommonAction.class.php 第 14 行.
SQL: SHOW COLUMNS FROM `sp_user_verified` [ RunTime:0.030195s ]
SQL: SELECT `uid`,`uname`,`status` FROM `sp_user_verified` WHERE ( uid='' ) LIMIT 1   [ RunTime:0.002083s ]
NOTIC: [2] is_array() expects exactly 1 parameter, 2 given D:\AppServ\www\SP\Lib\Action\AdminCommonAction.class.php 第 61 行.
INFO: [ view_template ] --START--
INFO: Run LocationTemplate Behavior [ RunTime:0.003807s ]
INFO: [ view_template ] --END-- [ RunTime:0.004053s ]
INFO: [ view_parse ] --START--
NOTIC: [8] Undefined variable: title D:\AppServ\www\SP\Runtime\Cache\Admin\e527869d8924016c8dd849d717414f93.php 第 5 行.
NOTIC: [8] Undefined variable: odd D:\AppServ\www\SP\Runtime\Cache\Admin\e527869d8924016c8dd849d717414f93.php 第 141 行.
NOTIC: [8] Undefined variable: even D:\AppServ\www\SP\Runtime\Cache\Admin\e527869d8924016c8dd849d717414f93.php 第 157 行.
INFO: Run ParseTemplate Behavior [ RunTime:0.014147s ]
INFO: [ view_parse ] --END-- [ RunTime:0.014290s ]
INFO: [ view_filter ] --START--
INFO: Run ContentReplace Behavior [ RunTime:0.000562s ]
INFO: Run TokenBuild Behavior [ RunTime:0.000481s ]
INFO: Run WriteHtmlCache Behavior [ RunTime:0.000339s ]
INFO: Run ShowRuntime Behavior [ RunTime:0.000560s ]
INFO: [ view_filter ] --END-- [ RunTime:0.002160s ]
INFO: [ view_end ] --START--
INFO: Run ShowPageTrace Behavior [ RunTime:0.000651s ]
INFO: [ view_end ] --END-- [ RunTime:0.000725s ]

[ 2013-04-01T00:18:16+08:00 ] 127.0.0.1 /sp/index.php?g=Admin&m=CitySet&a=showAll
INFO: [ app_begin ] --START--
INFO: Run ReadHtmlCache Behavior [ RunTime:0.000993s ]
INFO: [ app_begin ] --END-- [ RunTime:0.001099s ]
NOTIC: [2] in_array() expects parameter 2 to be array, null given D:\AppServ\www\SP\Lib\Action\AdminCommonAction.class.php 第 10 行.
NOTIC: [8] Undefined index: url_rewrite D:\AppServ\www\SP\Lib\Action\AdminCommonAction.class.php 第 14 行.
SQL: SHOW COLUMNS FROM `sp_user_verified` [ RunTime:0.029314s ]
SQL: SELECT `uid`,`uname`,`status` FROM `sp_user_verified` WHERE ( uid='' ) LIMIT 1   [ RunTime:0.000432s ]
NOTIC: [2] is_array() expects exactly 1 parameter, 2 given D:\AppServ\www\SP\Lib\Action\AdminCommonAction.class.php 第 61 行.
NOTIC: [2048] Declaration of MarketCityModel::addAll() should be compatible with that of Model::addAll() D:\AppServ\www\SP\Lib\Model\MarketCityModel.class.php 第 157 行.
SQL: SHOW COLUMNS FROM `sp_market_city` [ RunTime:0.011671s ]
NOTIC: [2048] Declaration of MarketProvinceModel::addAll() should be compatible with that of Model::addAll() D:\AppServ\www\SP\Lib\Model\MarketProvinceModel.class.php 第 153 行.
SQL: SHOW COLUMNS FROM `sp_market_province` [ RunTime:0.010017s ]
SQL: SELECT * FROM `sp_market_province` ORDER BY pid  [ RunTime:0.000299s ]
NOTIC: [8] Undefined variable: p D:\AppServ\www\SP\Lib\Action\Admin\CitySetAction.class.php 第 26 行.
SQL: SELECT * FROM `sp_market_city` WHERE ( pid='1' ) ORDER BY cid LIMIT 0,5   [ RunTime:0.000274s ]
NOTIC: [2] Missing argument 1 for Model::where(), called in D:\AppServ\www\SP\Lib\Model\MarketCityModel.class.php on line 23 and defined D:\AppServ\www\SP\ThinkPHP\Lib\Core\Model.class.php 第 1451 行.
NOTIC: [8] Undefined variable: where D:\AppServ\www\SP\ThinkPHP\Lib\Core\Model.class.php 第 1459 行.
NOTIC: [8] Undefined variable: where D:\AppServ\www\SP\ThinkPHP\Lib\Core\Model.class.php 第 1462 行.
NOTIC: [8] Undefined variable: where D:\AppServ\www\SP\ThinkPHP\Lib\Core\Model.class.php 第 1470 行.
SQL: SELECT COUNT(*) AS tp_count FROM `sp_market_city` LIMIT 1   [ RunTime:0.000185s ]
NOTIC: [8] Undefined variable: class D:\AppServ\www\SP\Lib\Action\Admin\CitySetAction.class.php 第 46 行.
NOTIC: [8] Undefined variable: infor D:\AppServ\www\SP\Lib\Action\Admin\CitySetAction.class.php 第 47 行.
INFO: [ view_template ] --START--
INFO: Run LocationTemplate Behavior [ RunTime:0.001117s ]
INFO: [ view_template ] --END-- [ RunTime:0.001186s ]
INFO: [ view_parse ] --START--
NOTIC: [8] Undefined variable: pids D:\AppServ\www\SP\Runtime\Cache\Admin\ab1b9afa51d7db9999730c36033a517c.php 第 8 行.
INFO: Run ParseTemplate Behavior [ RunTime:0.017868s ]
INFO: [ view_parse ] --END-- [ RunTime:0.017949s ]
INFO: [ view_filter ] --START--
INFO: Run ContentReplace Behavior [ RunTime:0.000732s ]
INFO: Run TokenBuild Behavior [ RunTime:0.000591s ]
INFO: Run WriteHtmlCache Behavior [ RunTime:0.000542s ]
INFO: Run ShowRuntime Behavior [ RunTime:0.000668s ]
INFO: [ view_filter ] --END-- [ RunTime:0.002730s ]
INFO: [ view_end ] --START--
INFO: Run ShowPageTrace Behavior [ RunTime:0.000771s ]
INFO: [ view_end ] --END-- [ RunTime:0.000838s ]

[ 2013-04-01T00:18:17+08:00 ] 127.0.0.1 /sp/index.php?g=Admin&m=AreaSet&a=provinceSet
INFO: [ app_begin ] --START--
INFO: Run ReadHtmlCache Behavior [ RunTime:0.000833s ]
INFO: [ app_begin ] --END-- [ RunTime:0.000928s ]
NOTIC: [2] in_array() expects parameter 2 to be array, null given D:\AppServ\www\SP\Lib\Action\AdminCommonAction.class.php 第 10 行.
NOTIC: [8] Undefined index: url_rewrite D:\AppServ\www\SP\Lib\Action\AdminCommonAction.class.php 第 14 行.
SQL: SHOW COLUMNS FROM `sp_user_verified` [ RunTime:0.025601s ]
SQL: SELECT `uid`,`uname`,`status` FROM `sp_user_verified` WHERE ( uid='' ) LIMIT 1   [ RunTime:0.000743s ]
NOTIC: [2] is_array() expects exactly 1 parameter, 2 given D:\AppServ\www\SP\Lib\Action\AdminCommonAction.class.php 第 61 行.
NOTIC: [2048] Declaration of MarketProvinceModel::addAll() should be compatible with that of Model::addAll() D:\AppServ\www\SP\Lib\Model\MarketProvinceModel.class.php 第 153 行.
SQL: SHOW COLUMNS FROM `sp_market_province` [ RunTime:0.009079s ]
NOTIC: [8] Undefined variable: p D:\AppServ\www\SP\Lib\Action\Admin\AreaSetAction.class.php 第 21 行.
SQL: SELECT * FROM `sp_market_province` ORDER BY pid LIMIT 0,5   [ RunTime:0.000288s ]
NOTIC: [2] Missing argument 1 for Model::where(), called in D:\AppServ\www\SP\Lib\Model\MarketProvinceModel.class.php on line 19 and defined D:\AppServ\www\SP\ThinkPHP\Lib\Core\Model.class.php 第 1451 行.
NOTIC: [8] Undefined variable: where D:\AppServ\www\SP\ThinkPHP\Lib\Core\Model.class.php 第 1459 行.
NOTIC: [8] Undefined variable: where D:\AppServ\www\SP\ThinkPHP\Lib\Core\Model.class.php 第 1462 行.
NOTIC: [8] Undefined variable: where D:\AppServ\www\SP\ThinkPHP\Lib\Core\Model.class.php 第 1470 行.
SQL: SELECT COUNT(*) AS tp_count FROM `sp_market_province` LIMIT 1   [ RunTime:0.000174s ]
NOTIC: [8] Undefined index: search D:\AppServ\www\SP\Lib\Action\Admin\AreaSetAction.class.php 第 26 行.
NOTIC: [8] Undefined variable: class D:\AppServ\www\SP\Lib\Action\Admin\AreaSetAction.class.php 第 41 行.
NOTIC: [8] Undefined variable: infor D:\AppServ\www\SP\Lib\Action\Admin\AreaSetAction.class.php 第 42 行.
INFO: [ view_template ] --START--
INFO: Run LocationTemplate Behavior [ RunTime:0.000816s ]
INFO: [ view_template ] --END-- [ RunTime:0.000889s ]
INFO: [ view_parse ] --START--
INFO: Run ParseTemplate Behavior [ RunTime:0.015246s ]
INFO: [ view_parse ] --END-- [ RunTime:0.015365s ]
INFO: [ view_filter ] --START--
INFO: Run ContentReplace Behavior [ RunTime:0.000588s ]
INFO: Run TokenBuild Behavior [ RunTime:0.000453s ]
INFO: Run WriteHtmlCache Behavior [ RunTime:0.000399s ]
INFO: Run ShowRuntime Behavior [ RunTime:0.000536s ]
INFO: [ view_filter ] --END-- [ RunTime:0.002169s ]
INFO: [ view_end ] --START--
INFO: Run ShowPageTrace Behavior [ RunTime:0.000669s ]
INFO: [ view_end ] --END-- [ RunTime:0.000743s ]

[ 2013-04-01T00:18:19+08:00 ] 127.0.0.1 /sp/index.php?g=Admin&m=InforPartition&a=showAll
INFO: [ app_begin ] --START--
INFO: Run ReadHtmlCache Behavior [ RunTime:0.000755s ]
INFO: [ app_begin ] --END-- [ RunTime:0.000869s ]
NOTIC: [2] in_array() expects parameter 2 to be array, null given D:\AppServ\www\SP\Lib\Action\AdminCommonAction.class.php 第 10 行.
NOTIC: [8] Undefined index: url_rewrite D:\AppServ\www\SP\Lib\Action\AdminCommonAction.class.php 第 14 行.
SQL: SHOW COLUMNS FROM `sp_user_verified` [ RunTime:0.025826s ]
SQL: SELECT `uid`,`uname`,`status` FROM `sp_user_verified` WHERE ( uid='' ) LIMIT 1   [ RunTime:0.000392s ]
NOTIC: [2] is_array() expects exactly 1 parameter, 2 given D:\AppServ\www\SP\Lib\Action\AdminCommonAction.class.php 第 61 行.
NOTIC: [2048] Declaration of CategoryModel::addAll() should be compatible with that of Model::addAll() D:\AppServ\www\SP\Lib\Model\CategoryModel.class.php 第 154 行.
SQL: SHOW COLUMNS FROM `sp_category` [ RunTime:0.012371s ]
NOTIC: [8] Undefined variable: p D:\AppServ\www\SP\Lib\Action\Admin\InforPartitionAction.class.php 第 22 行.
SQL: SELECT * FROM `sp_category` ORDER BY cid LIMIT 0,5   [ RunTime:0.000375s ]
SQL: SELECT * FROM `sp_category`  [ RunTime:0.000229s ]
NOTIC: [8] Undefined index: search D:\AppServ\www\SP\Lib\Action\Admin\InforPartitionAction.class.php 第 28 行.
NOTIC: [8] Undefined variable: class D:\AppServ\www\SP\Lib\Action\Admin\InforPartitionAction.class.php 第 42 行.
NOTIC: [8] Undefined variable: infor D:\AppServ\www\SP\Lib\Action\Admin\InforPartitionAction.class.php 第 43 行.
INFO: [ view_template ] --START--
INFO: Run LocationTemplate Behavior [ RunTime:0.000915s ]
INFO: [ view_template ] --END-- [ RunTime:0.001016s ]
INFO: [ view_parse ] --START--
INFO: Run ParseTemplate Behavior [ RunTime:0.017329s ]
INFO: [ view_parse ] --END-- [ RunTime:0.017452s ]
INFO: [ view_filter ] --START--
INFO: Run ContentReplace Behavior [ RunTime:0.000537s ]
INFO: Run TokenBuild Behavior [ RunTime:0.000429s ]
INFO: Run WriteHtmlCache Behavior [ RunTime:0.000457s ]
INFO: Run ShowRuntime Behavior [ RunTime:0.000559s ]
INFO: [ view_filter ] --END-- [ RunTime:0.002172s ]
INFO: [ view_end ] --START--
INFO: Run ShowPageTrace Behavior [ RunTime:0.000631s ]
INFO: [ view_end ] --END-- [ RunTime:0.000694s ]

[ 2013-04-01T00:19:08+08:00 ] 127.0.0.1 /sp/index.php?g=Admin&m=Goods&a=inforPartition
INFO: [ app_begin ] --START--
INFO: Run ReadHtmlCache Behavior [ RunTime:0.001004s ]
INFO: [ app_begin ] --END-- [ RunTime:0.001108s ]
NOTIC: [2] in_array() expects parameter 2 to be array, null given D:\AppServ\www\SP\Lib\Action\AdminCommonAction.class.php 第 10 行.
NOTIC: [8] Undefined index: url_rewrite D:\AppServ\www\SP\Lib\Action\AdminCommonAction.class.php 第 14 行.
SQL: SHOW COLUMNS FROM `sp_user_verified` [ RunTime:0.018835s ]
SQL: SELECT `uid`,`uname`,`status` FROM `sp_user_verified` WHERE ( uid='' ) LIMIT 1   [ RunTime:0.000711s ]
NOTIC: [2] is_array() expects exactly 1 parameter, 2 given D:\AppServ\www\SP\Lib\Action\AdminCommonAction.class.php 第 61 行.
INFO: [ view_template ] --START--
INFO: Run LocationTemplate Behavior [ RunTime:0.001379s ]
INFO: [ view_template ] --END-- [ RunTime:0.001496s ]
INFO: [ view_parse ] --START--
NOTIC: [8] Undefined variable: title D:\AppServ\www\SP\Runtime\Cache\Admin\e527869d8924016c8dd849d717414f93.php 第 5 行.
NOTIC: [8] Undefined variable: odd D:\AppServ\www\SP\Runtime\Cache\Admin\e527869d8924016c8dd849d717414f93.php 第 141 行.
NOTIC: [8] Undefined variable: even D:\AppServ\www\SP\Runtime\Cache\Admin\e527869d8924016c8dd849d717414f93.php 第 157 行.
INFO: Run ParseTemplate Behavior [ RunTime:0.019303s ]
INFO: [ view_parse ] --END-- [ RunTime:0.019407s ]
INFO: [ view_filter ] --START--
INFO: Run ContentReplace Behavior [ RunTime:0.000973s ]
INFO: Run TokenBuild Behavior [ RunTime:0.000813s ]
INFO: Run WriteHtmlCache Behavior [ RunTime:0.000711s ]
INFO: Run ShowRuntime Behavior [ RunTime:0.000753s ]
INFO: [ view_filter ] --END-- [ RunTime:0.003547s ]
INFO: [ view_end ] --START--
INFO: Run ShowPageTrace Behavior [ RunTime:0.000824s ]
INFO: [ view_end ] --END-- [ RunTime:0.000907s ]

[ 2013-04-01T00:19:10+08:00 ] 127.0.0.1 /sp/index.php?g=Admin&m=CitySet&a=showAll
INFO: [ app_begin ] --START--
INFO: Run ReadHtmlCache Behavior [ RunTime:0.000658s ]
INFO: [ app_begin ] --END-- [ RunTime:0.000758s ]
NOTIC: [2] in_array() expects parameter 2 to be array, null given D:\AppServ\www\SP\Lib\Action\AdminCommonAction.class.php 第 10 行.
NOTIC: [8] Undefined index: url_rewrite D:\AppServ\www\SP\Lib\Action\AdminCommonAction.class.php 第 14 行.
SQL: SHOW COLUMNS FROM `sp_user_verified` [ RunTime:0.026006s ]
SQL: SELECT `uid`,`uname`,`status` FROM `sp_user_verified` WHERE ( uid='' ) LIMIT 1   [ RunTime:0.000788s ]
NOTIC: [2] is_array() expects exactly 1 parameter, 2 given D:\AppServ\www\SP\Lib\Action\AdminCommonAction.class.php 第 61 行.
NOTIC: [2048] Declaration of MarketCityModel::addAll() should be compatible with that of Model::addAll() D:\AppServ\www\SP\Lib\Model\MarketCityModel.class.php 第 157 行.
SQL: SHOW COLUMNS FROM `sp_market_city` [ RunTime:0.011440s ]
NOTIC: [2048] Declaration of MarketProvinceModel::addAll() should be compatible with that of Model::addAll() D:\AppServ\www\SP\Lib\Model\MarketProvinceModel.class.php 第 153 行.
SQL: SHOW COLUMNS FROM `sp_market_province` [ RunTime:0.010085s ]
SQL: SELECT * FROM `sp_market_province` ORDER BY pid  [ RunTime:0.000307s ]
NOTIC: [8] Undefined variable: p D:\AppServ\www\SP\Lib\Action\Admin\CitySetAction.class.php 第 27 行.
SQL: SELECT * FROM `sp_market_city` WHERE ( pid='1' ) ORDER BY cid LIMIT 0,5   [ RunTime:0.000314s ]
NOTIC: [2] Missing argument 1 for Model::where(), called in D:\AppServ\www\SP\Lib\Model\MarketCityModel.class.php on line 23 and defined D:\AppServ\www\SP\ThinkPHP\Lib\Core\Model.class.php 第 1451 行.
NOTIC: [8] Undefined variable: where D:\AppServ\www\SP\ThinkPHP\Lib\Core\Model.class.php 第 1459 行.
NOTIC: [8] Undefined variable: where D:\AppServ\www\SP\ThinkPHP\Lib\Core\Model.class.php 第 1462 行.
NOTIC: [8] Undefined variable: where D:\AppServ\www\SP\ThinkPHP\Lib\Core\Model.class.php 第 1470 行.
SQL: SELECT COUNT(*) AS tp_count FROM `sp_market_city` LIMIT 1   [ RunTime:0.000183s ]
NOTIC: [8] Undefined variable: class D:\AppServ\www\SP\Lib\Action\Admin\CitySetAction.class.php 第 47 行.
NOTIC: [8] Undefined variable: infor D:\AppServ\www\SP\Lib\Action\Admin\CitySetAction.class.php 第 48 行.
INFO: [ view_template ] --START--
INFO: Run LocationTemplate Behavior [ RunTime:0.000596s ]
INFO: [ view_template ] --END-- [ RunTime:0.000670s ]
INFO: [ view_parse ] --START--
NOTIC: [8] Undefined variable: pids D:\AppServ\www\SP\Runtime\Cache\Admin\ab1b9afa51d7db9999730c36033a517c.php 第 8 行.
INFO: Run ParseTemplate Behavior [ RunTime:0.015047s ]
INFO: [ view_parse ] --END-- [ RunTime:0.015126s ]
INFO: [ view_filter ] --START--
INFO: Run ContentReplace Behavior [ RunTime:0.000524s ]
INFO: Run TokenBuild Behavior [ RunTime:0.000446s ]
INFO: Run WriteHtmlCache Behavior [ RunTime:0.000330s ]
INFO: Run ShowRuntime Behavior [ RunTime:0.000524s ]
INFO: [ view_filter ] --END-- [ RunTime:0.002011s ]
INFO: [ view_end ] --START--
INFO: Run ShowPageTrace Behavior [ RunTime:0.000650s ]
INFO: [ view_end ] --END-- [ RunTime:0.000715s ]

[ 2013-04-01T00:19:11+08:00 ] 127.0.0.1 /sp/index.php?g=Admin&m=AreaSet&a=provinceSet
INFO: [ app_begin ] --START--
INFO: Run ReadHtmlCache Behavior [ RunTime:0.000632s ]
INFO: [ app_begin ] --END-- [ RunTime:0.000729s ]
NOTIC: [2] in_array() expects parameter 2 to be array, null given D:\AppServ\www\SP\Lib\Action\AdminCommonAction.class.php 第 10 行.
NOTIC: [8] Undefined index: url_rewrite D:\AppServ\www\SP\Lib\Action\AdminCommonAction.class.php 第 14 行.
SQL: SHOW COLUMNS FROM `sp_user_verified` [ RunTime:0.027141s ]
SQL: SELECT `uid`,`uname`,`status` FROM `sp_user_verified` WHERE ( uid='' ) LIMIT 1   [ RunTime:0.000671s ]
NOTIC: [2] is_array() expects exactly 1 parameter, 2 given D:\AppServ\www\SP\Lib\Action\AdminCommonAction.class.php 第 61 行.
NOTIC: [2048] Declaration of MarketProvinceModel::addAll() should be compatible with that of Model::addAll() D:\AppServ\www\SP\Lib\Model\MarketProvinceModel.class.php 第 153 行.
SQL: SHOW COLUMNS FROM `sp_market_province` [ RunTime:0.013542s ]
NOTIC: [8] Undefined variable: p D:\AppServ\www\SP\Lib\Action\Admin\AreaSetAction.class.php 第 21 行.
SQL: SELECT * FROM `sp_market_province` ORDER BY pid LIMIT 0,5   [ RunTime:0.000353s ]
NOTIC: [2] Missing argument 1 for Model::where(), called in D:\AppServ\www\SP\Lib\Model\MarketProvinceModel.class.php on line 19 and defined D:\AppServ\www\SP\ThinkPHP\Lib\Core\Model.class.php 第 1451 行.
NOTIC: [8] Undefined variable: where D:\AppServ\www\SP\ThinkPHP\Lib\Core\Model.class.php 第 1459 行.
NOTIC: [8] Undefined variable: where D:\AppServ\www\SP\ThinkPHP\Lib\Core\Model.class.php 第 1462 行.
NOTIC: [8] Undefined variable: where D:\AppServ\www\SP\ThinkPHP\Lib\Core\Model.class.php 第 1470 行.
SQL: SELECT COUNT(*) AS tp_count FROM `sp_market_province` LIMIT 1   [ RunTime:0.000238s ]
NOTIC: [8] Undefined index: search D:\AppServ\www\SP\Lib\Action\Admin\AreaSetAction.class.php 第 26 行.
NOTIC: [8] Undefined variable: class D:\AppServ\www\SP\Lib\Action\Admin\AreaSetAction.class.php 第 41 行.
NOTIC: [8] Undefined variable: infor D:\AppServ\www\SP\Lib\Action\Admin\AreaSetAction.class.php 第 42 行.
INFO: [ view_template ] --START--
INFO: Run LocationTemplate Behavior [ RunTime:0.000889s ]
INFO: [ view_template ] --END-- [ RunTime:0.000985s ]
INFO: [ view_parse ] --START--
INFO: Run ParseTemplate Behavior [ RunTime:0.018988s ]
INFO: [ view_parse ] --END-- [ RunTime:0.019110s ]
INFO: [ view_filter ] --START--
INFO: Run ContentReplace Behavior [ RunTime:0.000485s ]
INFO: Run TokenBuild Behavior [ RunTime:0.000405s ]
INFO: Run WriteHtmlCache Behavior [ RunTime:0.000364s ]
INFO: Run ShowRuntime Behavior [ RunTime:0.000485s ]
INFO: [ view_filter ] --END-- [ RunTime:0.001906s ]
INFO: [ view_end ] --START--
INFO: Run ShowPageTrace Behavior [ RunTime:0.000616s ]
INFO: [ view_end ] --END-- [ RunTime:0.000683s ]

[ 2013-04-01T00:19:12+08:00 ] 127.0.0.1 /sp/index.php?g=Admin&m=InforPartition&a=showAll
INFO: [ app_begin ] --START--
INFO: Run ReadHtmlCache Behavior [ RunTime:0.001057s ]
INFO: [ app_begin ] --END-- [ RunTime:0.001188s ]
NOTIC: [2] in_array() expects parameter 2 to be array, null given D:\AppServ\www\SP\Lib\Action\AdminCommonAction.class.php 第 10 行.
NOTIC: [8] Undefined index: url_rewrite D:\AppServ\www\SP\Lib\Action\AdminCommonAction.class.php 第 14 行.
SQL: SHOW COLUMNS FROM `sp_user_verified` [ RunTime:0.026139s ]
SQL: SELECT `uid`,`uname`,`status` FROM `sp_user_verified` WHERE ( uid='' ) LIMIT 1   [ RunTime:0.000498s ]
NOTIC: [2] is_array() expects exactly 1 parameter, 2 given D:\AppServ\www\SP\Lib\Action\AdminCommonAction.class.php 第 61 行.
NOTIC: [2048] Declaration of CategoryModel::addAll() should be compatible with that of Model::addAll() D:\AppServ\www\SP\Lib\Model\CategoryModel.class.php 第 154 行.
SQL: SHOW COLUMNS FROM `sp_category` [ RunTime:0.009911s ]
NOTIC: [8] Undefined variable: p D:\AppServ\www\SP\Lib\Action\Admin\InforPartitionAction.class.php 第 22 行.
SQL: SELECT * FROM `sp_category` ORDER BY cid LIMIT 0,5   [ RunTime:0.000299s ]
SQL: SELECT * FROM `sp_category`  [ RunTime:0.000181s ]
NOTIC: [8] Undefined index: search D:\AppServ\www\SP\Lib\Action\Admin\InforPartitionAction.class.php 第 28 行.
NOTIC: [8] Undefined variable: class D:\AppServ\www\SP\Lib\Action\Admin\InforPartitionAction.class.php 第 42 行.
NOTIC: [8] Undefined variable: infor D:\AppServ\www\SP\Lib\Action\Admin\InforPartitionAction.class.php 第 43 行.
INFO: [ view_template ] --START--
INFO: Run LocationTemplate Behavior [ RunTime:0.001220s ]
INFO: [ view_template ] --END-- [ RunTime:0.001297s ]
INFO: [ view_parse ] --START--
INFO: Run ParseTemplate Behavior [ RunTime:0.032996s ]
INFO: [ view_parse ] --END-- [ RunTime:0.033111s ]
INFO: [ view_filter ] --START--
INFO: Run ContentReplace Behavior [ RunTime:0.000658s ]
INFO: Run TokenBuild Behavior [ RunTime:0.000545s ]
INFO: Run WriteHtmlCache Behavior [ RunTime:0.000419s ]
INFO: Run ShowRuntime Behavior [ RunTime:0.000625s ]
INFO: [ view_filter ] --END-- [ RunTime:0.002436s ]
INFO: [ view_end ] --START--
INFO: Run ShowPageTrace Behavior [ RunTime:0.000902s ]
INFO: [ view_end ] --END-- [ RunTime:0.000981s ]

[ 2013-04-01T00:19:38+08:00 ] 127.0.0.1 /sp/index.php?g=Admin&m=Goods&a=inforPartition
INFO: [ app_begin ] --START--
INFO: Run ReadHtmlCache Behavior [ RunTime:0.000629s ]
INFO: [ app_begin ] --END-- [ RunTime:0.000728s ]
NOTIC: [2] in_array() expects parameter 2 to be array, null given D:\AppServ\www\SP\Lib\Action\AdminCommonAction.class.php 第 10 行.
NOTIC: [8] Undefined index: url_rewrite D:\AppServ\www\SP\Lib\Action\AdminCommonAction.class.php 第 14 行.
SQL: SHOW COLUMNS FROM `sp_user_verified` [ RunTime:0.020204s ]
SQL: SELECT `uid`,`uname`,`status` FROM `sp_user_verified` WHERE ( uid='' ) LIMIT 1   [ RunTime:0.000933s ]
NOTIC: [2] is_array() expects exactly 1 parameter, 2 given D:\AppServ\www\SP\Lib\Action\AdminCommonAction.class.php 第 61 行.
INFO: [ view_template ] --START--
INFO: Run LocationTemplate Behavior [ RunTime:0.001125s ]
INFO: [ view_template ] --END-- [ RunTime:0.001251s ]
INFO: [ view_parse ] --START--
NOTIC: [8] Undefined variable: title D:\AppServ\www\SP\Runtime\Cache\Admin\e527869d8924016c8dd849d717414f93.php 第 5 行.
NOTIC: [8] Undefined variable: odd D:\AppServ\www\SP\Runtime\Cache\Admin\e527869d8924016c8dd849d717414f93.php 第 141 行.
NOTIC: [8] Undefined variable: even D:\AppServ\www\SP\Runtime\Cache\Admin\e527869d8924016c8dd849d717414f93.php 第 157 行.
INFO: Run ParseTemplate Behavior [ RunTime:0.015773s ]
INFO: [ view_parse ] --END-- [ RunTime:0.015890s ]
INFO: [ view_filter ] --START--
INFO: Run ContentReplace Behavior [ RunTime:0.000683s ]
INFO: Run TokenBuild Behavior [ RunTime:0.000580s ]
INFO: Run WriteHtmlCache Behavior [ RunTime:0.000405s ]
INFO: Run ShowRuntime Behavior [ RunTime:0.000723s ]
INFO: [ view_filter ] --END-- [ RunTime:0.002661s ]
INFO: [ view_end ] --START--
INFO: Run ShowPageTrace Behavior [ RunTime:0.000710s ]
INFO: [ view_end ] --END-- [ RunTime:0.000794s ]

[ 2013-04-01T00:19:39+08:00 ] 127.0.0.1 /sp/index.php?g=Admin&m=AreaSet&a=provinceSet
INFO: [ app_begin ] --START--
INFO: Run ReadHtmlCache Behavior [ RunTime:0.000665s ]
INFO: [ app_begin ] --END-- [ RunTime:0.000761s ]
NOTIC: [2] in_array() expects parameter 2 to be array, null given D:\AppServ\www\SP\Lib\Action\AdminCommonAction.class.php 第 10 行.
NOTIC: [8] Undefined index: url_rewrite D:\AppServ\www\SP\Lib\Action\AdminCommonAction.class.php 第 14 行.
SQL: SHOW COLUMNS FROM `sp_user_verified` [ RunTime:0.017735s ]
SQL: SELECT `uid`,`uname`,`status` FROM `sp_user_verified` WHERE ( uid='' ) LIMIT 1   [ RunTime:0.000482s ]
NOTIC: [2] is_array() expects exactly 1 parameter, 2 given D:\AppServ\www\SP\Lib\Action\AdminCommonAction.class.php 第 61 行.
NOTIC: [2048] Declaration of MarketProvinceModel::addAll() should be compatible with that of Model::addAll() D:\AppServ\www\SP\Lib\Model\MarketProvinceModel.class.php 第 153 行.
SQL: SHOW COLUMNS FROM `sp_market_province` [ RunTime:0.014075s ]
NOTIC: [8] Undefined variable: p D:\AppServ\www\SP\Lib\Action\Admin\AreaSetAction.class.php 第 21 行.
SQL: SELECT * FROM `sp_market_province` ORDER BY pid LIMIT 0,5   [ RunTime:0.000317s ]
NOTIC: [2] Missing argument 1 for Model::where(), called in D:\AppServ\www\SP\Lib\Model\MarketProvinceModel.class.php on line 19 and defined D:\AppServ\www\SP\ThinkPHP\Lib\Core\Model.class.php 第 1451 行.
NOTIC: [8] Undefined variable: where D:\AppServ\www\SP\ThinkPHP\Lib\Core\Model.class.php 第 1459 行.
NOTIC: [8] Undefined variable: where D:\AppServ\www\SP\ThinkPHP\Lib\Core\Model.class.php 第 1462 行.
NOTIC: [8] Undefined variable: where D:\AppServ\www\SP\ThinkPHP\Lib\Core\Model.class.php 第 1470 行.
SQL: SELECT COUNT(*) AS tp_count FROM `sp_market_province` LIMIT 1   [ RunTime:0.000186s ]
NOTIC: [8] Undefined index: search D:\AppServ\www\SP\Lib\Action\Admin\AreaSetAction.class.php 第 26 行.
NOTIC: [8] Undefined variable: class D:\AppServ\www\SP\Lib\Action\Admin\AreaSetAction.class.php 第 41 行.
NOTIC: [8] Undefined variable: infor D:\AppServ\www\SP\Lib\Action\Admin\AreaSetAction.class.php 第 42 行.
INFO: [ view_template ] --START--
INFO: Run LocationTemplate Behavior [ RunTime:0.000647s ]
INFO: [ view_template ] --END-- [ RunTime:0.000718s ]
INFO: [ view_parse ] --START--
INFO: Run ParseTemplate Behavior [ RunTime:0.014445s ]
INFO: [ view_parse ] --END-- [ RunTime:0.014552s ]
INFO: [ view_filter ] --START--
INFO: Run ContentReplace Behavior [ RunTime:0.000478s ]
INFO: Run TokenBuild Behavior [ RunTime:0.000524s ]
INFO: Run WriteHtmlCache Behavior [ RunTime:0.000411s ]
INFO: Run ShowRuntime Behavior [ RunTime:0.000538s ]
INFO: [ view_filter ] --END-- [ RunTime:0.002131s ]
INFO: [ view_end ] --START--
INFO: Run ShowPageTrace Behavior [ RunTime:0.000628s ]
INFO: [ view_end ] --END-- [ RunTime:0.000690s ]

[ 2013-04-01T00:19:40+08:00 ] 127.0.0.1 /sp/index.php?g=Admin&m=InforPartition&a=showAll
INFO: [ app_begin ] --START--
INFO: Run ReadHtmlCache Behavior [ RunTime:0.000693s ]
INFO: [ app_begin ] --END-- [ RunTime:0.000790s ]
NOTIC: [2] in_array() expects parameter 2 to be array, null given D:\AppServ\www\SP\Lib\Action\AdminCommonAction.class.php 第 10 行.
NOTIC: [8] Undefined index: url_rewrite D:\AppServ\www\SP\Lib\Action\AdminCommonAction.class.php 第 14 行.
SQL: SHOW COLUMNS FROM `sp_user_verified` [ RunTime:0.027004s ]
SQL: SELECT `uid`,`uname`,`status` FROM `sp_user_verified` WHERE ( uid='' ) LIMIT 1   [ RunTime:0.000679s ]
NOTIC: [2] is_array() expects exactly 1 parameter, 2 given D:\AppServ\www\SP\Lib\Action\AdminCommonAction.class.php 第 61 行.
NOTIC: [2048] Declaration of CategoryModel::addAll() should be compatible with that of Model::addAll() D:\AppServ\www\SP\Lib\Model\CategoryModel.class.php 第 154 行.
SQL: SHOW COLUMNS FROM `sp_category` [ RunTime:0.014730s ]
NOTIC: [8] Undefined variable: p D:\AppServ\www\SP\Lib\Action\Admin\InforPartitionAction.class.php 第 22 行.
SQL: SELECT * FROM `sp_category` ORDER BY cid LIMIT 0,5   [ RunTime:0.000369s ]
SQL: SELECT * FROM `sp_category`  [ RunTime:0.000279s ]
NOTIC: [8] Undefined index: search D:\AppServ\www\SP\Lib\Action\Admin\InforPartitionAction.class.php 第 28 行.
NOTIC: [8] Undefined variable: class D:\AppServ\www\SP\Lib\Action\Admin\InforPartitionAction.class.php 第 42 行.
NOTIC: [8] Undefined variable: infor D:\AppServ\www\SP\Lib\Action\Admin\InforPartitionAction.class.php 第 43 行.
INFO: [ view_template ] --START--
INFO: Run LocationTemplate Behavior [ RunTime:0.001176s ]
INFO: [ view_template ] --END-- [ RunTime:0.001275s ]
INFO: [ view_parse ] --START--
INFO: Run ParseTemplate Behavior [ RunTime:0.018175s ]
INFO: [ view_parse ] --END-- [ RunTime:0.018299s ]
INFO: [ view_filter ] --START--
INFO: Run ContentReplace Behavior [ RunTime:0.000548s ]
INFO: Run TokenBuild Behavior [ RunTime:0.000464s ]
INFO: Run WriteHtmlCache Behavior [ RunTime:0.000308s ]
INFO: Run ShowRuntime Behavior [ RunTime:0.000513s ]
INFO: [ view_filter ] --END-- [ RunTime:0.002138s ]
INFO: [ view_end ] --START--
INFO: Run ShowPageTrace Behavior [ RunTime:0.000709s ]
INFO: [ view_end ] --END-- [ RunTime:0.000777s ]

[ 2013-04-01T00:19:41+08:00 ] 127.0.0.1 /sp/index.php?g=Admin&m=CitySet&a=showAll
INFO: [ app_begin ] --START--
INFO: Run ReadHtmlCache Behavior [ RunTime:0.000751s ]
INFO: [ app_begin ] --END-- [ RunTime:0.000847s ]
NOTIC: [2] in_array() expects parameter 2 to be array, null given D:\AppServ\www\SP\Lib\Action\AdminCommonAction.class.php 第 10 行.
NOTIC: [8] Undefined index: url_rewrite D:\AppServ\www\SP\Lib\Action\AdminCommonAction.class.php 第 14 行.
SQL: SHOW COLUMNS FROM `sp_user_verified` [ RunTime:0.024116s ]
SQL: SELECT `uid`,`uname`,`status` FROM `sp_user_verified` WHERE ( uid='' ) LIMIT 1   [ RunTime:0.000333s ]
NOTIC: [2] is_array() expects exactly 1 parameter, 2 given D:\AppServ\www\SP\Lib\Action\AdminCommonAction.class.php 第 61 行.
NOTIC: [2048] Declaration of MarketCityModel::addAll() should be compatible with that of Model::addAll() D:\AppServ\www\SP\Lib\Model\MarketCityModel.class.php 第 157 行.
SQL: SHOW COLUMNS FROM `sp_market_city` [ RunTime:0.009621s ]
NOTIC: [2048] Declaration of MarketProvinceModel::addAll() should be compatible with that of Model::addAll() D:\AppServ\www\SP\Lib\Model\MarketProvinceModel.class.php 第 153 行.
SQL: SHOW COLUMNS FROM `sp_market_province` [ RunTime:0.009960s ]
SQL: SELECT * FROM `sp_market_province` ORDER BY pid  [ RunTime:0.000289s ]
NOTIC: [8] Undefined variable: p D:\AppServ\www\SP\Lib\Action\Admin\CitySetAction.class.php 第 27 行.
SQL: SELECT * FROM `sp_market_city` WHERE ( pid='1' ) ORDER BY cid LIMIT 0,5   [ RunTime:0.000287s ]
NOTIC: [2] Missing argument 1 for Model::where(), called in D:\AppServ\www\SP\Lib\Model\MarketCityModel.class.php on line 23 and defined D:\AppServ\www\SP\ThinkPHP\Lib\Core\Model.class.php 第 1451 行.
NOTIC: [8] Undefined variable: where D:\AppServ\www\SP\ThinkPHP\Lib\Core\Model.class.php 第 1459 行.
NOTIC: [8] Undefined variable: where D:\AppServ\www\SP\ThinkPHP\Lib\Core\Model.class.php 第 1462 行.
NOTIC: [8] Undefined variable: where D:\AppServ\www\SP\ThinkPHP\Lib\Core\Model.class.php 第 1470 行.
SQL: SELECT COUNT(*) AS tp_count FROM `sp_market_city` LIMIT 1   [ RunTime:0.000179s ]
NOTIC: [8] Undefined variable: class D:\AppServ\www\SP\Lib\Action\Admin\CitySetAction.class.php 第 47 行.
NOTIC: [8] Undefined variable: infor D:\AppServ\www\SP\Lib\Action\Admin\CitySetAction.class.php 第 48 行.
INFO: [ view_template ] --START--
INFO: Run LocationTemplate Behavior [ RunTime:0.000966s ]
INFO: [ view_template ] --END-- [ RunTime:0.001058s ]
INFO: [ view_parse ] --START--
NOTIC: [8] Undefined variable: pids D:\AppServ\www\SP\Runtime\Cache\Admin\ab1b9afa51d7db9999730c36033a517c.php 第 8 行.
INFO: Run ParseTemplate Behavior [ RunTime:0.015062s ]
INFO: [ view_parse ] --END-- [ RunTime:0.015148s ]
INFO: [ view_filter ] --START--
INFO: Run ContentReplace Behavior [ RunTime:0.000629s ]
INFO: Run TokenBuild Behavior [ RunTime:0.000568s ]
INFO: Run WriteHtmlCache Behavior [ RunTime:0.000295s ]
INFO: Run ShowRuntime Behavior [ RunTime:0.000508s ]
INFO: [ view_filter ] --END-- [ RunTime:0.002192s ]
INFO: [ view_end ] --START--
INFO: Run ShowPageTrace Behavior [ RunTime:0.000626s ]
INFO: [ view_end ] --END-- [ RunTime:0.000687s ]

[ 2013-04-01T00:20:24+08:00 ] 127.0.0.1 /sp/index.php?g=Admin&m=CitySet&a=addByName
INFO: [ app_begin ] --START--
INFO: Run ReadHtmlCache Behavior [ RunTime:0.001065s ]
INFO: [ app_begin ] --END-- [ RunTime:0.001357s ]
NOTIC: [2] in_array() expects parameter 2 to be array, null given D:\AppServ\www\SP\Lib\Action\AdminCommonAction.class.php 第 10 行.
NOTIC: [8] Undefined index: url_rewrite D:\AppServ\www\SP\Lib\Action\AdminCommonAction.class.php 第 14 行.
SQL: SHOW COLUMNS FROM `sp_user_verified` [ RunTime:0.025850s ]
SQL: SELECT `uid`,`uname`,`status` FROM `sp_user_verified` WHERE ( uid='' ) LIMIT 1   [ RunTime:0.000756s ]
NOTIC: [2] is_array() expects exactly 1 parameter, 2 given D:\AppServ\www\SP\Lib\Action\AdminCommonAction.class.php 第 61 行.
NOTIC: [2048] Declaration of MarketCityModel::addAll() should be compatible with that of Model::addAll() D:\AppServ\www\SP\Lib\Model\MarketCityModel.class.php 第 157 行.
SQL: SHOW COLUMNS FROM `sp_market_city` [ RunTime:0.016929s ]
NOTIC: [8] Undefined index: p D:\AppServ\www\SP\Lib\Action\Admin\CitySetAction.class.php 第 102 行.
NOTIC: [8] Undefined variable: result D:\AppServ\www\SP\Lib\Action\Admin\CitySetAction.class.php 第 107 行.

[ 2013-04-01T00:22:14+08:00 ] 127.0.0.1 /sp/index.php?g=Admin&m=Goods&a=inforPartition
INFO: [ app_begin ] --START--
INFO: Run ReadHtmlCache Behavior [ RunTime:0.001057s ]
INFO: [ app_begin ] --END-- [ RunTime:0.001174s ]
NOTIC: [2] in_array() expects parameter 2 to be array, null given D:\AppServ\www\SP\Lib\Action\AdminCommonAction.class.php 第 10 行.
NOTIC: [8] Undefined index: url_rewrite D:\AppServ\www\SP\Lib\Action\AdminCommonAction.class.php 第 14 行.
SQL: SHOW COLUMNS FROM `sp_user_verified` [ RunTime:0.027122s ]
SQL: SELECT `uid`,`uname`,`status` FROM `sp_user_verified` WHERE ( uid='' ) LIMIT 1   [ RunTime:0.000721s ]
NOTIC: [2] is_array() expects exactly 1 parameter, 2 given D:\AppServ\www\SP\Lib\Action\AdminCommonAction.class.php 第 61 行.
INFO: [ view_template ] --START--
INFO: Run LocationTemplate Behavior [ RunTime:0.003198s ]
INFO: [ view_template ] --END-- [ RunTime:0.003625s ]
INFO: [ view_parse ] --START--
NOTIC: [8] Undefined variable: title D:\AppServ\www\SP\Runtime\Cache\Admin\e527869d8924016c8dd849d717414f93.php 第 5 行.
NOTIC: [8] Undefined variable: odd D:\AppServ\www\SP\Runtime\Cache\Admin\e527869d8924016c8dd849d717414f93.php 第 141 行.
NOTIC: [8] Undefined variable: even D:\AppServ\www\SP\Runtime\Cache\Admin\e527869d8924016c8dd849d717414f93.php 第 157 行.
INFO: Run ParseTemplate Behavior [ RunTime:0.017965s ]
INFO: [ view_parse ] --END-- [ RunTime:0.018108s ]
INFO: [ view_filter ] --START--
INFO: Run ContentReplace Behavior [ RunTime:0.000685s ]
INFO: Run TokenBuild Behavior [ RunTime:0.000576s ]
INFO: Run WriteHtmlCache Behavior [ RunTime:0.000451s ]
INFO: Run ShowRuntime Behavior [ RunTime:0.000669s ]
INFO: [ view_filter ] --END-- [ RunTime:0.002603s ]
INFO: [ view_end ] --START--
INFO: Run ShowPageTrace Behavior [ RunTime:0.000780s ]
INFO: [ view_end ] --END-- [ RunTime:0.000858s ]

[ 2013-04-01T00:22:15+08:00 ] 127.0.0.1 /sp/index.php?g=Admin&m=Goods&a=inforPartition
INFO: [ app_begin ] --START--
INFO: Run ReadHtmlCache Behavior [ RunTime:0.005552s ]
INFO: [ app_begin ] --END-- [ RunTime:0.006302s ]
NOTIC: [2] in_array() expects parameter 2 to be array, null given D:\AppServ\www\SP\Lib\Action\AdminCommonAction.class.php 第 10 行.
NOTIC: [8] Undefined index: url_rewrite D:\AppServ\www\SP\Lib\Action\AdminCommonAction.class.php 第 14 行.
SQL: SHOW COLUMNS FROM `sp_user_verified` [ RunTime:0.022668s ]
SQL: SELECT `uid`,`uname`,`status` FROM `sp_user_verified` WHERE ( uid='' ) LIMIT 1   [ RunTime:0.000432s ]
NOTIC: [2] is_array() expects exactly 1 parameter, 2 given D:\AppServ\www\SP\Lib\Action\AdminCommonAction.class.php 第 61 行.
INFO: [ view_template ] --START--
INFO: Run LocationTemplate Behavior [ RunTime:0.000715s ]
INFO: [ view_template ] --END-- [ RunTime:0.000821s ]
INFO: [ view_parse ] --START--
NOTIC: [8] Undefined variable: title D:\AppServ\www\SP\Runtime\Cache\Admin\e527869d8924016c8dd849d717414f93.php 第 5 行.
NOTIC: [8] Undefined variable: odd D:\AppServ\www\SP\Runtime\Cache\Admin\e527869d8924016c8dd849d717414f93.php 第 141 行.
NOTIC: [8] Undefined variable: even D:\AppServ\www\SP\Runtime\Cache\Admin\e527869d8924016c8dd849d717414f93.php 第 157 行.
INFO: Run ParseTemplate Behavior [ RunTime:0.014895s ]
INFO: [ view_parse ] --END-- [ RunTime:0.015002s ]
INFO: [ view_filter ] --START--
INFO: Run ContentReplace Behavior [ RunTime:0.000714s ]
INFO: Run TokenBuild Behavior [ RunTime:0.000583s ]
INFO: Run WriteHtmlCache Behavior [ RunTime:0.000412s ]
INFO: Run ShowRuntime Behavior [ RunTime:0.000699s ]
INFO: [ view_filter ] --END-- [ RunTime:0.002688s ]
INFO: [ view_end ] --START--
INFO: Run ShowPageTrace Behavior [ RunTime:0.000836s ]
INFO: [ view_end ] --END-- [ RunTime:0.000934s ]

[ 2013-04-01T00:22:17+08:00 ] 127.0.0.1 /sp/index.php?g=Admin&m=AreaSet&a=provinceSet
INFO: [ app_begin ] --START--
INFO: Run ReadHtmlCache Behavior [ RunTime:0.000959s ]
INFO: [ app_begin ] --END-- [ RunTime:0.001063s ]
NOTIC: [2] in_array() expects parameter 2 to be array, null given D:\AppServ\www\SP\Lib\Action\AdminCommonAction.class.php 第 10 行.
NOTIC: [8] Undefined index: url_rewrite D:\AppServ\www\SP\Lib\Action\AdminCommonAction.class.php 第 14 行.
SQL: SHOW COLUMNS FROM `sp_user_verified` [ RunTime:0.024928s ]
SQL: SELECT `uid`,`uname`,`status` FROM `sp_user_verified` WHERE ( uid='' ) LIMIT 1   [ RunTime:0.000340s ]
NOTIC: [2] is_array() expects exactly 1 parameter, 2 given D:\AppServ\www\SP\Lib\Action\AdminCommonAction.class.php 第 61 行.
NOTIC: [2048] Declaration of MarketProvinceModel::addAll() should be compatible with that of Model::addAll() D:\AppServ\www\SP\Lib\Model\MarketProvinceModel.class.php 第 153 行.
SQL: SHOW COLUMNS FROM `sp_market_province` [ RunTime:0.009279s ]
NOTIC: [8] Undefined variable: p D:\AppServ\www\SP\Lib\Action\Admin\AreaSetAction.class.php 第 21 行.
SQL: SELECT * FROM `sp_market_province` ORDER BY pid LIMIT 0,5   [ RunTime:0.000291s ]
NOTIC: [2] Missing argument 1 for Model::where(), called in D:\AppServ\www\SP\Lib\Model\MarketProvinceModel.class.php on line 19 and defined D:\AppServ\www\SP\ThinkPHP\Lib\Core\Model.class.php 第 1451 行.
NOTIC: [8] Undefined variable: where D:\AppServ\www\SP\ThinkPHP\Lib\Core\Model.class.php 第 1459 行.
NOTIC: [8] Undefined variable: where D:\AppServ\www\SP\ThinkPHP\Lib\Core\Model.class.php 第 1462 行.
NOTIC: [8] Undefined variable: where D:\AppServ\www\SP\ThinkPHP\Lib\Core\Model.class.php 第 1470 行.
SQL: SELECT COUNT(*) AS tp_count FROM `sp_market_province` LIMIT 1   [ RunTime:0.000181s ]
NOTIC: [8] Undefined index: search D:\AppServ\www\SP\Lib\Action\Admin\AreaSetAction.class.php 第 26 行.
NOTIC: [8] Undefined variable: class D:\AppServ\www\SP\Lib\Action\Admin\AreaSetAction.class.php 第 41 行.
NOTIC: [8] Undefined variable: infor D:\AppServ\www\SP\Lib\Action\Admin\AreaSetAction.class.php 第 42 行.
INFO: [ view_template ] --START--
INFO: Run LocationTemplate Behavior [ RunTime:0.001209s ]
INFO: [ view_template ] --END-- [ RunTime:0.001284s ]
INFO: [ view_parse ] --START--
INFO: Run ParseTemplate Behavior [ RunTime:0.015868s ]
INFO: [ view_parse ] --END-- [ RunTime:0.015978s ]
INFO: [ view_filter ] --START--
INFO: Run ContentReplace Behavior [ RunTime:0.000639s ]
INFO: Run TokenBuild Behavior [ RunTime:0.000625s ]
INFO: Run WriteHtmlCache Behavior [ RunTime:0.000453s ]
INFO: Run ShowRuntime Behavior [ RunTime:0.000611s ]
INFO: [ view_filter ] --END-- [ RunTime:0.002526s ]
INFO: [ view_end ] --START--
INFO: Run ShowPageTrace Behavior [ RunTime:0.000721s ]
INFO: [ view_end ] --END-- [ RunTime:0.000785s ]

[ 2013-04-01T00:22:18+08:00 ] 127.0.0.1 /sp/index.php?g=Admin&m=CitySet&a=showAll
INFO: [ app_begin ] --START--
INFO: Run ReadHtmlCache Behavior [ RunTime:0.000963s ]
INFO: [ app_begin ] --END-- [ RunTime:0.001062s ]
NOTIC: [2] in_array() expects parameter 2 to be array, null given D:\AppServ\www\SP\Lib\Action\AdminCommonAction.class.php 第 10 行.
NOTIC: [8] Undefined index: url_rewrite D:\AppServ\www\SP\Lib\Action\AdminCommonAction.class.php 第 14 行.
SQL: SHOW COLUMNS FROM `sp_user_verified` [ RunTime:0.023784s ]
SQL: SELECT `uid`,`uname`,`status` FROM `sp_user_verified` WHERE ( uid='' ) LIMIT 1   [ RunTime:0.000389s ]
NOTIC: [2] is_array() expects exactly 1 parameter, 2 given D:\AppServ\www\SP\Lib\Action\AdminCommonAction.class.php 第 61 行.
NOTIC: [2048] Declaration of MarketCityModel::addAll() should be compatible with that of Model::addAll() D:\AppServ\www\SP\Lib\Model\MarketCityModel.class.php 第 157 行.
SQL: SHOW COLUMNS FROM `sp_market_city` [ RunTime:0.012085s ]
NOTIC: [2048] Declaration of MarketProvinceModel::addAll() should be compatible with that of Model::addAll() D:\AppServ\www\SP\Lib\Model\MarketProvinceModel.class.php 第 153 行.
SQL: SHOW COLUMNS FROM `sp_market_province` [ RunTime:0.011744s ]
SQL: SELECT * FROM `sp_market_province` ORDER BY pid  [ RunTime:0.000313s ]
NOTIC: [8] Undefined variable: p D:\AppServ\www\SP\Lib\Action\Admin\CitySetAction.class.php 第 27 行.
SQL: SELECT * FROM `sp_market_city` WHERE ( pid='1' ) ORDER BY cid LIMIT 0,5   [ RunTime:0.000296s ]
NOTIC: [2] Missing argument 1 for Model::where(), called in D:\AppServ\www\SP\Lib\Model\MarketCityModel.class.php on line 23 and defined D:\AppServ\www\SP\ThinkPHP\Lib\Core\Model.class.php 第 1451 行.
NOTIC: [8] Undefined variable: where D:\AppServ\www\SP\ThinkPHP\Lib\Core\Model.class.php 第 1459 行.
NOTIC: [8] Undefined variable: where D:\AppServ\www\SP\ThinkPHP\Lib\Core\Model.class.php 第 1462 行.
NOTIC: [8] Undefined variable: where D:\AppServ\www\SP\ThinkPHP\Lib\Core\Model.class.php 第 1470 行.
SQL: SELECT COUNT(*) AS tp_count FROM `sp_market_city` LIMIT 1   [ RunTime:0.000185s ]
NOTIC: [8] Undefined variable: class D:\AppServ\www\SP\Lib\Action\Admin\CitySetAction.class.php 第 47 行.
NOTIC: [8] Undefined variable: infor D:\AppServ\www\SP\Lib\Action\Admin\CitySetAction.class.php 第 48 行.
INFO: [ view_template ] --START--
INFO: Run LocationTemplate Behavior [ RunTime:0.001104s ]
INFO: [ view_template ] --END-- [ RunTime:0.001176s ]
INFO: [ view_parse ] --START--
NOTIC: [8] Undefined variable: pids D:\AppServ\www\SP\Runtime\Cache\Admin\ab1b9afa51d7db9999730c36033a517c.php 第 8 行.
INFO: Run ParseTemplate Behavior [ RunTime:0.015894s ]
INFO: [ view_parse ] --END-- [ RunTime:0.015972s ]
INFO: [ view_filter ] --START--
INFO: Run ContentReplace Behavior [ RunTime:0.000656s ]
INFO: Run TokenBuild Behavior [ RunTime:0.000589s ]
INFO: Run WriteHtmlCache Behavior [ RunTime:0.000457s ]
INFO: Run ShowRuntime Behavior [ RunTime:0.000657s ]
INFO: [ view_filter ] --END-- [ RunTime:0.002558s ]
INFO: [ view_end ] --START--
INFO: Run ShowPageTrace Behavior [ RunTime:0.000778s ]
INFO: [ view_end ] --END-- [ RunTime:0.000843s ]

[ 2013-04-01T00:22:19+08:00 ] 127.0.0.1 /sp/index.php?g=Admin&m=InforPartition&a=showAll
INFO: [ app_begin ] --START--
INFO: Run ReadHtmlCache Behavior [ RunTime:0.000678s ]
INFO: [ app_begin ] --END-- [ RunTime:0.000774s ]
NOTIC: [2] in_array() expects parameter 2 to be array, null given D:\AppServ\www\SP\Lib\Action\AdminCommonAction.class.php 第 10 行.
NOTIC: [8] Undefined index: url_rewrite D:\AppServ\www\SP\Lib\Action\AdminCommonAction.class.php 第 14 行.
SQL: SHOW COLUMNS FROM `sp_user_verified` [ RunTime:0.022094s ]
SQL: SELECT `uid`,`uname`,`status` FROM `sp_user_verified` WHERE ( uid='' ) LIMIT 1   [ RunTime:0.000504s ]
NOTIC: [2] is_array() expects exactly 1 parameter, 2 given D:\AppServ\www\SP\Lib\Action\AdminCommonAction.class.php 第 61 行.
NOTIC: [2048] Declaration of CategoryModel::addAll() should be compatible with that of Model::addAll() D:\AppServ\www\SP\Lib\Model\CategoryModel.class.php 第 154 行.
SQL: SHOW COLUMNS FROM `sp_category` [ RunTime:0.015560s ]
NOTIC: [8] Undefined variable: p D:\AppServ\www\SP\Lib\Action\Admin\InforPartitionAction.class.php 第 22 行.
SQL: SELECT * FROM `sp_category` ORDER BY cid LIMIT 0,5   [ RunTime:0.000552s ]
SQL: SELECT * FROM `sp_category`  [ RunTime:0.000303s ]
NOTIC: [8] Undefined index: search D:\AppServ\www\SP\Lib\Action\Admin\InforPartitionAction.class.php 第 28 行.
NOTIC: [8] Undefined variable: class D:\AppServ\www\SP\Lib\Action\Admin\InforPartitionAction.class.php 第 42 行.
NOTIC: [8] Undefined variable: infor D:\AppServ\www\SP\Lib\Action\Admin\InforPartitionAction.class.php 第 43 行.
INFO: [ view_template ] --START--
INFO: Run LocationTemplate Behavior [ RunTime:0.001546s ]
INFO: [ view_template ] --END-- [ RunTime:0.001692s ]
INFO: [ view_parse ] --START--
INFO: Run ParseTemplate Behavior [ RunTime:0.013401s ]
INFO: [ view_parse ] --END-- [ RunTime:0.013506s ]
INFO: [ view_filter ] --START--
INFO: Run ContentReplace Behavior [ RunTime:0.000539s ]
INFO: Run TokenBuild Behavior [ RunTime:0.000430s ]
INFO: Run WriteHtmlCache Behavior [ RunTime:0.000354s ]
INFO: Run ShowRuntime Behavior [ RunTime:0.000517s ]
INFO: [ view_filter ] --END-- [ RunTime:0.002039s ]
INFO: [ view_end ] --START--
INFO: Run ShowPageTrace Behavior [ RunTime:0.000637s ]
INFO: [ view_end ] --END-- [ RunTime:0.000698s ]

[ 2013-04-01T00:22:41+08:00 ] 127.0.0.1 /sp/index.php?g=Admin&m=CitySet&a=addByName
INFO: [ app_begin ] --START--
INFO: Run ReadHtmlCache Behavior [ RunTime:0.000839s ]
INFO: [ app_begin ] --END-- [ RunTime:0.000950s ]
NOTIC: [2] in_array() expects parameter 2 to be array, null given D:\AppServ\www\SP\Lib\Action\AdminCommonAction.class.php 第 10 行.
NOTIC: [8] Undefined index: url_rewrite D:\AppServ\www\SP\Lib\Action\AdminCommonAction.class.php 第 14 行.
SQL: SHOW COLUMNS FROM `sp_user_verified` [ RunTime:0.025573s ]
SQL: SELECT `uid`,`uname`,`status` FROM `sp_user_verified` WHERE ( uid='' ) LIMIT 1   [ RunTime:0.000400s ]
NOTIC: [2] is_array() expects exactly 1 parameter, 2 given D:\AppServ\www\SP\Lib\Action\AdminCommonAction.class.php 第 61 行.
NOTIC: [2048] Declaration of MarketCityModel::addAll() should be compatible with that of Model::addAll() D:\AppServ\www\SP\Lib\Model\MarketCityModel.class.php 第 157 行.
SQL: SHOW COLUMNS FROM `sp_market_city` [ RunTime:0.011934s ]
NOTIC: [8] Undefined index: p D:\AppServ\www\SP\Lib\Action\Admin\CitySetAction.class.php 第 102 行.
NOTIC: [8] Undefined variable: result D:\AppServ\www\SP\Lib\Action\Admin\CitySetAction.class.php 第 107 行.

