[ 2013-01-28T11:12:11+08:00 ] ERR: (ThinkException) 无法加载模块:show
[ 2013-01-28T11:12:21+08:00 ] 127.0.0.1 /sp/index.php/Index/show
INFO: [ route_check ] --START--
INFO: Run CheckRoute Behavior [ RunTime:0.001479s ]
INFO: [ route_check ] --END-- [ RunTime:0.001596s ]
INFO: [ app_begin ] --START--
INFO: Run ReadHtmlCache Behavior [ RunTime:0.001327s ]
INFO: [ app_begin ] --END-- [ RunTime:0.001435s ]
INFO: [ view_template ] --START--
INFO: Run LocationTemplate Behavior [ RunTime:0.356440s ]
INFO: [ view_template ] --END-- [ RunTime:0.356581s ]
INFO: [ view_parse ] --START--
INFO: Run ParseTemplate Behavior [ RunTime:0.345465s ]
INFO: [ view_parse ] --END-- [ RunTime:0.345580s ]
INFO: [ view_filter ] --START--
INFO: Run ContentReplace Behavior [ RunTime:0.036560s ]
INFO: Run TokenBuild Behavior [ RunTime:0.024006s ]
INFO: Run WriteHtmlCache Behavior [ RunTime:0.012632s ]
INFO: Run ShowRuntime Behavior [ RunTime:0.016010s ]
INFO: [ view_filter ] --END-- [ RunTime:0.092434s ]
INFO: [ view_end ] --START--
INFO: Run ShowPageTrace Behavior [ RunTime:0.036090s ]
INFO: [ view_end ] --END-- [ RunTime:0.036368s ]

[ 2013-01-28T11:12:48+08:00 ] 127.0.0.1 /sp/index.php/Index/show
INFO: [ route_check ] --START--
INFO: Run CheckRoute Behavior [ RunTime:0.000951s ]
INFO: [ route_check ] --END-- [ RunTime:0.001064s ]
INFO: [ app_begin ] --START--
INFO: Run ReadHtmlCache Behavior [ RunTime:0.000634s ]
INFO: [ app_begin ] --END-- [ RunTime:0.000727s ]
INFO: [ view_template ] --START--
INFO: Run LocationTemplate Behavior [ RunTime:0.001580s ]
INFO: [ view_template ] --END-- [ RunTime:0.001693s ]
INFO: [ view_parse ] --START--
INFO: Run ParseTemplate Behavior [ RunTime:0.024541s ]
INFO: [ view_parse ] --END-- [ RunTime:0.024663s ]
INFO: [ view_filter ] --START--
INFO: Run ContentReplace Behavior [ RunTime:0.001402s ]
INFO: Run TokenBuild Behavior [ RunTime:0.001184s ]
INFO: Run WriteHtmlCache Behavior [ RunTime:0.000875s ]
INFO: Run ShowRuntime Behavior [ RunTime:0.001105s ]
INFO: [ view_filter ] --END-- [ RunTime:0.004836s ]
INFO: [ view_end ] --START--
INFO: Run ShowPageTrace Behavior [ RunTime:0.001525s ]
INFO: [ view_end ] --END-- [ RunTime:0.001640s ]

[ 2013-01-28T11:12:48+08:00 ] 127.0.0.1 /sp/index.php/Index/show
INFO: [ route_check ] --START--
INFO: Run CheckRoute Behavior [ RunTime:0.001046s ]
INFO: [ route_check ] --END-- [ RunTime:0.001187s ]
INFO: [ app_begin ] --START--
INFO: Run ReadHtmlCache Behavior [ RunTime:0.000674s ]
INFO: [ app_begin ] --END-- [ RunTime:0.000799s ]
INFO: [ view_template ] --START--
INFO: Run LocationTemplate Behavior [ RunTime:0.000397s ]
INFO: [ view_template ] --END-- [ RunTime:0.000487s ]
INFO: [ view_parse ] --START--
INFO: Run ParseTemplate Behavior [ RunTime:0.017492s ]
INFO: [ view_parse ] --END-- [ RunTime:0.017611s ]
INFO: [ view_filter ] --START--
INFO: Run ContentReplace Behavior [ RunTime:0.001451s ]
INFO: Run TokenBuild Behavior [ RunTime:0.000476s ]
INFO: Run WriteHtmlCache Behavior [ RunTime:0.000277s ]
INFO: Run ShowRuntime Behavior [ RunTime:0.000545s ]
INFO: [ view_filter ] --END-- [ RunTime:0.002989s ]
INFO: [ view_end ] --START--
INFO: Run ShowPageTrace Behavior [ RunTime:0.000659s ]
INFO: [ view_end ] --END-- [ RunTime:0.000739s ]

[ 2013-01-28T11:12:48+08:00 ] 127.0.0.1 /sp/index.php/Index/show
INFO: [ route_check ] --START--
INFO: Run CheckRoute Behavior [ RunTime:0.000985s ]
INFO: [ route_check ] --END-- [ RunTime:0.001101s ]
INFO: [ app_begin ] --START--
INFO: Run ReadHtmlCache Behavior [ RunTime:0.000682s ]
INFO: [ app_begin ] --END-- [ RunTime:0.000789s ]
INFO: [ view_template ] --START--
INFO: Run LocationTemplate Behavior [ RunTime:0.000412s ]
INFO: [ view_template ] --END-- [ RunTime:0.000505s ]
INFO: [ view_parse ] --START--
INFO: Run ParseTemplate Behavior [ RunTime:0.012463s ]
INFO: [ view_parse ] --END-- [ RunTime:0.012581s ]
INFO: [ view_filter ] --START--
INFO: Run ContentReplace Behavior [ RunTime:0.000572s ]
INFO: Run TokenBuild Behavior [ RunTime:0.000662s ]
INFO: Run WriteHtmlCache Behavior [ RunTime:0.000287s ]
INFO: Run ShowRuntime Behavior [ RunTime:0.000785s ]
INFO: [ view_filter ] --END-- [ RunTime:0.002560s ]
INFO: [ view_end ] --START--
INFO: Run ShowPageTrace Behavior [ RunTime:0.000683s ]
INFO: [ view_end ] --END-- [ RunTime:0.000763s ]

[ 2013-01-28T11:12:48+08:00 ] 127.0.0.1 /sp/index.php/Index/show
INFO: [ route_check ] --START--
INFO: Run CheckRoute Behavior [ RunTime:0.001002s ]
INFO: [ route_check ] --END-- [ RunTime:0.001130s ]
INFO: [ app_begin ] --START--
INFO: Run ReadHtmlCache Behavior [ RunTime:0.000771s ]
INFO: [ app_begin ] --END-- [ RunTime:0.000902s ]
INFO: [ view_template ] --START--
INFO: Run LocationTemplate Behavior [ RunTime:0.000489s ]
INFO: [ view_template ] --END-- [ RunTime:0.000599s ]
INFO: [ view_parse ] --START--
INFO: Run ParseTemplate Behavior [ RunTime:0.014364s ]
INFO: [ view_parse ] --END-- [ RunTime:0.014497s ]
INFO: [ view_filter ] --START--
INFO: Run ContentReplace Behavior [ RunTime:0.000518s ]
INFO: Run TokenBuild Behavior [ RunTime:0.000468s ]
INFO: Run WriteHtmlCache Behavior [ RunTime:0.000394s ]
INFO: Run ShowRuntime Behavior [ RunTime:0.000551s ]
INFO: [ view_filter ] --END-- [ RunTime:0.002183s ]
INFO: [ view_end ] --START--
INFO: Run ShowPageTrace Behavior [ RunTime:0.000682s ]
INFO: [ view_end ] --END-- [ RunTime:0.000766s ]

[ 2013-01-28T11:12:49+08:00 ] 127.0.0.1 /sp/index.php/Index/show
INFO: [ route_check ] --START--
INFO: Run CheckRoute Behavior [ RunTime:0.000930s ]
INFO: [ route_check ] --END-- [ RunTime:0.001040s ]
INFO: [ app_begin ] --START--
INFO: Run ReadHtmlCache Behavior [ RunTime:0.000616s ]
INFO: [ app_begin ] --END-- [ RunTime:0.000701s ]
INFO: [ view_template ] --START--
INFO: Run LocationTemplate Behavior [ RunTime:0.000392s ]
INFO: [ view_template ] --END-- [ RunTime:0.000476s ]
INFO: [ view_parse ] --START--
INFO: Run ParseTemplate Behavior [ RunTime:0.013009s ]
INFO: [ view_parse ] --END-- [ RunTime:0.013133s ]
INFO: [ view_filter ] --START--
INFO: Run ContentReplace Behavior [ RunTime:0.000475s ]
INFO: Run TokenBuild Behavior [ RunTime:0.000495s ]
INFO: Run WriteHtmlCache Behavior [ RunTime:0.000300s ]
INFO: Run ShowRuntime Behavior [ RunTime:0.000700s ]
INFO: [ view_filter ] --END-- [ RunTime:0.002222s ]
INFO: [ view_end ] --START--
INFO: Run ShowPageTrace Behavior [ RunTime:0.000918s ]
INFO: [ view_end ] --END-- [ RunTime:0.001023s ]

[ 2013-01-28T11:12:49+08:00 ] 127.0.0.1 /sp/index.php/Index/show
INFO: [ route_check ] --START--
INFO: Run CheckRoute Behavior [ RunTime:0.001000s ]
INFO: [ route_check ] --END-- [ RunTime:0.001138s ]
INFO: [ app_begin ] --START--
INFO: Run ReadHtmlCache Behavior [ RunTime:0.001140s ]
INFO: [ app_begin ] --END-- [ RunTime:0.001342s ]
INFO: [ view_template ] --START--
INFO: Run LocationTemplate Behavior [ RunTime:0.002630s ]
INFO: [ view_template ] --END-- [ RunTime:0.002810s ]
INFO: [ view_parse ] --START--
INFO: Run ParseTemplate Behavior [ RunTime:0.016056s ]
INFO: [ view_parse ] --END-- [ RunTime:0.016174s ]
INFO: [ view_filter ] --START--
INFO: Run ContentReplace Behavior [ RunTime:0.000486s ]
INFO: Run TokenBuild Behavior [ RunTime:0.000436s ]
INFO: Run WriteHtmlCache Behavior [ RunTime:0.000282s ]
INFO: Run ShowRuntime Behavior [ RunTime:0.000522s ]
INFO: [ view_filter ] --END-- [ RunTime:0.001941s ]
INFO: [ view_end ] --START--
INFO: Run ShowPageTrace Behavior [ RunTime:0.000695s ]
INFO: [ view_end ] --END-- [ RunTime:0.000773s ]

[ 2013-01-28T11:13:00+08:00 ] 127.0.0.1 /sp/index.php/Index/show
INFO: [ route_check ] --START--
INFO: Run CheckRoute Behavior [ RunTime:0.001558s ]
INFO: [ route_check ] --END-- [ RunTime:0.001689s ]
INFO: [ app_begin ] --START--
INFO: Run ReadHtmlCache Behavior [ RunTime:0.001293s ]
INFO: [ app_begin ] --END-- [ RunTime:0.001415s ]
INFO: [ view_template ] --START--
INFO: Run LocationTemplate Behavior [ RunTime:0.004476s ]
INFO: [ view_template ] --END-- [ RunTime:0.004612s ]
INFO: [ view_parse ] --START--
INFO: Run ParseTemplate Behavior [ RunTime:0.020134s ]
INFO: [ view_parse ] --END-- [ RunTime:0.020259s ]
INFO: [ view_filter ] --START--
INFO: Run ContentReplace Behavior [ RunTime:0.001007s ]
INFO: Run TokenBuild Behavior [ RunTime:0.001099s ]
INFO: Run WriteHtmlCache Behavior [ RunTime:0.000965s ]
INFO: Run ShowRuntime Behavior [ RunTime:0.001081s ]
INFO: [ view_filter ] --END-- [ RunTime:0.004386s ]
INFO: [ view_end ] --START--
INFO: Run ShowPageTrace Behavior [ RunTime:0.001366s ]
INFO: [ view_end ] --END-- [ RunTime:0.001466s ]

[ 2013-01-28T11:13:04+08:00 ] 127.0.0.1 /sp/index.php/Index/show
INFO: [ route_check ] --START--
INFO: Run CheckRoute Behavior [ RunTime:0.001571s ]
INFO: [ route_check ] --END-- [ RunTime:0.001694s ]
INFO: [ app_begin ] --START--
INFO: Run ReadHtmlCache Behavior [ RunTime:0.001218s ]
INFO: [ app_begin ] --END-- [ RunTime:0.001331s ]
INFO: [ view_template ] --START--
INFO: Run LocationTemplate Behavior [ RunTime:0.001462s ]
INFO: [ view_template ] --END-- [ RunTime:0.001564s ]
INFO: [ view_parse ] --START--
INFO: Run ParseTemplate Behavior [ RunTime:0.018847s ]
INFO: [ view_parse ] --END-- [ RunTime:0.018958s ]
INFO: [ view_filter ] --START--
INFO: Run ContentReplace Behavior [ RunTime:0.001069s ]
INFO: Run TokenBuild Behavior [ RunTime:0.001202s ]
INFO: Run WriteHtmlCache Behavior [ RunTime:0.000811s ]
INFO: Run ShowRuntime Behavior [ RunTime:0.001239s ]
INFO: [ view_filter ] --END-- [ RunTime:0.004589s ]
INFO: [ view_end ] --START--
INFO: Run ShowPageTrace Behavior [ RunTime:0.001473s ]
INFO: [ view_end ] --END-- [ RunTime:0.001569s ]

[ 2013-01-28T11:13:08+08:00 ] 127.0.0.1 /sp/index.php/Index/show
INFO: [ route_check ] --START--
INFO: Run CheckRoute Behavior [ RunTime:0.000939s ]
INFO: [ route_check ] --END-- [ RunTime:0.001053s ]
INFO: [ app_begin ] --START--
INFO: Run ReadHtmlCache Behavior [ RunTime:0.000632s ]
INFO: [ app_begin ] --END-- [ RunTime:0.000724s ]
INFO: [ view_template ] --START--
INFO: Run LocationTemplate Behavior [ RunTime:0.000414s ]
INFO: [ view_template ] --END-- [ RunTime:0.000504s ]
INFO: [ view_parse ] --START--
INFO: Run ParseTemplate Behavior [ RunTime:0.012264s ]
INFO: [ view_parse ] --END-- [ RunTime:0.012391s ]
INFO: [ view_filter ] --START--
INFO: Run ContentReplace Behavior [ RunTime:0.000493s ]
INFO: Run TokenBuild Behavior [ RunTime:0.000469s ]
INFO: Run WriteHtmlCache Behavior [ RunTime:0.001036s ]
INFO: Run ShowRuntime Behavior [ RunTime:0.000630s ]
INFO: [ view_filter ] --END-- [ RunTime:0.002907s ]
INFO: [ view_end ] --START--
INFO: Run ShowPageTrace Behavior [ RunTime:0.000717s ]
INFO: [ view_end ] --END-- [ RunTime:0.000805s ]

[ 2013-01-28T11:13:16+08:00 ] 127.0.0.1 /sp/index.php/Index/show
INFO: [ route_check ] --START--
INFO: Run CheckRoute Behavior [ RunTime:0.000951s ]
INFO: [ route_check ] --END-- [ RunTime:0.001063s ]
INFO: [ app_begin ] --START--
INFO: Run ReadHtmlCache Behavior [ RunTime:0.000623s ]
INFO: [ app_begin ] --END-- [ RunTime:0.000711s ]
INFO: [ view_template ] --START--
INFO: Run LocationTemplate Behavior [ RunTime:0.000516s ]
INFO: [ view_template ] --END-- [ RunTime:0.000624s ]
INFO: [ view_parse ] --START--
INFO: Run ParseTemplate Behavior [ RunTime:0.017822s ]
INFO: [ view_parse ] --END-- [ RunTime:0.017944s ]
INFO: [ view_filter ] --START--
INFO: Run ContentReplace Behavior [ RunTime:0.000586s ]
INFO: Run TokenBuild Behavior [ RunTime:0.000512s ]
INFO: Run WriteHtmlCache Behavior [ RunTime:0.000289s ]
INFO: Run ShowRuntime Behavior [ RunTime:0.000618s ]
INFO: [ view_filter ] --END-- [ RunTime:0.003051s ]
INFO: [ view_end ] --START--
INFO: Run ShowPageTrace Behavior [ RunTime:0.000736s ]
INFO: [ view_end ] --END-- [ RunTime:0.000824s ]

[ 2013-01-28T11:13:38+08:00 ] 127.0.0.1 /sp/index.php/Index/show
INFO: [ route_check ] --START--
INFO: Run CheckRoute Behavior [ RunTime:0.001069s ]
INFO: [ route_check ] --END-- [ RunTime:0.001199s ]
INFO: [ app_begin ] --START--
INFO: Run ReadHtmlCache Behavior [ RunTime:0.000792s ]
INFO: [ app_begin ] --END-- [ RunTime:0.000922s ]
INFO: [ view_template ] --START--
INFO: Run LocationTemplate Behavior [ RunTime:0.000399s ]
INFO: [ view_template ] --END-- [ RunTime:0.000487s ]
INFO: [ view_parse ] --START--
INFO: Run ParseTemplate Behavior [ RunTime:0.011368s ]
INFO: [ view_parse ] --END-- [ RunTime:0.011477s ]
INFO: [ view_filter ] --START--
INFO: Run ContentReplace Behavior [ RunTime:0.000407s ]
INFO: Run TokenBuild Behavior [ RunTime:0.000449s ]
INFO: Run WriteHtmlCache Behavior [ RunTime:0.000273s ]
INFO: Run ShowRuntime Behavior [ RunTime:0.000533s ]
INFO: [ view_filter ] --END-- [ RunTime:0.001880s ]
INFO: [ view_end ] --START--
INFO: Run ShowPageTrace Behavior [ RunTime:0.000667s ]
INFO: [ view_end ] --END-- [ RunTime:0.000747s ]

[ 2013-01-28T11:17:34+08:00 ] 127.0.0.1 /sp/index.php/Index/show
INFO: [ route_check ] --START--
INFO: Run CheckRoute Behavior [ RunTime:0.001556s ]
INFO: [ route_check ] --END-- [ RunTime:0.001696s ]
INFO: [ app_begin ] --START--
INFO: Run ReadHtmlCache Behavior [ RunTime:0.001448s ]
INFO: [ app_begin ] --END-- [ RunTime:0.001572s ]
INFO: [ view_template ] --START--
INFO: Run LocationTemplate Behavior [ RunTime:0.001928s ]
INFO: [ view_template ] --END-- [ RunTime:0.002050s ]
INFO: [ view_parse ] --START--
INFO: Run ParseTemplate Behavior [ RunTime:0.017697s ]
INFO: [ view_parse ] --END-- [ RunTime:0.017831s ]
INFO: [ view_filter ] --START--
INFO: Run ContentReplace Behavior [ RunTime:0.002532s ]
INFO: Run TokenBuild Behavior [ RunTime:0.001347s ]
INFO: Run WriteHtmlCache Behavior [ RunTime:0.001210s ]
INFO: Run ShowRuntime Behavior [ RunTime:0.001500s ]
INFO: [ view_filter ] --END-- [ RunTime:0.006985s ]
INFO: [ view_end ] --START--
INFO: Run ShowPageTrace Behavior [ RunTime:0.001679s ]
INFO: [ view_end ] --END-- [ RunTime:0.001776s ]

[ 2013-01-28T11:19:05+08:00 ] 127.0.0.1 /sp/index.php/Index/show
INFO: [ route_check ] --START--
INFO: Run CheckRoute Behavior [ RunTime:0.002102s ]
INFO: [ route_check ] --END-- [ RunTime:0.002238s ]
INFO: [ app_begin ] --START--
INFO: Run ReadHtmlCache Behavior [ RunTime:0.001153s ]
INFO: [ app_begin ] --END-- [ RunTime:0.001243s ]
INFO: [ view_template ] --START--
INFO: Run LocationTemplate Behavior [ RunTime:0.001483s ]
INFO: [ view_template ] --END-- [ RunTime:0.001580s ]
INFO: [ view_parse ] --START--
INFO: Run ParseTemplate Behavior [ RunTime:0.017293s ]
INFO: [ view_parse ] --END-- [ RunTime:0.017406s ]
INFO: [ view_filter ] --START--
INFO: Run ContentReplace Behavior [ RunTime:0.000988s ]
INFO: Run TokenBuild Behavior [ RunTime:0.001036s ]
INFO: Run WriteHtmlCache Behavior [ RunTime:0.000866s ]
INFO: Run ShowRuntime Behavior [ RunTime:0.001220s ]
INFO: [ view_filter ] --END-- [ RunTime:0.004375s ]
INFO: [ view_end ] --START--
INFO: Run ShowPageTrace Behavior [ RunTime:0.001370s ]
INFO: [ view_end ] --END-- [ RunTime:0.001469s ]

[ 2013-01-28T11:30:30+08:00 ] 127.0.0.1 /sp/index.php/Index/show
INFO: [ route_check ] --START--
INFO: Run CheckRoute Behavior [ RunTime:0.116196s ]
INFO: [ route_check ] --END-- [ RunTime:0.116357s ]
INFO: [ app_begin ] --START--
INFO: Run ReadHtmlCache Behavior [ RunTime:0.032287s ]
INFO: [ app_begin ] --END-- [ RunTime:0.032428s ]
INFO: [ view_template ] --START--
INFO: Run LocationTemplate Behavior [ RunTime:0.019104s ]
INFO: [ view_template ] --END-- [ RunTime:0.019252s ]
INFO: [ view_parse ] --START--
INFO: Run ParseTemplate Behavior [ RunTime:0.138651s ]
INFO: [ view_parse ] --END-- [ RunTime:0.138779s ]
INFO: [ view_filter ] --START--
INFO: Run ContentReplace Behavior [ RunTime:0.004210s ]
INFO: Run TokenBuild Behavior [ RunTime:0.001510s ]
INFO: Run WriteHtmlCache Behavior [ RunTime:0.001209s ]
INFO: Run ShowRuntime Behavior [ RunTime:0.003810s ]
INFO: [ view_filter ] --END-- [ RunTime:0.011029s ]
INFO: [ view_end ] --START--
INFO: Run ShowPageTrace Behavior [ RunTime:0.012746s ]
INFO: [ view_end ] --END-- [ RunTime:0.012855s ]

[ 2013-01-28T11:31:14+08:00 ] 127.0.0.1 /sp/index.php/Index/show
INFO: [ route_check ] --START--
INFO: Run CheckRoute Behavior [ RunTime:0.002135s ]
INFO: [ route_check ] --END-- [ RunTime:0.002277s ]
INFO: [ app_begin ] --START--
INFO: Run ReadHtmlCache Behavior [ RunTime:0.001154s ]
INFO: [ app_begin ] --END-- [ RunTime:0.001246s ]
INFO: [ view_template ] --START--
INFO: Run LocationTemplate Behavior [ RunTime:0.001466s ]
INFO: [ view_template ] --END-- [ RunTime:0.001635s ]
INFO: [ view_parse ] --START--
INFO: Run ParseTemplate Behavior [ RunTime:0.016018s ]
INFO: [ view_parse ] --END-- [ RunTime:0.016163s ]
INFO: [ view_filter ] --START--
INFO: Run ContentReplace Behavior [ RunTime:0.001459s ]
INFO: Run TokenBuild Behavior [ RunTime:0.001566s ]
INFO: Run WriteHtmlCache Behavior [ RunTime:0.001280s ]
INFO: Run ShowRuntime Behavior [ RunTime:0.001656s ]
INFO: [ view_filter ] --END-- [ RunTime:0.006445s ]
INFO: [ view_end ] --START--
INFO: Run ShowPageTrace Behavior [ RunTime:0.002110s ]
INFO: [ view_end ] --END-- [ RunTime:0.002253s ]

[ 2013-01-28T11:33:53+08:00 ] 127.0.0.1 /sp/index.php/Index/show
INFO: [ route_check ] --START--
INFO: Run CheckRoute Behavior [ RunTime:0.001460s ]
INFO: [ route_check ] --END-- [ RunTime:0.001572s ]
INFO: [ app_begin ] --START--
INFO: Run ReadHtmlCache Behavior [ RunTime:0.001349s ]
INFO: [ app_begin ] --END-- [ RunTime:0.001453s ]
INFO: [ view_template ] --START--
INFO: Run LocationTemplate Behavior [ RunTime:0.001531s ]
INFO: [ view_template ] --END-- [ RunTime:0.001650s ]
INFO: [ view_parse ] --START--
INFO: Run ParseTemplate Behavior [ RunTime:0.017577s ]
INFO: [ view_parse ] --END-- [ RunTime:0.017690s ]
INFO: [ view_filter ] --START--
INFO: Run ContentReplace Behavior [ RunTime:0.000975s ]
INFO: Run TokenBuild Behavior [ RunTime:0.001272s ]
INFO: Run WriteHtmlCache Behavior [ RunTime:0.000822s ]
INFO: Run ShowRuntime Behavior [ RunTime:0.001075s ]
INFO: [ view_filter ] --END-- [ RunTime:0.004387s ]
INFO: [ view_end ] --START--
INFO: Run ShowPageTrace Behavior [ RunTime:0.001187s ]
INFO: [ view_end ] --END-- [ RunTime:0.001266s ]

[ 2013-01-28T11:35:01+08:00 ] 127.0.0.1 /sp/index.php/Index/show
INFO: [ route_check ] --START--
INFO: Run CheckRoute Behavior [ RunTime:0.001640s ]
INFO: [ route_check ] --END-- [ RunTime:0.001768s ]
INFO: [ app_begin ] --START--
INFO: Run ReadHtmlCache Behavior [ RunTime:0.001259s ]
INFO: [ app_begin ] --END-- [ RunTime:0.001368s ]
INFO: [ view_template ] --START--
INFO: Run LocationTemplate Behavior [ RunTime:0.002315s ]
INFO: [ view_template ] --END-- [ RunTime:0.002443s ]
INFO: [ view_parse ] --START--
INFO: Run ParseTemplate Behavior [ RunTime:0.016379s ]
INFO: [ view_parse ] --END-- [ RunTime:0.016502s ]
INFO: [ view_filter ] --START--
INFO: Run ContentReplace Behavior [ RunTime:0.001014s ]
INFO: Run TokenBuild Behavior [ RunTime:0.001013s ]
INFO: Run WriteHtmlCache Behavior [ RunTime:0.000839s ]
INFO: Run ShowRuntime Behavior [ RunTime:0.001307s ]
INFO: [ view_filter ] --END-- [ RunTime:0.004421s ]
INFO: [ view_end ] --START--
INFO: Run ShowPageTrace Behavior [ RunTime:0.001536s ]
INFO: [ view_end ] --END-- [ RunTime:0.001632s ]

[ 2013-01-28T11:35:21+08:00 ] 127.0.0.1 /sp/index.php/Index/show
INFO: [ route_check ] --START--
INFO: Run CheckRoute Behavior [ RunTime:0.001538s ]
INFO: [ route_check ] --END-- [ RunTime:0.001657s ]
INFO: [ app_begin ] --START--
INFO: Run ReadHtmlCache Behavior [ RunTime:0.001264s ]
INFO: [ app_begin ] --END-- [ RunTime:0.001366s ]
INFO: [ view_template ] --START--
INFO: Run LocationTemplate Behavior [ RunTime:0.001601s ]
INFO: [ view_template ] --END-- [ RunTime:0.001702s ]
INFO: [ view_parse ] --START--
INFO: Run ParseTemplate Behavior [ RunTime:0.020232s ]
INFO: [ view_parse ] --END-- [ RunTime:0.020348s ]
INFO: [ view_filter ] --START--
INFO: Run ContentReplace Behavior [ RunTime:0.001024s ]
INFO: Run TokenBuild Behavior [ RunTime:0.001231s ]
INFO: Run WriteHtmlCache Behavior [ RunTime:0.000904s ]
INFO: Run ShowRuntime Behavior [ RunTime:0.001138s ]
INFO: [ view_filter ] --END-- [ RunTime:0.004579s ]
INFO: [ view_end ] --START--
INFO: Run ShowPageTrace Behavior [ RunTime:0.001298s ]
INFO: [ view_end ] --END-- [ RunTime:0.001396s ]

[ 2013-01-28T13:36:01+08:00 ] 127.0.0.1 /sp/index.php/Index/tag
INFO: [ route_check ] --START--
INFO: Run CheckRoute Behavior [ RunTime:0.015655s ]
INFO: [ route_check ] --END-- [ RunTime:0.015809s ]
INFO: [ app_begin ] --START--
INFO: Run ReadHtmlCache Behavior [ RunTime:0.008669s ]
INFO: [ app_begin ] --END-- [ RunTime:0.008802s ]
INFO: [ view_template ] --START--
INFO: Run LocationTemplate Behavior [ RunTime:0.001920s ]
INFO: [ view_template ] --END-- [ RunTime:0.002023s ]
INFO: [ view_parse ] --START--
INFO: Run ParseTemplate Behavior [ RunTime:0.056196s ]
INFO: [ view_parse ] --END-- [ RunTime:0.056310s ]
INFO: [ view_filter ] --START--
INFO: Run ContentReplace Behavior [ RunTime:0.001491s ]
INFO: Run TokenBuild Behavior [ RunTime:0.041010s ]
INFO: Run WriteHtmlCache Behavior [ RunTime:0.013868s ]
INFO: Run ShowRuntime Behavior [ RunTime:0.001832s ]
INFO: [ view_filter ] --END-- [ RunTime:0.058543s ]
INFO: [ view_end ] --START--
INFO: Run ShowPageTrace Behavior [ RunTime:0.017269s ]
INFO: [ view_end ] --END-- [ RunTime:0.017377s ]

[ 2013-01-28T13:37:14+08:00 ] 127.0.0.1 /sp/index.php/Index/tag
INFO: [ route_check ] --START--
INFO: Run CheckRoute Behavior [ RunTime:0.004685s ]
INFO: [ route_check ] --END-- [ RunTime:0.004829s ]
INFO: [ app_begin ] --START--
INFO: Run ReadHtmlCache Behavior [ RunTime:0.001226s ]
INFO: [ app_begin ] --END-- [ RunTime:0.001340s ]
INFO: [ view_template ] --START--
INFO: Run LocationTemplate Behavior [ RunTime:0.001462s ]
INFO: [ view_template ] --END-- [ RunTime:0.001558s ]
INFO: [ view_parse ] --START--
INFO: Run ParseTemplate Behavior [ RunTime:0.026770s ]
INFO: [ view_parse ] --END-- [ RunTime:0.026890s ]
INFO: [ view_filter ] --START--
INFO: Run ContentReplace Behavior [ RunTime:0.000994s ]
INFO: Run TokenBuild Behavior [ RunTime:0.000985s ]
INFO: Run WriteHtmlCache Behavior [ RunTime:0.000800s ]
INFO: Run ShowRuntime Behavior [ RunTime:0.001100s ]
INFO: [ view_filter ] --END-- [ RunTime:0.004103s ]
INFO: [ view_end ] --START--
INFO: Run ShowPageTrace Behavior [ RunTime:0.004302s ]
INFO: [ view_end ] --END-- [ RunTime:0.004411s ]

[ 2013-01-28T13:37:28+08:00 ] 127.0.0.1 /sp/index.php/Index/tag
INFO: [ route_check ] --START--
INFO: Run CheckRoute Behavior [ RunTime:0.001491s ]
INFO: [ route_check ] --END-- [ RunTime:0.001605s ]
INFO: [ app_begin ] --START--
INFO: Run ReadHtmlCache Behavior [ RunTime:0.001344s ]
INFO: [ app_begin ] --END-- [ RunTime:0.001467s ]
INFO: [ view_template ] --START--
INFO: Run LocationTemplate Behavior [ RunTime:0.001628s ]
INFO: [ view_template ] --END-- [ RunTime:0.001738s ]
INFO: [ view_parse ] --START--
INFO: Run ParseTemplate Behavior [ RunTime:0.016613s ]
INFO: [ view_parse ] --END-- [ RunTime:0.016731s ]
INFO: [ view_filter ] --START--
INFO: Run ContentReplace Behavior [ RunTime:0.000994s ]
INFO: Run TokenBuild Behavior [ RunTime:0.001189s ]
INFO: Run WriteHtmlCache Behavior [ RunTime:0.000840s ]
INFO: Run ShowRuntime Behavior [ RunTime:0.001064s ]
INFO: [ view_filter ] --END-- [ RunTime:0.004341s ]
INFO: [ view_end ] --START--
INFO: Run ShowPageTrace Behavior [ RunTime:0.001244s ]
INFO: [ view_end ] --END-- [ RunTime:0.001327s ]

[ 2013-01-28T13:37:29+08:00 ] 127.0.0.1 /sp/index.php/Index/tag
INFO: [ route_check ] --START--
INFO: Run CheckRoute Behavior [ RunTime:0.000934s ]
INFO: [ route_check ] --END-- [ RunTime:0.001044s ]
INFO: [ app_begin ] --START--
INFO: Run ReadHtmlCache Behavior [ RunTime:0.000632s ]
INFO: [ app_begin ] --END-- [ RunTime:0.000718s ]
INFO: [ view_template ] --START--
INFO: Run LocationTemplate Behavior [ RunTime:0.000435s ]
INFO: [ view_template ] --END-- [ RunTime:0.000536s ]
INFO: [ view_parse ] --START--
INFO: Run ParseTemplate Behavior [ RunTime:0.015432s ]
INFO: [ view_parse ] --END-- [ RunTime:0.015560s ]
INFO: [ view_filter ] --START--
INFO: Run ContentReplace Behavior [ RunTime:0.000597s ]
INFO: Run TokenBuild Behavior [ RunTime:0.000520s ]
INFO: Run WriteHtmlCache Behavior [ RunTime:0.000608s ]
INFO: Run ShowRuntime Behavior [ RunTime:0.000607s ]
INFO: [ view_filter ] --END-- [ RunTime:0.002630s ]
INFO: [ view_end ] --START--
INFO: Run ShowPageTrace Behavior [ RunTime:0.000787s ]
INFO: [ view_end ] --END-- [ RunTime:0.000884s ]

[ 2013-01-28T13:43:37+08:00 ] 127.0.0.1 /sp/index.php/Index/tag
INFO: [ route_check ] --START--
INFO: Run CheckRoute Behavior [ RunTime:0.001663s ]
INFO: [ route_check ] --END-- [ RunTime:0.001817s ]
INFO: [ app_begin ] --START--
INFO: Run ReadHtmlCache Behavior [ RunTime:0.001241s ]
INFO: [ app_begin ] --END-- [ RunTime:0.001360s ]
INFO: [ view_template ] --START--
INFO: Run LocationTemplate Behavior [ RunTime:0.001620s ]
INFO: [ view_template ] --END-- [ RunTime:0.001726s ]
INFO: [ view_parse ] --START--
INFO: Run ParseTemplate Behavior [ RunTime:0.018036s ]
INFO: [ view_parse ] --END-- [ RunTime:0.018153s ]
INFO: [ view_filter ] --START--
INFO: Run ContentReplace Behavior [ RunTime:0.001003s ]
INFO: Run TokenBuild Behavior [ RunTime:0.007668s ]
INFO: Run WriteHtmlCache Behavior [ RunTime:0.000960s ]
INFO: Run ShowRuntime Behavior [ RunTime:0.001880s ]
INFO: [ view_filter ] --END-- [ RunTime:0.011802s ]
INFO: [ view_end ] --START--
INFO: Run ShowPageTrace Behavior [ RunTime:0.001496s ]
INFO: [ view_end ] --END-- [ RunTime:0.001586s ]

[ 2013-01-28T13:43:39+08:00 ] 127.0.0.1 /sp/index.php/Index/tag
INFO: [ route_check ] --START--
INFO: Run CheckRoute Behavior [ RunTime:0.001179s ]
INFO: [ route_check ] --END-- [ RunTime:0.001333s ]
INFO: [ app_begin ] --START--
INFO: Run ReadHtmlCache Behavior [ RunTime:0.000711s ]
INFO: [ app_begin ] --END-- [ RunTime:0.000832s ]
INFO: [ view_template ] --START--
INFO: Run LocationTemplate Behavior [ RunTime:0.000570s ]
INFO: [ view_template ] --END-- [ RunTime:0.000677s ]
INFO: [ view_parse ] --START--
INFO: Run ParseTemplate Behavior [ RunTime:0.016780s ]
INFO: [ view_parse ] --END-- [ RunTime:0.016896s ]
INFO: [ view_filter ] --START--
INFO: Run ContentReplace Behavior [ RunTime:0.000441s ]
INFO: Run TokenBuild Behavior [ RunTime:0.000488s ]
INFO: Run WriteHtmlCache Behavior [ RunTime:0.000349s ]
INFO: Run ShowRuntime Behavior [ RunTime:0.000591s ]
INFO: [ view_filter ] --END-- [ RunTime:0.002114s ]
INFO: [ view_end ] --START--
INFO: Run ShowPageTrace Behavior [ RunTime:0.000732s ]
INFO: [ view_end ] --END-- [ RunTime:0.000820s ]

[ 2013-01-28T13:44:26+08:00 ] 127.0.0.1 /sp/index.php/Index/tag
INFO: [ route_check ] --START--
INFO: Run CheckRoute Behavior [ RunTime:0.001647s ]
INFO: [ route_check ] --END-- [ RunTime:0.001767s ]
INFO: [ app_begin ] --START--
INFO: Run ReadHtmlCache Behavior [ RunTime:0.001517s ]
INFO: [ app_begin ] --END-- [ RunTime:0.002149s ]
INFO: [ view_template ] --START--
INFO: Run LocationTemplate Behavior [ RunTime:0.003132s ]
INFO: [ view_template ] --END-- [ RunTime:0.003272s ]
INFO: [ view_parse ] --START--
INFO: Run ParseTemplate Behavior [ RunTime:0.020762s ]
INFO: [ view_parse ] --END-- [ RunTime:0.020880s ]
INFO: [ view_filter ] --START--
INFO: Run ContentReplace Behavior [ RunTime:0.002047s ]
INFO: Run TokenBuild Behavior [ RunTime:0.001068s ]
INFO: Run WriteHtmlCache Behavior [ RunTime:0.000828s ]
INFO: Run ShowRuntime Behavior [ RunTime:0.001086s ]
INFO: [ view_filter ] --END-- [ RunTime:0.005290s ]
INFO: [ view_end ] --START--
INFO: Run ShowPageTrace Behavior [ RunTime:0.001293s ]
INFO: [ view_end ] --END-- [ RunTime:0.001385s ]

[ 2013-01-28T13:44:27+08:00 ] 127.0.0.1 /sp/index.php/Index/tag
INFO: [ route_check ] --START--
INFO: Run CheckRoute Behavior [ RunTime:0.000997s ]
INFO: [ route_check ] --END-- [ RunTime:0.001126s ]
INFO: [ app_begin ] --START--
INFO: Run ReadHtmlCache Behavior [ RunTime:0.000650s ]
INFO: [ app_begin ] --END-- [ RunTime:0.000751s ]
INFO: [ view_template ] --START--
INFO: Run LocationTemplate Behavior [ RunTime:0.000519s ]
INFO: [ view_template ] --END-- [ RunTime:0.000617s ]
INFO: [ view_parse ] --START--
INFO: Run ParseTemplate Behavior [ RunTime:0.012755s ]
INFO: [ view_parse ] --END-- [ RunTime:0.012873s ]
INFO: [ view_filter ] --START--
INFO: Run ContentReplace Behavior [ RunTime:0.000434s ]
INFO: Run TokenBuild Behavior [ RunTime:0.000465s ]
INFO: Run WriteHtmlCache Behavior [ RunTime:0.000282s ]
INFO: Run ShowRuntime Behavior [ RunTime:0.000659s ]
INFO: [ view_filter ] --END-- [ RunTime:0.002066s ]
INFO: [ view_end ] --START--
INFO: Run ShowPageTrace Behavior [ RunTime:0.000680s ]
INFO: [ view_end ] --END-- [ RunTime:0.000760s ]

[ 2013-01-28T13:44:31+08:00 ] 127.0.0.1 /sp/index.php/Index/tag
INFO: [ route_check ] --START--
INFO: Run CheckRoute Behavior [ RunTime:0.000939s ]
INFO: [ route_check ] --END-- [ RunTime:0.001051s ]
INFO: [ app_begin ] --START--
INFO: Run ReadHtmlCache Behavior [ RunTime:0.000764s ]
INFO: [ app_begin ] --END-- [ RunTime:0.000857s ]
INFO: [ view_template ] --START--
INFO: Run LocationTemplate Behavior [ RunTime:0.000397s ]
INFO: [ view_template ] --END-- [ RunTime:0.000485s ]
INFO: [ view_parse ] --START--
INFO: Run ParseTemplate Behavior [ RunTime:0.012133s ]
INFO: [ view_parse ] --END-- [ RunTime:0.012244s ]
INFO: [ view_filter ] --START--
INFO: Run ContentReplace Behavior [ RunTime:0.000425s ]
INFO: Run TokenBuild Behavior [ RunTime:0.000452s ]
INFO: Run WriteHtmlCache Behavior [ RunTime:0.000277s ]
INFO: Run ShowRuntime Behavior [ RunTime:0.000514s ]
INFO: [ view_filter ] --END-- [ RunTime:0.001887s ]
INFO: [ view_end ] --START--
INFO: Run ShowPageTrace Behavior [ RunTime:0.000648s ]
INFO: [ view_end ] --END-- [ RunTime:0.000724s ]

[ 2013-01-28T13:45:07+08:00 ] 127.0.0.1 /sp/index.php/Index/tag
INFO: [ route_check ] --START--
INFO: Run CheckRoute Behavior [ RunTime:0.001504s ]
INFO: [ route_check ] --END-- [ RunTime:0.001622s ]
INFO: [ app_begin ] --START--
INFO: Run ReadHtmlCache Behavior [ RunTime:0.001235s ]
INFO: [ app_begin ] --END-- [ RunTime:0.001334s ]
INFO: [ view_template ] --START--
INFO: Run LocationTemplate Behavior [ RunTime:0.002485s ]
INFO: [ view_template ] --END-- [ RunTime:0.002611s ]
INFO: [ view_parse ] --START--
INFO: Run ParseTemplate Behavior [ RunTime:0.017120s ]
INFO: [ view_parse ] --END-- [ RunTime:0.017248s ]
INFO: [ view_filter ] --START--
INFO: Run ContentReplace Behavior [ RunTime:0.001037s ]
INFO: Run TokenBuild Behavior [ RunTime:0.001011s ]
INFO: Run WriteHtmlCache Behavior [ RunTime:0.000944s ]
INFO: Run ShowRuntime Behavior [ RunTime:0.001089s ]
INFO: [ view_filter ] --END-- [ RunTime:0.004318s ]
INFO: [ view_end ] --START--
INFO: Run ShowPageTrace Behavior [ RunTime:0.001218s ]
INFO: [ view_end ] --END-- [ RunTime:0.001301s ]

[ 2013-01-28T13:45:08+08:00 ] 127.0.0.1 /sp/index.php/Index/tag
INFO: [ route_check ] --START--
INFO: Run CheckRoute Behavior [ RunTime:0.000950s ]
INFO: [ route_check ] --END-- [ RunTime:0.001064s ]
INFO: [ app_begin ] --START--
INFO: Run ReadHtmlCache Behavior [ RunTime:0.000640s ]
INFO: [ app_begin ] --END-- [ RunTime:0.000731s ]
INFO: [ view_template ] --START--
INFO: Run LocationTemplate Behavior [ RunTime:0.000389s ]
INFO: [ view_template ] --END-- [ RunTime:0.000476s ]
INFO: [ view_parse ] --START--
INFO: Run ParseTemplate Behavior [ RunTime:0.016189s ]
INFO: [ view_parse ] --END-- [ RunTime:0.016316s ]
INFO: [ view_filter ] --START--
INFO: Run ContentReplace Behavior [ RunTime:0.000478s ]
INFO: Run TokenBuild Behavior [ RunTime:0.000481s ]
INFO: Run WriteHtmlCache Behavior [ RunTime:0.000275s ]
INFO: Run ShowRuntime Behavior [ RunTime:0.000519s ]
INFO: [ view_filter ] --END-- [ RunTime:0.001979s ]
INFO: [ view_end ] --START--
INFO: Run ShowPageTrace Behavior [ RunTime:0.000666s ]
INFO: [ view_end ] --END-- [ RunTime:0.000749s ]

[ 2013-01-28T13:46:14+08:00 ] 127.0.0.1 /sp/index.php/Index/tag
INFO: [ route_check ] --START--
INFO: Run CheckRoute Behavior [ RunTime:0.001071s ]
INFO: [ route_check ] --END-- [ RunTime:0.001221s ]
INFO: [ app_begin ] --START--
INFO: Run ReadHtmlCache Behavior [ RunTime:0.000699s ]
INFO: [ app_begin ] --END-- [ RunTime:0.000810s ]
INFO: [ view_template ] --START--
INFO: Run LocationTemplate Behavior [ RunTime:0.000441s ]
INFO: [ view_template ] --END-- [ RunTime:0.000545s ]
INFO: [ view_parse ] --START--
INFO: Run ParseTemplate Behavior [ RunTime:0.013097s ]
INFO: [ view_parse ] --END-- [ RunTime:0.015102s ]
INFO: [ view_filter ] --START--
INFO: Run ContentReplace Behavior [ RunTime:0.000740s ]
INFO: Run TokenBuild Behavior [ RunTime:0.000520s ]
INFO: Run WriteHtmlCache Behavior [ RunTime:0.000298s ]
INFO: Run ShowRuntime Behavior [ RunTime:0.000520s ]
INFO: [ view_filter ] --END-- [ RunTime:0.002326s ]
INFO: [ view_end ] --START--
INFO: Run ShowPageTrace Behavior [ RunTime:0.000663s ]
INFO: [ view_end ] --END-- [ RunTime:0.000742s ]

[ 2013-01-28T13:49:11+08:00 ] 127.0.0.1 /sp/index.php/Index/tag
INFO: [ route_check ] --START--
INFO: Run CheckRoute Behavior [ RunTime:0.002659s ]
INFO: [ route_check ] --END-- [ RunTime:0.002802s ]
INFO: [ app_begin ] --START--
INFO: Run ReadHtmlCache Behavior [ RunTime:0.001670s ]
INFO: [ app_begin ] --END-- [ RunTime:0.001810s ]
INFO: [ view_template ] --START--
INFO: Run LocationTemplate Behavior [ RunTime:0.002097s ]
INFO: [ view_template ] --END-- [ RunTime:0.002230s ]
INFO: [ view_parse ] --START--
INFO: Run ParseTemplate Behavior [ RunTime:0.016795s ]
INFO: [ view_parse ] --END-- [ RunTime:0.016923s ]
INFO: [ view_filter ] --START--
INFO: Run ContentReplace Behavior [ RunTime:0.002381s ]
INFO: Run TokenBuild Behavior [ RunTime:0.001003s ]
INFO: Run WriteHtmlCache Behavior [ RunTime:0.000807s ]
INFO: Run ShowRuntime Behavior [ RunTime:0.001129s ]
INFO: [ view_filter ] --END-- [ RunTime:0.005587s ]
INFO: [ view_end ] --START--
INFO: Run ShowPageTrace Behavior [ RunTime:0.001339s ]
INFO: [ view_end ] --END-- [ RunTime:0.001436s ]

[ 2013-01-28T13:55:09+08:00 ] 127.0.0.1 /sp/index.php/Index/tag
INFO: [ route_check ] --START--
INFO: Run CheckRoute Behavior [ RunTime:0.001465s ]
INFO: [ route_check ] --END-- [ RunTime:0.001578s ]
INFO: [ app_begin ] --START--
INFO: Run ReadHtmlCache Behavior [ RunTime:0.001158s ]
INFO: [ app_begin ] --END-- [ RunTime:0.001252s ]
INFO: [ view_template ] --START--
INFO: Run LocationTemplate Behavior [ RunTime:0.001453s ]
INFO: [ view_template ] --END-- [ RunTime:0.001549s ]
INFO: [ view_parse ] --START--
INFO: Run ParseTemplate Behavior [ RunTime:0.016740s ]
INFO: [ view_parse ] --END-- [ RunTime:0.016876s ]
INFO: [ view_filter ] --START--
INFO: Run ContentReplace Behavior [ RunTime:0.001376s ]
INFO: Run TokenBuild Behavior [ RunTime:0.001010s ]
INFO: Run WriteHtmlCache Behavior [ RunTime:0.000822s ]
INFO: Run ShowRuntime Behavior [ RunTime:0.001042s ]
INFO: [ view_filter ] --END-- [ RunTime:0.004496s ]
INFO: [ view_end ] --START--
INFO: Run ShowPageTrace Behavior [ RunTime:0.001191s ]
INFO: [ view_end ] --END-- [ RunTime:0.001271s ]

[ 2013-01-28T13:55:18+08:00 ] 127.0.0.1 /sp/index.php/Index/tag
INFO: [ route_check ] --START--
INFO: Run CheckRoute Behavior [ RunTime:0.001613s ]
INFO: [ route_check ] --END-- [ RunTime:0.001746s ]
INFO: [ app_begin ] --START--
INFO: Run ReadHtmlCache Behavior [ RunTime:0.001164s ]
INFO: [ app_begin ] --END-- [ RunTime:0.001270s ]
INFO: [ view_template ] --START--
INFO: Run LocationTemplate Behavior [ RunTime:0.001607s ]
INFO: [ view_template ] --END-- [ RunTime:0.001720s ]
INFO: [ view_parse ] --START--
INFO: Run ParseTemplate Behavior [ RunTime:0.015273s ]
INFO: [ view_parse ] --END-- [ RunTime:0.015390s ]
INFO: [ view_filter ] --START--
INFO: Run ContentReplace Behavior [ RunTime:0.000969s ]
INFO: Run TokenBuild Behavior [ RunTime:0.000978s ]
INFO: Run WriteHtmlCache Behavior [ RunTime:0.000794s ]
INFO: Run ShowRuntime Behavior [ RunTime:0.001037s ]
INFO: [ view_filter ] --END-- [ RunTime:0.004003s ]
INFO: [ view_end ] --START--
INFO: Run ShowPageTrace Behavior [ RunTime:0.001253s ]
INFO: [ view_end ] --END-- [ RunTime:0.001336s ]

[ 2013-01-28T13:56:48+08:00 ] 127.0.0.1 /sp/index.php/Index/tag
INFO: [ route_check ] --START--
INFO: Run CheckRoute Behavior [ RunTime:0.000968s ]
INFO: [ route_check ] --END-- [ RunTime:0.001090s ]
INFO: [ app_begin ] --START--
INFO: Run ReadHtmlCache Behavior [ RunTime:0.000674s ]
INFO: [ app_begin ] --END-- [ RunTime:0.000779s ]
INFO: [ view_template ] --START--
INFO: Run LocationTemplate Behavior [ RunTime:0.000402s ]
INFO: [ view_template ] --END-- [ RunTime:0.000493s ]
INFO: [ view_parse ] --START--
INFO: Run ParseTemplate Behavior [ RunTime:0.012431s ]
INFO: [ view_parse ] --END-- [ RunTime:0.012541s ]
INFO: [ view_filter ] --START--
INFO: Run ContentReplace Behavior [ RunTime:0.000409s ]
INFO: Run TokenBuild Behavior [ RunTime:0.000445s ]
INFO: Run WriteHtmlCache Behavior [ RunTime:0.000272s ]
INFO: Run ShowRuntime Behavior [ RunTime:0.000528s ]
INFO: [ view_filter ] --END-- [ RunTime:0.001879s ]
INFO: [ view_end ] --START--
INFO: Run ShowPageTrace Behavior [ RunTime:0.000683s ]
INFO: [ view_end ] --END-- [ RunTime:0.000761s ]

[ 2013-01-28T13:57:04+08:00 ] 127.0.0.1 /sp/index.php/Index/tag
INFO: [ route_check ] --START--
INFO: Run CheckRoute Behavior [ RunTime:0.001704s ]
INFO: [ route_check ] --END-- [ RunTime:0.001837s ]
INFO: [ app_begin ] --START--
INFO: Run ReadHtmlCache Behavior [ RunTime:0.001260s ]
INFO: [ app_begin ] --END-- [ RunTime:0.001386s ]
INFO: [ view_template ] --START--
INFO: Run LocationTemplate Behavior [ RunTime:0.001457s ]
INFO: [ view_template ] --END-- [ RunTime:0.001552s ]
INFO: [ view_parse ] --START--
INFO: Run ParseTemplate Behavior [ RunTime:0.014423s ]
INFO: [ view_parse ] --END-- [ RunTime:0.014533s ]
INFO: [ view_filter ] --START--
INFO: Run ContentReplace Behavior [ RunTime:0.001189s ]
INFO: Run TokenBuild Behavior [ RunTime:0.001074s ]
INFO: Run WriteHtmlCache Behavior [ RunTime:0.000849s ]
INFO: Run ShowRuntime Behavior [ RunTime:0.001068s ]
INFO: [ view_filter ] --END-- [ RunTime:0.004425s ]
INFO: [ view_end ] --START--
INFO: Run ShowPageTrace Behavior [ RunTime:0.001187s ]
INFO: [ view_end ] --END-- [ RunTime:0.001267s ]

[ 2013-01-28T13:58:09+08:00 ] 127.0.0.1 /sp/index.php/Index/tag
INFO: [ route_check ] --START--
INFO: Run CheckRoute Behavior [ RunTime:0.001481s ]
INFO: [ route_check ] --END-- [ RunTime:0.001597s ]
INFO: [ app_begin ] --START--
INFO: Run ReadHtmlCache Behavior [ RunTime:0.001167s ]
INFO: [ app_begin ] --END-- [ RunTime:0.001266s ]
INFO: [ view_template ] --START--
INFO: Run LocationTemplate Behavior [ RunTime:0.001915s ]
INFO: [ view_template ] --END-- [ RunTime:0.002042s ]
INFO: [ view_parse ] --START--
INFO: Run ParseTemplate Behavior [ RunTime:0.014703s ]
INFO: [ view_parse ] --END-- [ RunTime:0.014816s ]
INFO: [ view_filter ] --START--
INFO: Run ContentReplace Behavior [ RunTime:0.000999s ]
INFO: Run TokenBuild Behavior [ RunTime:0.001128s ]
INFO: Run WriteHtmlCache Behavior [ RunTime:0.000983s ]
INFO: Run ShowRuntime Behavior [ RunTime:0.001131s ]
INFO: [ view_filter ] --END-- [ RunTime:0.004517s ]
INFO: [ view_end ] --START--
INFO: Run ShowPageTrace Behavior [ RunTime:0.001196s ]
INFO: [ view_end ] --END-- [ RunTime:0.001278s ]

[ 2013-01-28T13:58:26+08:00 ] 127.0.0.1 /sp/index.php/Index/tag
INFO: [ route_check ] --START--
INFO: Run CheckRoute Behavior [ RunTime:0.000940s ]
INFO: [ route_check ] --END-- [ RunTime:0.001054s ]
INFO: [ app_begin ] --START--
INFO: Run ReadHtmlCache Behavior [ RunTime:0.000614s ]
INFO: [ app_begin ] --END-- [ RunTime:0.000700s ]
INFO: [ view_template ] --START--
INFO: Run LocationTemplate Behavior [ RunTime:0.000563s ]
INFO: [ view_template ] --END-- [ RunTime:0.001569s ]
INFO: [ view_parse ] --START--
INFO: Run ParseTemplate Behavior [ RunTime:0.011541s ]
INFO: [ view_parse ] --END-- [ RunTime:0.011649s ]
INFO: [ view_filter ] --START--
INFO: Run ContentReplace Behavior [ RunTime:0.000421s ]
INFO: Run TokenBuild Behavior [ RunTime:0.000452s ]
INFO: Run WriteHtmlCache Behavior [ RunTime:0.000269s ]
INFO: Run ShowRuntime Behavior [ RunTime:0.000517s ]
INFO: [ view_filter ] --END-- [ RunTime:0.001876s ]
INFO: [ view_end ] --START--
INFO: Run ShowPageTrace Behavior [ RunTime:0.000654s ]
INFO: [ view_end ] --END-- [ RunTime:0.000733s ]

[ 2013-01-28T13:58:47+08:00 ] 127.0.0.1 /sp/index.php/Index/tag
INFO: [ route_check ] --START--
INFO: Run CheckRoute Behavior [ RunTime:0.001035s ]
INFO: [ route_check ] --END-- [ RunTime:0.001159s ]
INFO: [ app_begin ] --START--
INFO: Run ReadHtmlCache Behavior [ RunTime:0.000697s ]
INFO: [ app_begin ] --END-- [ RunTime:0.000805s ]
INFO: [ view_template ] --START--
INFO: Run LocationTemplate Behavior [ RunTime:0.000388s ]
INFO: [ view_template ] --END-- [ RunTime:0.000477s ]
INFO: [ view_parse ] --START--
INFO: Run ParseTemplate Behavior [ RunTime:0.012458s ]
INFO: [ view_parse ] --END-- [ RunTime:0.012574s ]
INFO: [ view_filter ] --START--
INFO: Run ContentReplace Behavior [ RunTime:0.000441s ]
INFO: Run TokenBuild Behavior [ RunTime:0.000451s ]
INFO: Run WriteHtmlCache Behavior [ RunTime:0.000273s ]
INFO: Run ShowRuntime Behavior [ RunTime:0.000512s ]
INFO: [ view_filter ] --END-- [ RunTime:0.001893s ]
INFO: [ view_end ] --START--
INFO: Run ShowPageTrace Behavior [ RunTime:0.000786s ]
INFO: [ view_end ] --END-- [ RunTime:0.000879s ]

[ 2013-01-28T13:58:59+08:00 ] 127.0.0.1 /sp/index.php/Index/tag
INFO: [ route_check ] --START--
INFO: Run CheckRoute Behavior [ RunTime:0.000944s ]
INFO: [ route_check ] --END-- [ RunTime:0.001055s ]
INFO: [ app_begin ] --START--
INFO: Run ReadHtmlCache Behavior [ RunTime:0.000661s ]
INFO: [ app_begin ] --END-- [ RunTime:0.000759s ]
INFO: [ view_template ] --START--
INFO: Run LocationTemplate Behavior [ RunTime:0.000429s ]
INFO: [ view_template ] --END-- [ RunTime:0.000526s ]
INFO: [ view_parse ] --START--
INFO: Run ParseTemplate Behavior [ RunTime:0.013045s ]
INFO: [ view_parse ] --END-- [ RunTime:0.013161s ]
INFO: [ view_filter ] --START--
INFO: Run ContentReplace Behavior [ RunTime:0.000427s ]
INFO: Run TokenBuild Behavior [ RunTime:0.000448s ]
INFO: Run WriteHtmlCache Behavior [ RunTime:0.000277s ]
INFO: Run ShowRuntime Behavior [ RunTime:0.000512s ]
INFO: [ view_filter ] --END-- [ RunTime:0.001879s ]
INFO: [ view_end ] --START--
INFO: Run ShowPageTrace Behavior [ RunTime:0.001135s ]
INFO: [ view_end ] --END-- [ RunTime:0.001231s ]

[ 2013-01-28T13:59:39+08:00 ] 127.0.0.1 /sp/index.php/Index/tag
INFO: [ route_check ] --START--
INFO: Run CheckRoute Behavior [ RunTime:0.001099s ]
INFO: [ route_check ] --END-- [ RunTime:0.001226s ]
INFO: [ app_begin ] --START--
INFO: Run ReadHtmlCache Behavior [ RunTime:0.000644s ]
INFO: [ app_begin ] --END-- [ RunTime:0.000736s ]
INFO: [ view_template ] --START--
INFO: Run LocationTemplate Behavior [ RunTime:0.000391s ]
INFO: [ view_template ] --END-- [ RunTime:0.000477s ]
INFO: [ view_parse ] --START--
INFO: Run ParseTemplate Behavior [ RunTime:0.012753s ]
INFO: [ view_parse ] --END-- [ RunTime:0.012885s ]
INFO: [ view_filter ] --START--
INFO: Run ContentReplace Behavior [ RunTime:0.000430s ]
INFO: Run TokenBuild Behavior [ RunTime:0.000455s ]
INFO: Run WriteHtmlCache Behavior [ RunTime:0.000272s ]
INFO: Run ShowRuntime Behavior [ RunTime:0.000513s ]
INFO: [ view_filter ] --END-- [ RunTime:0.001895s ]
INFO: [ view_end ] --START--
INFO: Run ShowPageTrace Behavior [ RunTime:0.000650s ]
INFO: [ view_end ] --END-- [ RunTime:0.000728s ]

[ 2013-01-28T14:02:46+08:00 ] 127.0.0.1 /sp/index.php/Index/tag
INFO: [ route_check ] --START--
INFO: Run CheckRoute Behavior [ RunTime:0.001912s ]
INFO: [ route_check ] --END-- [ RunTime:0.002094s ]
INFO: [ app_begin ] --START--
INFO: Run ReadHtmlCache Behavior [ RunTime:0.001396s ]
INFO: [ app_begin ] --END-- [ RunTime:0.001543s ]
INFO: [ view_template ] --START--
INFO: Run LocationTemplate Behavior [ RunTime:0.005689s ]
INFO: [ view_template ] --END-- [ RunTime:0.005850s ]
INFO: [ view_parse ] --START--
INFO: Run ParseTemplate Behavior [ RunTime:0.017172s ]
INFO: [ view_parse ] --END-- [ RunTime:0.017293s ]
INFO: [ view_filter ] --START--
INFO: Run ContentReplace Behavior [ RunTime:0.002202s ]
INFO: Run TokenBuild Behavior [ RunTime:0.001086s ]
INFO: Run WriteHtmlCache Behavior [ RunTime:0.000881s ]
INFO: Run ShowRuntime Behavior [ RunTime:0.001100s ]
INFO: [ view_filter ] --END-- [ RunTime:0.005527s ]
INFO: [ view_end ] --START--
INFO: Run ShowPageTrace Behavior [ RunTime:0.001273s ]
INFO: [ view_end ] --END-- [ RunTime:0.001357s ]

[ 2013-01-28T14:03:11+08:00 ] 127.0.0.1 /sp/index.php/Index/tag
INFO: [ route_check ] --START--
INFO: Run CheckRoute Behavior [ RunTime:0.001496s ]
INFO: [ route_check ] --END-- [ RunTime:0.001619s ]
INFO: [ app_begin ] --START--
INFO: Run ReadHtmlCache Behavior [ RunTime:0.001196s ]
INFO: [ app_begin ] --END-- [ RunTime:0.001292s ]
INFO: [ view_template ] --START--
INFO: Run LocationTemplate Behavior [ RunTime:0.002200s ]
INFO: [ view_template ] --END-- [ RunTime:0.002324s ]
INFO: [ view_parse ] --START--
INFO: Run ParseTemplate Behavior [ RunTime:0.015104s ]
INFO: [ view_parse ] --END-- [ RunTime:0.015224s ]
INFO: [ view_filter ] --START--
INFO: Run ContentReplace Behavior [ RunTime:0.001040s ]
INFO: Run TokenBuild Behavior [ RunTime:0.001042s ]
INFO: Run WriteHtmlCache Behavior [ RunTime:0.000820s ]
INFO: Run ShowRuntime Behavior [ RunTime:0.001174s ]
INFO: [ view_filter ] --END-- [ RunTime:0.004327s ]
INFO: [ view_end ] --START--
INFO: Run ShowPageTrace Behavior [ RunTime:0.001460s ]
INFO: [ view_end ] --END-- [ RunTime:0.001561s ]

[ 2013-01-28T14:03:11+08:00 ] 127.0.0.1 /sp/index.php/Index/tag
INFO: [ route_check ] --START--
INFO: Run CheckRoute Behavior [ RunTime:0.001073s ]
INFO: [ route_check ] --END-- [ RunTime:0.001212s ]
INFO: [ app_begin ] --START--
INFO: Run ReadHtmlCache Behavior [ RunTime:0.000666s ]
INFO: [ app_begin ] --END-- [ RunTime:0.000771s ]
INFO: [ view_template ] --START--
INFO: Run LocationTemplate Behavior [ RunTime:0.000389s ]
INFO: [ view_template ] --END-- [ RunTime:0.000476s ]
INFO: [ view_parse ] --START--
INFO: Run ParseTemplate Behavior [ RunTime:0.011911s ]
INFO: [ view_parse ] --END-- [ RunTime:0.012023s ]
INFO: [ view_filter ] --START--
INFO: Run ContentReplace Behavior [ RunTime:0.000414s ]
INFO: Run TokenBuild Behavior [ RunTime:0.000447s ]
INFO: Run WriteHtmlCache Behavior [ RunTime:0.000268s ]
INFO: Run ShowRuntime Behavior [ RunTime:0.000514s ]
INFO: [ view_filter ] --END-- [ RunTime:0.001858s ]
INFO: [ view_end ] --START--
INFO: Run ShowPageTrace Behavior [ RunTime:0.000767s ]
INFO: [ view_end ] --END-- [ RunTime:0.000859s ]

[ 2013-01-28T14:03:20+08:00 ] 127.0.0.1 /sp/index.php/Index/tag
INFO: [ route_check ] --START--
INFO: Run CheckRoute Behavior [ RunTime:0.001001s ]
INFO: [ route_check ] --END-- [ RunTime:0.001126s ]
INFO: [ app_begin ] --START--
INFO: Run ReadHtmlCache Behavior [ RunTime:0.000724s ]
INFO: [ app_begin ] --END-- [ RunTime:0.000866s ]
INFO: [ view_template ] --START--
INFO: Run LocationTemplate Behavior [ RunTime:0.000394s ]
INFO: [ view_template ] --END-- [ RunTime:0.000483s ]
INFO: [ view_parse ] --START--
INFO: Run ParseTemplate Behavior [ RunTime:0.011525s ]
INFO: [ view_parse ] --END-- [ RunTime:0.011633s ]
INFO: [ view_filter ] --START--
INFO: Run ContentReplace Behavior [ RunTime:0.000432s ]
INFO: Run TokenBuild Behavior [ RunTime:0.000536s ]
INFO: Run WriteHtmlCache Behavior [ RunTime:0.000433s ]
INFO: Run ShowRuntime Behavior [ RunTime:0.000547s ]
INFO: [ view_filter ] --END-- [ RunTime:0.002213s ]
INFO: [ view_end ] --START--
INFO: Run ShowPageTrace Behavior [ RunTime:0.000652s ]
INFO: [ view_end ] --END-- [ RunTime:0.000730s ]

[ 2013-01-28T14:03:20+08:00 ] 127.0.0.1 /sp/index.php/Index/tag
INFO: [ route_check ] --START--
INFO: Run CheckRoute Behavior [ RunTime:0.000930s ]
INFO: [ route_check ] --END-- [ RunTime:0.001040s ]
INFO: [ app_begin ] --START--
INFO: Run ReadHtmlCache Behavior [ RunTime:0.000632s ]
INFO: [ app_begin ] --END-- [ RunTime:0.000719s ]
INFO: [ view_template ] --START--
INFO: Run LocationTemplate Behavior [ RunTime:0.000382s ]
INFO: [ view_template ] --END-- [ RunTime:0.000469s ]
INFO: [ view_parse ] --START--
INFO: Run ParseTemplate Behavior [ RunTime:0.013141s ]
INFO: [ view_parse ] --END-- [ RunTime:0.013293s ]
INFO: [ view_filter ] --START--
INFO: Run ContentReplace Behavior [ RunTime:0.000643s ]
INFO: Run TokenBuild Behavior [ RunTime:0.000700s ]
INFO: Run WriteHtmlCache Behavior [ RunTime:0.000700s ]
INFO: Run ShowRuntime Behavior [ RunTime:0.000727s ]
INFO: [ view_filter ] --END-- [ RunTime:0.003183s ]
INFO: [ view_end ] --START--
INFO: Run ShowPageTrace Behavior [ RunTime:0.000909s ]
INFO: [ view_end ] --END-- [ RunTime:0.001800s ]

[ 2013-01-28T14:03:20+08:00 ] 127.0.0.1 /sp/index.php/Index/tag
INFO: [ route_check ] --START--
INFO: Run CheckRoute Behavior [ RunTime:0.009236s ]
INFO: [ route_check ] --END-- [ RunTime:0.009411s ]
INFO: [ app_begin ] --START--
INFO: Run ReadHtmlCache Behavior [ RunTime:0.000657s ]
INFO: [ app_begin ] --END-- [ RunTime:0.000767s ]
INFO: [ view_template ] --START--
INFO: Run LocationTemplate Behavior [ RunTime:0.000434s ]
INFO: [ view_template ] --END-- [ RunTime:0.000533s ]
INFO: [ view_parse ] --START--
INFO: Run ParseTemplate Behavior [ RunTime:0.014686s ]
INFO: [ view_parse ] --END-- [ RunTime:0.014800s ]
INFO: [ view_filter ] --START--
INFO: Run ContentReplace Behavior [ RunTime:0.000435s ]
INFO: Run TokenBuild Behavior [ RunTime:0.001281s ]
INFO: Run WriteHtmlCache Behavior [ RunTime:0.000394s ]
INFO: Run ShowRuntime Behavior [ RunTime:0.000522s ]
INFO: [ view_filter ] --END-- [ RunTime:0.002879s ]
INFO: [ view_end ] --START--
INFO: Run ShowPageTrace Behavior [ RunTime:0.000660s ]
INFO: [ view_end ] --END-- [ RunTime:0.000739s ]

[ 2013-01-28T14:03:31+08:00 ] 127.0.0.1 /sp/index.php/Index/tag
INFO: [ route_check ] --START--
INFO: Run CheckRoute Behavior [ RunTime:0.001010s ]
INFO: [ route_check ] --END-- [ RunTime:0.001133s ]
INFO: [ app_begin ] --START--
INFO: Run ReadHtmlCache Behavior [ RunTime:0.000703s ]
INFO: [ app_begin ] --END-- [ RunTime:0.000814s ]
INFO: [ view_template ] --START--
INFO: Run LocationTemplate Behavior [ RunTime:0.001313s ]
INFO: [ view_template ] --END-- [ RunTime:0.001449s ]
INFO: [ view_parse ] --START--
INFO: Run ParseTemplate Behavior [ RunTime:0.012155s ]
INFO: [ view_parse ] --END-- [ RunTime:0.012270s ]
INFO: [ view_filter ] --START--
INFO: Run ContentReplace Behavior [ RunTime:0.000441s ]
INFO: Run TokenBuild Behavior [ RunTime:0.000476s ]
INFO: Run WriteHtmlCache Behavior [ RunTime:0.000286s ]
INFO: Run ShowRuntime Behavior [ RunTime:0.000522s ]
INFO: [ view_filter ] --END-- [ RunTime:0.001944s ]
INFO: [ view_end ] --START--
INFO: Run ShowPageTrace Behavior [ RunTime:0.000669s ]
INFO: [ view_end ] --END-- [ RunTime:0.000749s ]

[ 2013-01-28T14:03:54+08:00 ] 127.0.0.1 /sp/index.php/Index/tag
INFO: [ route_check ] --START--
INFO: Run CheckRoute Behavior [ RunTime:0.000939s ]
INFO: [ route_check ] --END-- [ RunTime:0.001051s ]
INFO: [ app_begin ] --START--
INFO: Run ReadHtmlCache Behavior [ RunTime:0.000630s ]
INFO: [ app_begin ] --END-- [ RunTime:0.000718s ]
INFO: [ view_template ] --START--
INFO: Run LocationTemplate Behavior [ RunTime:0.000388s ]
INFO: [ view_template ] --END-- [ RunTime:0.000474s ]
INFO: [ view_parse ] --START--
INFO: Run ParseTemplate Behavior [ RunTime:0.011773s ]
INFO: [ view_parse ] --END-- [ RunTime:0.011882s ]
INFO: [ view_filter ] --START--
INFO: Run ContentReplace Behavior [ RunTime:0.001379s ]
INFO: Run TokenBuild Behavior [ RunTime:0.000609s ]
INFO: Run WriteHtmlCache Behavior [ RunTime:0.000635s ]
INFO: Run ShowRuntime Behavior [ RunTime:0.000579s ]
INFO: [ view_filter ] --END-- [ RunTime:0.003502s ]
INFO: [ view_end ] --START--
INFO: Run ShowPageTrace Behavior [ RunTime:0.000722s ]
INFO: [ view_end ] --END-- [ RunTime:0.000809s ]

[ 2013-01-28T14:03:55+08:00 ] 127.0.0.1 /sp/index.php/Index/tag
INFO: [ route_check ] --START--
INFO: Run CheckRoute Behavior [ RunTime:0.001403s ]
INFO: [ route_check ] --END-- [ RunTime:0.001813s ]
INFO: [ app_begin ] --START--
INFO: Run ReadHtmlCache Behavior [ RunTime:0.000637s ]
INFO: [ app_begin ] --END-- [ RunTime:0.000729s ]
INFO: [ view_template ] --START--
INFO: Run LocationTemplate Behavior [ RunTime:0.000411s ]
INFO: [ view_template ] --END-- [ RunTime:0.000502s ]
INFO: [ view_parse ] --START--
INFO: Run ParseTemplate Behavior [ RunTime:0.013004s ]
INFO: [ view_parse ] --END-- [ RunTime:0.013114s ]
INFO: [ view_filter ] --START--
INFO: Run ContentReplace Behavior [ RunTime:0.000429s ]
INFO: Run TokenBuild Behavior [ RunTime:0.000465s ]
INFO: Run WriteHtmlCache Behavior [ RunTime:0.000282s ]
INFO: Run ShowRuntime Behavior [ RunTime:0.000527s ]
INFO: [ view_filter ] --END-- [ RunTime:0.001928s ]
INFO: [ view_end ] --START--
INFO: Run ShowPageTrace Behavior [ RunTime:0.001489s ]
INFO: [ view_end ] --END-- [ RunTime:0.002494s ]

[ 2013-01-28T14:03:55+08:00 ] 127.0.0.1 /sp/index.php/Index/tag
INFO: [ route_check ] --START--
INFO: Run CheckRoute Behavior [ RunTime:0.000988s ]
INFO: [ route_check ] --END-- [ RunTime:0.001104s ]
INFO: [ app_begin ] --START--
INFO: Run ReadHtmlCache Behavior [ RunTime:0.000775s ]
INFO: [ app_begin ] --END-- [ RunTime:0.000897s ]
INFO: [ view_template ] --START--
INFO: Run LocationTemplate Behavior [ RunTime:0.000419s ]
INFO: [ view_template ] --END-- [ RunTime:0.000511s ]
INFO: [ view_parse ] --START--
INFO: Run ParseTemplate Behavior [ RunTime:0.014814s ]
INFO: [ view_parse ] --END-- [ RunTime:0.014929s ]
INFO: [ view_filter ] --START--
INFO: Run ContentReplace Behavior [ RunTime:0.000450s ]
INFO: Run TokenBuild Behavior [ RunTime:0.000450s ]
INFO: Run WriteHtmlCache Behavior [ RunTime:0.000453s ]
INFO: Run ShowRuntime Behavior [ RunTime:0.000530s ]
INFO: [ view_filter ] --END-- [ RunTime:0.002109s ]
INFO: [ view_end ] --START--
INFO: Run ShowPageTrace Behavior [ RunTime:0.000658s ]
INFO: [ view_end ] --END-- [ RunTime:0.000737s ]

[ 2013-01-28T14:03:58+08:00 ] 127.0.0.1 /sp/index.php/Index/tag
INFO: [ route_check ] --START--
INFO: Run CheckRoute Behavior [ RunTime:0.000939s ]
INFO: [ route_check ] --END-- [ RunTime:0.001049s ]
INFO: [ app_begin ] --START--
INFO: Run ReadHtmlCache Behavior [ RunTime:0.000646s ]
INFO: [ app_begin ] --END-- [ RunTime:0.000735s ]
INFO: [ view_template ] --START--
INFO: Run LocationTemplate Behavior [ RunTime:0.000536s ]
INFO: [ view_template ] --END-- [ RunTime:0.000651s ]
INFO: [ view_parse ] --START--
INFO: Run ParseTemplate Behavior [ RunTime:0.013376s ]
INFO: [ view_parse ] --END-- [ RunTime:0.013493s ]
INFO: [ view_filter ] --START--
INFO: Run ContentReplace Behavior [ RunTime:0.000430s ]
INFO: Run TokenBuild Behavior [ RunTime:0.000453s ]
INFO: Run WriteHtmlCache Behavior [ RunTime:0.000274s ]
INFO: Run ShowRuntime Behavior [ RunTime:0.000519s ]
INFO: [ view_filter ] --END-- [ RunTime:0.001891s ]
INFO: [ view_end ] --START--
INFO: Run ShowPageTrace Behavior [ RunTime:0.000651s ]
INFO: [ view_end ] --END-- [ RunTime:0.000730s ]

[ 2013-01-28T14:03:59+08:00 ] 127.0.0.1 /sp/index.php/Index/tag
INFO: [ route_check ] --START--
INFO: Run CheckRoute Behavior [ RunTime:0.001090s ]
INFO: [ route_check ] --END-- [ RunTime:0.001246s ]
INFO: [ app_begin ] --START--
INFO: Run ReadHtmlCache Behavior [ RunTime:0.000721s ]
INFO: [ app_begin ] --END-- [ RunTime:0.001239s ]
INFO: [ view_template ] --START--
INFO: Run LocationTemplate Behavior [ RunTime:0.000422s ]
INFO: [ view_template ] --END-- [ RunTime:0.000518s ]
INFO: [ view_parse ] --START--
INFO: Run ParseTemplate Behavior [ RunTime:0.013303s ]
INFO: [ view_parse ] --END-- [ RunTime:0.013426s ]
INFO: [ view_filter ] --START--
INFO: Run ContentReplace Behavior [ RunTime:0.002399s ]
INFO: Run TokenBuild Behavior [ RunTime:0.000505s ]
INFO: Run WriteHtmlCache Behavior [ RunTime:0.000408s ]
INFO: Run ShowRuntime Behavior [ RunTime:0.000532s ]
INFO: [ view_filter ] --END-- [ RunTime:0.004096s ]
INFO: [ view_end ] --START--
INFO: Run ShowPageTrace Behavior [ RunTime:0.000705s ]
INFO: [ view_end ] --END-- [ RunTime:0.000786s ]

[ 2013-01-28T14:03:59+08:00 ] 127.0.0.1 /sp/index.php/Index/tag
INFO: [ route_check ] --START--
INFO: Run CheckRoute Behavior [ RunTime:0.000934s ]
INFO: [ route_check ] --END-- [ RunTime:0.001044s ]
INFO: [ app_begin ] --START--
INFO: Run ReadHtmlCache Behavior [ RunTime:0.000621s ]
INFO: [ app_begin ] --END-- [ RunTime:0.000708s ]
INFO: [ view_template ] --START--
INFO: Run LocationTemplate Behavior [ RunTime:0.000395s ]
INFO: [ view_template ] --END-- [ RunTime:0.000482s ]
INFO: [ view_parse ] --START--
INFO: Run ParseTemplate Behavior [ RunTime:0.011801s ]
INFO: [ view_parse ] --END-- [ RunTime:0.011910s ]
INFO: [ view_filter ] --START--
INFO: Run ContentReplace Behavior [ RunTime:0.000411s ]
INFO: Run TokenBuild Behavior [ RunTime:0.000456s ]
INFO: Run WriteHtmlCache Behavior [ RunTime:0.000266s ]
INFO: Run ShowRuntime Behavior [ RunTime:0.000516s ]
INFO: [ view_filter ] --END-- [ RunTime:0.001864s ]
INFO: [ view_end ] --START--
INFO: Run ShowPageTrace Behavior [ RunTime:0.000641s ]
INFO: [ view_end ] --END-- [ RunTime:0.000719s ]

[ 2013-01-28T14:04:00+08:00 ] 127.0.0.1 /sp/index.php/Index/tag
INFO: [ route_check ] --START--
INFO: Run CheckRoute Behavior [ RunTime:0.000972s ]
INFO: [ route_check ] --END-- [ RunTime:0.001085s ]
INFO: [ app_begin ] --START--
INFO: Run ReadHtmlCache Behavior [ RunTime:0.000653s ]
INFO: [ app_begin ] --END-- [ RunTime:0.000748s ]
INFO: [ view_template ] --START--
INFO: Run LocationTemplate Behavior [ RunTime:0.000428s ]
INFO: [ view_template ] --END-- [ RunTime:0.000520s ]
INFO: [ view_parse ] --START--
INFO: Run ParseTemplate Behavior [ RunTime:0.014435s ]
INFO: [ view_parse ] --END-- [ RunTime:0.014550s ]
INFO: [ view_filter ] --START--
INFO: Run ContentReplace Behavior [ RunTime:0.000437s ]
INFO: Run TokenBuild Behavior [ RunTime:0.000469s ]
INFO: Run WriteHtmlCache Behavior [ RunTime:0.000372s ]
INFO: Run ShowRuntime Behavior [ RunTime:0.000525s ]
INFO: [ view_filter ] --END-- [ RunTime:0.002029s ]
INFO: [ view_end ] --START--
INFO: Run ShowPageTrace Behavior [ RunTime:0.000664s ]
INFO: [ view_end ] --END-- [ RunTime:0.000743s ]

[ 2013-01-28T14:04:00+08:00 ] 127.0.0.1 /sp/index.php/Index/tag
INFO: [ route_check ] --START--
INFO: Run CheckRoute Behavior [ RunTime:0.000949s ]
INFO: [ route_check ] --END-- [ RunTime:0.001064s ]
INFO: [ app_begin ] --START--
INFO: Run ReadHtmlCache Behavior [ RunTime:0.000617s ]
INFO: [ app_begin ] --END-- [ RunTime:0.000702s ]
INFO: [ view_template ] --START--
INFO: Run LocationTemplate Behavior [ RunTime:0.000386s ]
INFO: [ view_template ] --END-- [ RunTime:0.000473s ]
INFO: [ view_parse ] --START--
INFO: Run ParseTemplate Behavior [ RunTime:0.011735s ]
INFO: [ view_parse ] --END-- [ RunTime:0.011843s ]
INFO: [ view_filter ] --START--
INFO: Run ContentReplace Behavior [ RunTime:0.000417s ]
INFO: Run TokenBuild Behavior [ RunTime:0.000459s ]
INFO: Run WriteHtmlCache Behavior [ RunTime:0.000308s ]
INFO: Run ShowRuntime Behavior [ RunTime:0.000520s ]
INFO: [ view_filter ] --END-- [ RunTime:0.001927s ]
INFO: [ view_end ] --START--
INFO: Run ShowPageTrace Behavior [ RunTime:0.000650s ]
INFO: [ view_end ] --END-- [ RunTime:0.000728s ]

[ 2013-01-28T14:04:02+08:00 ] 127.0.0.1 /sp/index.php/Index/tag
INFO: [ route_check ] --START--
INFO: Run CheckRoute Behavior [ RunTime:0.000960s ]
INFO: [ route_check ] --END-- [ RunTime:0.001073s ]
INFO: [ app_begin ] --START--
INFO: Run ReadHtmlCache Behavior [ RunTime:0.000658s ]
INFO: [ app_begin ] --END-- [ RunTime:0.000755s ]
INFO: [ view_template ] --START--
INFO: Run LocationTemplate Behavior [ RunTime:0.000520s ]
INFO: [ view_template ] --END-- [ RunTime:0.000628s ]
INFO: [ view_parse ] --START--
INFO: Run ParseTemplate Behavior [ RunTime:0.045249s ]
INFO: [ view_parse ] --END-- [ RunTime:0.045372s ]
INFO: [ view_filter ] --START--
INFO: Run ContentReplace Behavior [ RunTime:0.000469s ]
INFO: Run TokenBuild Behavior [ RunTime:0.000520s ]
INFO: Run WriteHtmlCache Behavior [ RunTime:0.000309s ]
INFO: Run ShowRuntime Behavior [ RunTime:0.000568s ]
INFO: [ view_filter ] --END-- [ RunTime:0.002112s ]
INFO: [ view_end ] --START--
INFO: Run ShowPageTrace Behavior [ RunTime:0.000667s ]
INFO: [ view_end ] --END-- [ RunTime:0.000746s ]

[ 2013-01-28T14:04:39+08:00 ] 127.0.0.1 /sp/index.php/Index/tag
INFO: [ route_check ] --START--
INFO: Run CheckRoute Behavior [ RunTime:0.001260s ]
INFO: [ route_check ] --END-- [ RunTime:0.001447s ]
INFO: [ app_begin ] --START--
INFO: Run ReadHtmlCache Behavior [ RunTime:0.000855s ]
INFO: [ app_begin ] --END-- [ RunTime:0.001034s ]
INFO: [ view_template ] --START--
INFO: Run LocationTemplate Behavior [ RunTime:0.000564s ]
INFO: [ view_template ] --END-- [ RunTime:0.000683s ]
INFO: [ view_parse ] --START--
INFO: Run ParseTemplate Behavior [ RunTime:0.013183s ]
INFO: [ view_parse ] --END-- [ RunTime:0.013296s ]
INFO: [ view_filter ] --START--
INFO: Run ContentReplace Behavior [ RunTime:0.000686s ]
INFO: Run TokenBuild Behavior [ RunTime:0.000473s ]
INFO: Run WriteHtmlCache Behavior [ RunTime:0.000375s ]
INFO: Run ShowRuntime Behavior [ RunTime:0.000536s ]
INFO: [ view_filter ] --END-- [ RunTime:0.002328s ]
INFO: [ view_end ] --START--
INFO: Run ShowPageTrace Behavior [ RunTime:0.000745s ]
INFO: [ view_end ] --END-- [ RunTime:0.000829s ]

[ 2013-01-28T14:10:40+08:00 ] 127.0.0.1 /sp/index.php/Index/show
INFO: [ route_check ] --START--
INFO: Run CheckRoute Behavior [ RunTime:0.001457s ]
INFO: [ route_check ] --END-- [ RunTime:0.001650s ]
INFO: [ app_begin ] --START--
INFO: Run ReadHtmlCache Behavior [ RunTime:0.001173s ]
INFO: [ app_begin ] --END-- [ RunTime:0.001274s ]
INFO: [ view_template ] --START--
INFO: Run LocationTemplate Behavior [ RunTime:0.001805s ]
INFO: [ view_template ] --END-- [ RunTime:0.001917s ]
INFO: [ view_parse ] --START--
INFO: Run ParseTemplate Behavior [ RunTime:0.033198s ]
INFO: [ view_parse ] --END-- [ RunTime:0.033313s ]
INFO: [ view_filter ] --START--
INFO: Run ContentReplace Behavior [ RunTime:0.000959s ]
INFO: Run TokenBuild Behavior [ RunTime:0.000979s ]
INFO: Run WriteHtmlCache Behavior [ RunTime:0.000795s ]
INFO: Run ShowRuntime Behavior [ RunTime:0.001191s ]
INFO: [ view_filter ] --END-- [ RunTime:0.004179s ]
INFO: [ view_end ] --START--
INFO: Run ShowPageTrace Behavior [ RunTime:0.001259s ]
INFO: [ view_end ] --END-- [ RunTime:0.001343s ]

[ 2013-01-28T14:10:45+08:00 ] 127.0.0.1 /sp/index.php/Index/show
INFO: [ route_check ] --START--
INFO: Run CheckRoute Behavior [ RunTime:0.001551s ]
INFO: [ route_check ] --END-- [ RunTime:0.001670s ]
INFO: [ app_begin ] --START--
INFO: Run ReadHtmlCache Behavior [ RunTime:0.001307s ]
INFO: [ app_begin ] --END-- [ RunTime:0.001423s ]
INFO: [ view_template ] --START--
INFO: Run LocationTemplate Behavior [ RunTime:0.001761s ]
INFO: [ view_template ] --END-- [ RunTime:0.001891s ]
INFO: [ view_parse ] --START--
INFO: Run ParseTemplate Behavior [ RunTime:0.013991s ]
INFO: [ view_parse ] --END-- [ RunTime:0.014103s ]
INFO: [ view_filter ] --START--
INFO: Run ContentReplace Behavior [ RunTime:0.000962s ]
INFO: Run TokenBuild Behavior [ RunTime:0.000999s ]
INFO: Run WriteHtmlCache Behavior [ RunTime:0.000797s ]
INFO: Run ShowRuntime Behavior [ RunTime:0.001040s ]
INFO: [ view_filter ] --END-- [ RunTime:0.004020s ]
INFO: [ view_end ] --START--
INFO: Run ShowPageTrace Behavior [ RunTime:0.001176s ]
INFO: [ view_end ] --END-- [ RunTime:0.001256s ]

[ 2013-01-28T14:10:48+08:00 ] 127.0.0.1 /sp/index.php/Index/show
INFO: [ route_check ] --START--
INFO: Run CheckRoute Behavior [ RunTime:0.000946s ]
INFO: [ route_check ] --END-- [ RunTime:0.001057s ]
INFO: [ app_begin ] --START--
INFO: Run ReadHtmlCache Behavior [ RunTime:0.000622s ]
INFO: [ app_begin ] --END-- [ RunTime:0.000710s ]
INFO: [ view_template ] --START--
INFO: Run LocationTemplate Behavior [ RunTime:0.000398s ]
INFO: [ view_template ] --END-- [ RunTime:0.000488s ]
INFO: [ view_parse ] --START--
INFO: Run ParseTemplate Behavior [ RunTime:0.012168s ]
INFO: [ view_parse ] --END-- [ RunTime:0.012308s ]
INFO: [ view_filter ] --START--
INFO: Run ContentReplace Behavior [ RunTime:0.000469s ]
INFO: Run TokenBuild Behavior [ RunTime:0.000444s ]
INFO: Run WriteHtmlCache Behavior [ RunTime:0.000269s ]
INFO: Run ShowRuntime Behavior [ RunTime:0.000518s ]
INFO: [ view_filter ] --END-- [ RunTime:0.001934s ]
INFO: [ view_end ] --START--
INFO: Run ShowPageTrace Behavior [ RunTime:0.000646s ]
INFO: [ view_end ] --END-- [ RunTime:0.000723s ]

[ 2013-01-28T14:10:49+08:00 ] 127.0.0.1 /sp/index.php/Index/show
INFO: [ route_check ] --START--
INFO: Run CheckRoute Behavior [ RunTime:0.000944s ]
INFO: [ route_check ] --END-- [ RunTime:0.001056s ]
INFO: [ app_begin ] --START--
INFO: Run ReadHtmlCache Behavior [ RunTime:0.000623s ]
INFO: [ app_begin ] --END-- [ RunTime:0.000712s ]
INFO: [ view_template ] --START--
INFO: Run LocationTemplate Behavior [ RunTime:0.000401s ]
INFO: [ view_template ] --END-- [ RunTime:0.000489s ]
INFO: [ view_parse ] --START--
INFO: Run ParseTemplate Behavior [ RunTime:0.011608s ]
INFO: [ view_parse ] --END-- [ RunTime:0.011722s ]
INFO: [ view_filter ] --START--
INFO: Run ContentReplace Behavior [ RunTime:0.000414s ]
INFO: Run TokenBuild Behavior [ RunTime:0.000455s ]
INFO: Run WriteHtmlCache Behavior [ RunTime:0.000269s ]
INFO: Run ShowRuntime Behavior [ RunTime:0.000527s ]
INFO: [ view_filter ] --END-- [ RunTime:0.001877s ]
INFO: [ view_end ] --START--
INFO: Run ShowPageTrace Behavior [ RunTime:0.000660s ]
INFO: [ view_end ] --END-- [ RunTime:0.000739s ]

