[ 2013-05-08T20:10:06+08:00 ] 127.0.0.1 /sp/index.php?g=Admin&m=User&a=login
INFO: [ app_begin ] --START--
INFO: Run ReadHtmlCache Behavior [ RunTime:0.001000s ]
INFO: [ app_begin ] --END-- [ RunTime:0.001131s ]
NOTIC: [2] in_array() expects parameter 2 to be array, null given D:\AppServ\www\SP\Lib\Action\AdminCommonAction.class.php 第 10 行.
NOTIC: [8] Undefined index: url_rewrite D:\AppServ\www\SP\Lib\Action\AdminCommonAction.class.php 第 14 行.
SQL: SHOW COLUMNS FROM `sp_user_verified` [ RunTime:2.732273s ]
SQL: SELECT `uid`,`uname`,`status` FROM `sp_user_verified` WHERE ( uid='' ) LIMIT 1   [ RunTime:0.291588s ]
NOTIC: [2] is_array() expects exactly 1 parameter, 2 given D:\AppServ\www\SP\Lib\Action\AdminCommonAction.class.php 第 61 行.
NOTIC: [8] A session had already been started - ignoring session_start() D:\AppServ\www\SP\Lib\Action\Admin\UserAction.class.php 第 8 行.
NOTIC: [8] Undefined index: UserName D:\AppServ\www\SP\Lib\Action\Admin\UserAction.class.php 第 19 行.
NOTIC: [8] Undefined index: Password D:\AppServ\www\SP\Lib\Action\Admin\UserAction.class.php 第 20 行.
INFO: [ view_template ] --START--
INFO: Run LocationTemplate Behavior [ RunTime:0.001913s ]
INFO: [ view_template ] --END-- [ RunTime:0.002026s ]
INFO: [ view_parse ] --START--
NOTIC: [8] Undefined variable: error D:\AppServ\www\SP\Runtime\Cache\Admin\17ee208018732b832d411ca700006883.php 第 179 行.
INFO: Run ParseTemplate Behavior [ RunTime:0.384888s ]
INFO: [ view_parse ] --END-- [ RunTime:0.385005s ]
INFO: [ view_filter ] --START--
INFO: Run ContentReplace Behavior [ RunTime:0.001075s ]
INFO: Run TokenBuild Behavior [ RunTime:0.001051s ]
INFO: Run WriteHtmlCache Behavior [ RunTime:0.000818s ]
INFO: Run ShowRuntime Behavior [ RunTime:0.000934s ]
INFO: [ view_filter ] --END-- [ RunTime:0.004175s ]
INFO: [ view_end ] --START--
INFO: Run ShowPageTrace Behavior [ RunTime:0.001729s ]
INFO: [ view_end ] --END-- [ RunTime:0.001872s ]

[ 2013-05-08T20:10:24+08:00 ] 127.0.0.1 /sp/index.php?g=Admin&m=Index&a=index
INFO: [ app_begin ] --START--
INFO: Run ReadHtmlCache Behavior [ RunTime:0.000712s ]
INFO: [ app_begin ] --END-- [ RunTime:0.000823s ]
NOTIC: [2] in_array() expects parameter 2 to be array, null given D:\AppServ\www\SP\Lib\Action\AdminCommonAction.class.php 第 10 行.
NOTIC: [8] Undefined index: url_rewrite D:\AppServ\www\SP\Lib\Action\AdminCommonAction.class.php 第 14 行.
SQL: SHOW COLUMNS FROM `sp_user_verified` [ RunTime:0.016863s ]
SQL: SELECT `uid`,`uname`,`status` FROM `sp_user_verified` WHERE ( uid='' ) LIMIT 1   [ RunTime:0.000919s ]
NOTIC: [2] is_array() expects exactly 1 parameter, 2 given D:\AppServ\www\SP\Lib\Action\AdminCommonAction.class.php 第 61 行.
INFO: [ view_template ] --START--
INFO: Run LocationTemplate Behavior [ RunTime:0.001426s ]
INFO: [ view_template ] --END-- [ RunTime:0.001524s ]
INFO: [ view_parse ] --START--
INFO: Run ParseTemplate Behavior [ RunTime:0.090023s ]
INFO: [ view_parse ] --END-- [ RunTime:0.090248s ]
INFO: [ view_filter ] --START--
INFO: Run ContentReplace Behavior [ RunTime:0.000865s ]
INFO: Run TokenBuild Behavior [ RunTime:0.000692s ]
INFO: Run WriteHtmlCache Behavior [ RunTime:0.002020s ]
INFO: Run ShowRuntime Behavior [ RunTime:0.000868s ]
INFO: [ view_filter ] --END-- [ RunTime:0.004714s ]
INFO: [ view_end ] --START--
INFO: Run ShowPageTrace Behavior [ RunTime:0.001010s ]
INFO: [ view_end ] --END-- [ RunTime:0.001104s ]

[ 2013-05-08T20:10:26+08:00 ] 127.0.0.1 /sp/index.php?g=Admin&m=Index&a=admin_top
INFO: [ app_begin ] --START--
INFO: Run ReadHtmlCache Behavior [ RunTime:0.000650s ]
INFO: [ app_begin ] --END-- [ RunTime:0.000750s ]
NOTIC: [2] in_array() expects parameter 2 to be array, null given D:\AppServ\www\SP\Lib\Action\AdminCommonAction.class.php 第 10 行.
NOTIC: [8] Undefined index: url_rewrite D:\AppServ\www\SP\Lib\Action\AdminCommonAction.class.php 第 14 行.
SQL: SHOW COLUMNS FROM `sp_user_verified` [ RunTime:0.013631s ]
SQL: SELECT `uid`,`uname`,`status` FROM `sp_user_verified` WHERE ( uid='' ) LIMIT 1   [ RunTime:0.000596s ]
NOTIC: [2] is_array() expects exactly 1 parameter, 2 given D:\AppServ\www\SP\Lib\Action\AdminCommonAction.class.php 第 61 行.
INFO: [ view_template ] --START--
INFO: Run LocationTemplate Behavior [ RunTime:0.000882s ]
INFO: [ view_template ] --END-- [ RunTime:0.000964s ]
INFO: [ view_parse ] --START--
NOTIC: [8] Undefined variable: title D:\AppServ\www\SP\Runtime\Cache\Admin\97613306cc1d2b054578cdb67f172667.php 第 3 行.
INFO: Run ParseTemplate Behavior [ RunTime:0.319715s ]
INFO: [ view_parse ] --END-- [ RunTime:0.319806s ]
INFO: [ view_filter ] --START--
INFO: Run ContentReplace Behavior [ RunTime:0.000505s ]
INFO: Run TokenBuild Behavior [ RunTime:0.000684s ]
INFO: Run WriteHtmlCache Behavior [ RunTime:0.000347s ]
INFO: Run ShowRuntime Behavior [ RunTime:0.000561s ]
INFO: [ view_filter ] --END-- [ RunTime:0.002311s ]
INFO: [ view_end ] --START--
INFO: Run ShowPageTrace Behavior [ RunTime:0.001329s ]
INFO: [ view_end ] --END-- [ RunTime:0.001413s ]

[ 2013-05-08T20:10:28+08:00 ] 127.0.0.1 /sp/index.php?g=Admin&m=Index&a=left
INFO: [ app_begin ] --START--
INFO: Run ReadHtmlCache Behavior [ RunTime:0.001122s ]
INFO: [ app_begin ] --END-- [ RunTime:0.001243s ]
NOTIC: [2] in_array() expects parameter 2 to be array, null given D:\AppServ\www\SP\Lib\Action\AdminCommonAction.class.php 第 10 行.
NOTIC: [8] Undefined index: url_rewrite D:\AppServ\www\SP\Lib\Action\AdminCommonAction.class.php 第 14 行.
SQL: SHOW COLUMNS FROM `sp_user_verified` [ RunTime:0.020756s ]
SQL: SELECT `uid`,`uname`,`status` FROM `sp_user_verified` WHERE ( uid='' ) LIMIT 1   [ RunTime:0.000496s ]
NOTIC: [2] is_array() expects exactly 1 parameter, 2 given D:\AppServ\www\SP\Lib\Action\AdminCommonAction.class.php 第 61 行.
INFO: [ view_template ] --START--
INFO: Run LocationTemplate Behavior [ RunTime:0.001297s ]
INFO: [ view_template ] --END-- [ RunTime:0.001381s ]
INFO: [ view_parse ] --START--
INFO: Run ParseTemplate Behavior [ RunTime:0.164590s ]
INFO: [ view_parse ] --END-- [ RunTime:0.164775s ]
INFO: [ view_filter ] --START--
INFO: Run ContentReplace Behavior [ RunTime:0.000940s ]
INFO: Run TokenBuild Behavior [ RunTime:0.000864s ]
INFO: Run WriteHtmlCache Behavior [ RunTime:0.000753s ]
INFO: Run ShowRuntime Behavior [ RunTime:0.001092s ]
INFO: [ view_filter ] --END-- [ RunTime:0.004038s ]
INFO: [ view_end ] --START--
INFO: Run ShowPageTrace Behavior [ RunTime:0.000894s ]
INFO: [ view_end ] --END-- [ RunTime:0.001044s ]

[ 2013-05-08T20:10:29+08:00 ] 127.0.0.1 /sp/index.php?g=Admin&m=Index&a=right
INFO: [ app_begin ] --START--
INFO: Run ReadHtmlCache Behavior [ RunTime:0.001114s ]
INFO: [ app_begin ] --END-- [ RunTime:0.001220s ]
NOTIC: [2] in_array() expects parameter 2 to be array, null given D:\AppServ\www\SP\Lib\Action\AdminCommonAction.class.php 第 10 行.
NOTIC: [8] Undefined index: url_rewrite D:\AppServ\www\SP\Lib\Action\AdminCommonAction.class.php 第 14 行.
SQL: SHOW COLUMNS FROM `sp_user_verified` [ RunTime:0.018518s ]
SQL: SELECT `uid`,`uname`,`status` FROM `sp_user_verified` WHERE ( uid='' ) LIMIT 1   [ RunTime:0.000470s ]
NOTIC: [2] is_array() expects exactly 1 parameter, 2 given D:\AppServ\www\SP\Lib\Action\AdminCommonAction.class.php 第 61 行.
INFO: [ view_template ] --START--
INFO: Run LocationTemplate Behavior [ RunTime:0.001295s ]
INFO: [ view_template ] --END-- [ RunTime:0.001382s ]
INFO: [ view_parse ] --START--
INFO: Run ParseTemplate Behavior [ RunTime:0.176775s ]
INFO: [ view_parse ] --END-- [ RunTime:0.176982s ]
INFO: [ view_filter ] --START--
INFO: Run ContentReplace Behavior [ RunTime:0.000890s ]
INFO: Run TokenBuild Behavior [ RunTime:0.000897s ]
INFO: Run WriteHtmlCache Behavior [ RunTime:0.000486s ]
INFO: Run ShowRuntime Behavior [ RunTime:0.000840s ]
INFO: [ view_filter ] --END-- [ RunTime:0.003340s ]
INFO: [ view_end ] --START--
INFO: Run ShowPageTrace Behavior [ RunTime:0.000844s ]
INFO: [ view_end ] --END-- [ RunTime:0.000914s ]

